info: Server started at http://localhost:3000/api/v1/ {"timestamp":"2024-01-26T04:31:09.698Z"}
info: Connected to the database. {"timestamp":"2024-01-26T04:31:09.717Z"}
info: Server started at http://localhost:3000/api/v1/ {"timestamp":"2024-01-26T09:46:44.132Z"}
info: Connected to the database. {"timestamp":"2024-01-26T09:46:44.153Z"}
info: Server started at http://localhost:3000/api/v1/ {"timestamp":"2024-01-26T09:48:00.510Z"}
info: Connected to the database. {"timestamp":"2024-01-26T09:48:00.532Z"}
info: Server started at http://localhost:3000/api/v1/ {"timestamp":"2024-01-26T09:48:06.093Z"}
info: Connected to the database. {"timestamp":"2024-01-26T09:48:06.112Z"}
info: Server started at http://localhost:3000/api/v1/ {"timestamp":"2024-01-26T09:48:12.921Z"}
info: Connected to the database. {"timestamp":"2024-01-26T09:48:12.939Z"}
error: 
      status - 400
      message - Authorization token is required 
      url - /api/v1/address 
      method - POST 
      IP - ::1
     {"timestamp":"2024-01-26T09:56:21.664Z"}
info: Server started at http://localhost:3000/api/v1/ {"timestamp":"2024-01-26T09:57:36.614Z"}
info: Connected to the database. {"timestamp":"2024-01-26T09:57:36.636Z"}
info: Server started at http://localhost:3000/api/v1/ {"timestamp":"2024-01-26T10:18:57.309Z"}
info: Connected to the database. {"timestamp":"2024-01-26T10:18:57.335Z"}
info: Server started at http://localhost:3000/api/v1/ {"timestamp":"2024-01-26T10:19:00.589Z"}
info: Connected to the database. {"timestamp":"2024-01-26T10:19:00.610Z"}
info: Server started at http://localhost:3000/api/v1/ {"timestamp":"2024-01-26T10:19:03.986Z"}
info: Connected to the database. {"timestamp":"2024-01-26T10:19:04.009Z"}
