error: uncaughtException: listen EADDRINUSE: address already in use :::3000
Error: listen EADDRINUSE: address already in use :::3000
    at Server.setupListenHandle [as _listen2] (node:net:1372:16)
    at listenInCluster (node:net:1420:12)
    at Server.listen (node:net:1508:7)
    at Function.listen (C:\Users\Kirana N\WORKSPACE\BookStore_BackEnd\node_modules\express\lib\application.js:635:24)
    at Object.<anonymous> (C:\Users\Kirana N\WORKSPACE\BookStore_BackEnd\src\/index.js:37:5)
    at Module._compile (node:internal/modules/cjs/loader:1105:14)
    at Module._compile (C:\Users\Kirana N\WORKSPACE\BookStore_BackEnd\node_modules\pirates\lib\index.js:117:24)
    at Module._extensions..js (node:internal/modules/cjs/loader:1159:10)
    at Object.newLoader [as .js] (C:\Users\Kirana N\WORKSPACE\BookStore_BackEnd\node_modules\pirates\lib\index.js:121:7)
    at Module.load (node:internal/modules/cjs/loader:981:32)
    at Function.Module._load (node:internal/modules/cjs/loader:822:12)
    at Function.runMain (node:internal/modules/run_main:77:12)
    at Object.<anonymous> (C:\Users\Kirana N\WORKSPACE\BookStore_BackEnd\node_modules\@babel\node\src\_babel-node.ts:222:12)
    at Module._compile (node:internal/modules/cjs/loader:1105:14)
    at Object.Module._extensions..js (node:internal/modules/cjs/loader:1159:10)
    at Module.load (node:internal/modules/cjs/loader:981:32)
    at Function.Module._load (node:internal/modules/cjs/loader:822:12)
    at Function.executeUserEntryPoint [as runMain] (node:internal/modules/run_main:77:12)
    at node:internal/main/run_main_module:17:47 {"date":"Thu Jan 18 2024 12:26:58 GMT+0530 (India Standard Time)","error":{"address":"::","code":"EADDRINUSE","errno":-4091,"port":3000,"syscall":"listen"},"exception":true,"os":{"loadavg":[0,0,0],"uptime":162301},"process":{"argv":["node","C:\\Users\\Kirana N\\WORKSPACE\\BookStore_BackEnd\\src\\index.js"],"cwd":"C:\\Users\\Kirana N\\WORKSPACE\\BookStore_BackEnd","execPath":"C:\\Program Files\\nodejs\\node.exe","gid":null,"memoryUsage":{"arrayBuffers":19310219,"external":29329979,"heapTotal":86278144,"heapUsed":63481992,"rss":121315328},"pid":15136,"uid":null,"version":"v16.15.0"},"stack":"Error: listen EADDRINUSE: address already in use :::3000\n    at Server.setupListenHandle [as _listen2] (node:net:1372:16)\n    at listenInCluster (node:net:1420:12)\n    at Server.listen (node:net:1508:7)\n    at Function.listen (C:\\Users\\Kirana N\\WORKSPACE\\BookStore_BackEnd\\node_modules\\express\\lib\\application.js:635:24)\n    at Object.<anonymous> (C:\\Users\\Kirana N\\WORKSPACE\\BookStore_BackEnd\\src\\/index.js:37:5)\n    at Module._compile (node:internal/modules/cjs/loader:1105:14)\n    at Module._compile (C:\\Users\\Kirana N\\WORKSPACE\\BookStore_BackEnd\\node_modules\\pirates\\lib\\index.js:117:24)\n    at Module._extensions..js (node:internal/modules/cjs/loader:1159:10)\n    at Object.newLoader [as .js] (C:\\Users\\Kirana N\\WORKSPACE\\BookStore_BackEnd\\node_modules\\pirates\\lib\\index.js:121:7)\n    at Module.load (node:internal/modules/cjs/loader:981:32)\n    at Function.Module._load (node:internal/modules/cjs/loader:822:12)\n    at Function.runMain (node:internal/modules/run_main:77:12)\n    at Object.<anonymous> (C:\\Users\\Kirana N\\WORKSPACE\\BookStore_BackEnd\\node_modules\\@babel\\node\\src\\_babel-node.ts:222:12)\n    at Module._compile (node:internal/modules/cjs/loader:1105:14)\n    at Object.Module._extensions..js (node:internal/modules/cjs/loader:1159:10)\n    at Module.load (node:internal/modules/cjs/loader:981:32)\n    at Function.Module._load (node:internal/modules/cjs/loader:822:12)\n    at Function.executeUserEntryPoint [as runMain] (node:internal/modules/run_main:77:12)\n    at node:internal/main/run_main_module:17:47","timestamp":"2024-01-18T06:56:58.587Z","trace":[{"column":16,"file":"node:net","function":"Server.setupListenHandle [as _listen2]","line":1372,"method":"setupListenHandle [as _listen2]","native":false},{"column":12,"file":"node:net","function":"listenInCluster","line":1420,"method":null,"native":false},{"column":7,"file":"node:net","function":"Server.listen","line":1508,"method":"listen","native":false},{"column":24,"file":"C:\\Users\\Kirana N\\WORKSPACE\\BookStore_BackEnd\\node_modules\\express\\lib\\application.js","function":"Function.listen","line":635,"method":"listen","native":false},{"column":5,"file":"C:\\Users\\Kirana N\\WORKSPACE\\BookStore_BackEnd\\src\\/index.js","function":null,"line":37,"method":null,"native":false},{"column":14,"file":"node:internal/modules/cjs/loader","function":"Module._compile","line":1105,"method":"_compile","native":false},{"column":24,"file":"C:\\Users\\Kirana N\\WORKSPACE\\BookStore_BackEnd\\node_modules\\pirates\\lib\\index.js","function":"Module._compile","line":117,"method":"_compile","native":false},{"column":10,"file":"node:internal/modules/cjs/loader","function":"Module._extensions..js","line":1159,"method":".js","native":false},{"column":7,"file":"C:\\Users\\Kirana N\\WORKSPACE\\BookStore_BackEnd\\node_modules\\pirates\\lib\\index.js","function":"Object.newLoader [as .js]","line":121,"method":"js]","native":false},{"column":32,"file":"node:internal/modules/cjs/loader","function":"Module.load","line":981,"method":"load","native":false},{"column":12,"file":"node:internal/modules/cjs/loader","function":"Module._load","line":822,"method":"_load","native":false},{"column":12,"file":"node:internal/modules/run_main","function":"Function.runMain","line":77,"method":"runMain","native":false},{"column":12,"file":"C:\\Users\\Kirana N\\WORKSPACE\\BookStore_BackEnd\\node_modules\\@babel\\node\\src\\_babel-node.ts","function":null,"line":222,"method":null,"native":false},{"column":14,"file":"node:internal/modules/cjs/loader","function":"Module._compile","line":1105,"method":"_compile","native":false},{"column":10,"file":"node:internal/modules/cjs/loader","function":"Module._extensions..js","line":1159,"method":".js","native":false},{"column":32,"file":"node:internal/modules/cjs/loader","function":"Module.load","line":981,"method":"load","native":false},{"column":12,"file":"node:internal/modules/cjs/loader","function":"Module._load","line":822,"method":"_load","native":false},{"column":12,"file":"node:internal/modules/run_main","function":"Function.executeUserEntryPoint [as runMain]","line":77,"method":"executeUserEntryPoint [as runMain]","native":false},{"column":47,"file":"node:internal/main/run_main_module","function":null,"line":17,"method":null,"native":false}]}
info: Server started at http://localhost:3000/api/v1/ {"timestamp":"2024-01-18T06:57:35.896Z"}
info: Connected to the database. {"timestamp":"2024-01-18T06:57:35.909Z"}
info: Server started at http://localhost:3000/api/v1/ {"timestamp":"2024-01-18T11:22:50.137Z"}
info: Connected to the database. {"timestamp":"2024-01-18T11:22:50.149Z"}
info: Server started at http://localhost:3000/api/v1/ {"timestamp":"2024-01-18T11:24:26.721Z"}
info: Connected to the database. {"timestamp":"2024-01-18T11:24:26.734Z"}
info: Server started at http://localhost:3000/api/v1/ {"timestamp":"2024-01-22T05:45:42.768Z"}
info: Connected to the database. {"timestamp":"2024-01-22T05:45:42.782Z"}
error: 
    status - 500 
    message - JsonWebTokenError: invalid signature
    at C:\Users\Kirana N\WORKSPACE\BookStore_BackEnd\node_modules\jsonwebtoken\verify.js:133:19
    at getSecret (C:\Users\Kirana N\WORKSPACE\BookStore_BackEnd\node_modules\jsonwebtoken\verify.js:90:14)
    at Object.verify (C:\Users\Kirana N\WORKSPACE\BookStore_BackEnd\node_modules\jsonwebtoken\verify.js:94:10)
    at _callee$ (C:\Users\Kirana N\WORKSPACE\BookStore_BackEnd\src\middlewares\/auth.middleware.js:22:32)
    at tryCatch (C:\Users\Kirana N\WORKSPACE\BookStore_BackEnd\node_modules\@babel\runtime\helpers\regeneratorRuntime.js:45:16)
    at Generator.<anonymous> (C:\Users\Kirana N\WORKSPACE\BookStore_BackEnd\node_modules\@babel\runtime\helpers\regeneratorRuntime.js:133:17)
    at Generator.next (C:\Users\Kirana N\WORKSPACE\BookStore_BackEnd\node_modules\@babel\runtime\helpers\regeneratorRuntime.js:74:21)
    at asyncGeneratorStep (C:\Users\Kirana N\WORKSPACE\BookStore_BackEnd\node_modules\@babel\runtime\helpers\asyncToGenerator.js:3:24)
    at _next (C:\Users\Kirana N\WORKSPACE\BookStore_BackEnd\node_modules\@babel\runtime\helpers\asyncToGenerator.js:22:9)
    at C:\Users\Kirana N\WORKSPACE\BookStore_BackEnd\node_modules\@babel\runtime\helpers\asyncToGenerator.js:27:7
    at new Promise (<anonymous>)
    at apply (C:\Users\Kirana N\WORKSPACE\BookStore_BackEnd\node_modules\@babel\runtime\helpers\asyncToGenerator.js:19:12)
    at userAuth (C:\Users\Kirana N\WORKSPACE\BookStore_BackEnd\src\middlewares\/auth.middleware.js:12:22)
    at Layer.handle [as handle_request] (C:\Users\Kirana N\WORKSPACE\BookStore_BackEnd\node_modules\express\lib\router\layer.js:95:5)
    at next (C:\Users\Kirana N\WORKSPACE\BookStore_BackEnd\node_modules\express\lib\router\route.js:144:13)
    at Route.dispatch (C:\Users\Kirana N\WORKSPACE\BookStore_BackEnd\node_modules\express\lib\router\route.js:114:3)
    at Layer.handle [as handle_request] (C:\Users\Kirana N\WORKSPACE\BookStore_BackEnd\node_modules\express\lib\router\layer.js:95:5)
    at C:\Users\Kirana N\WORKSPACE\BookStore_BackEnd\node_modules\express\lib\router\index.js:284:15
    at Function.process_params (C:\Users\Kirana N\WORKSPACE\BookStore_BackEnd\node_modules\express\lib\router\index.js:346:12)
    at next (C:\Users\Kirana N\WORKSPACE\BookStore_BackEnd\node_modules\express\lib\router\index.js:280:10)
    at Function.handle (C:\Users\Kirana N\WORKSPACE\BookStore_BackEnd\node_modules\express\lib\router\index.js:175:3)
    at router (C:\Users\Kirana N\WORKSPACE\BookStore_BackEnd\node_modules\express\lib\router\index.js:47:12)
    at Layer.handle [as handle_request] (C:\Users\Kirana N\WORKSPACE\BookStore_BackEnd\node_modules\express\lib\router\layer.js:95:5)
    at trim_prefix (C:\Users\Kirana N\WORKSPACE\BookStore_BackEnd\node_modules\express\lib\router\index.js:328:13)
    at C:\Users\Kirana N\WORKSPACE\BookStore_BackEnd\node_modules\express\lib\router\index.js:286:9
    at Function.process_params (C:\Users\Kirana N\WORKSPACE\BookStore_BackEnd\node_modules\express\lib\router\index.js:346:12)
    at next (C:\Users\Kirana N\WORKSPACE\BookStore_BackEnd\node_modules\express\lib\router\index.js:280:10)
    at Function.handle (C:\Users\Kirana N\WORKSPACE\BookStore_BackEnd\node_modules\express\lib\router\index.js:175:3)
    at router (C:\Users\Kirana N\WORKSPACE\BookStore_BackEnd\node_modules\express\lib\router\index.js:47:12)
    at Layer.handle [as handle_request] (C:\Users\Kirana N\WORKSPACE\BookStore_BackEnd\node_modules\express\lib\router\layer.js:95:5)
    at trim_prefix (C:\Users\Kirana N\WORKSPACE\BookStore_BackEnd\node_modules\express\lib\router\index.js:328:13)
    at C:\Users\Kirana N\WORKSPACE\BookStore_BackEnd\node_modules\express\lib\router\index.js:286:9
    at Function.process_params (C:\Users\Kirana N\WORKSPACE\BookStore_BackEnd\node_modules\express\lib\router\index.js:346:12)
    at next (C:\Users\Kirana N\WORKSPACE\BookStore_BackEnd\node_modules\express\lib\router\index.js:280:10)
    at logger (C:\Users\Kirana N\WORKSPACE\BookStore_BackEnd\node_modules\morgan\index.js:144:5)
    at Layer.handle [as handle_request] (C:\Users\Kirana N\WORKSPACE\BookStore_BackEnd\node_modules\express\lib\router\layer.js:95:5)
    at trim_prefix (C:\Users\Kirana N\WORKSPACE\BookStore_BackEnd\node_modules\express\lib\router\index.js:328:13)
    at C:\Users\Kirana N\WORKSPACE\BookStore_BackEnd\node_modules\express\lib\router\index.js:286:9
    at Function.process_params (C:\Users\Kirana N\WORKSPACE\BookStore_BackEnd\node_modules\express\lib\router\index.js:346:12)
    at next (C:\Users\Kirana N\WORKSPACE\BookStore_BackEnd\node_modules\express\lib\router\index.js:280:10)
    at C:\Users\Kirana N\WORKSPACE\BookStore_BackEnd\node_modules\body-parser\lib\read.js:137:5
    at AsyncResource.runInAsyncScope (node:async_hooks:202:9)
    at invokeCallback (C:\Users\Kirana N\WORKSPACE\BookStore_BackEnd\node_modules\raw-body\index.js:231:16)
    at done (C:\Users\Kirana N\WORKSPACE\BookStore_BackEnd\node_modules\raw-body\index.js:220:7)
    at IncomingMessage.onEnd (C:\Users\Kirana N\WORKSPACE\BookStore_BackEnd\node_modules\raw-body\index.js:280:7)
    at IncomingMessage.emit (node:events:539:35)
    at IncomingMessage.emit (node:domain:475:12)
    at endReadableNT (node:internal/streams/readable:1345:12)
    at processTicksAndRejections (node:internal/process/task_queues:83:21) 
    url - /api/v1/books 
    method - GET 
    IP - ::1
   {"timestamp":"2024-01-22T05:46:48.189Z"}
info: Server started at http://localhost:3000/api/v1/ {"timestamp":"2024-01-22T05:47:30.851Z"}
info: Connected to the database. {"timestamp":"2024-01-22T05:47:30.866Z"}
info: Server started at http://localhost:3000/api/v1/ {"timestamp":"2024-01-22T05:47:53.545Z"}
info: Connected to the database. {"timestamp":"2024-01-22T05:47:53.562Z"}
info: Server started at http://localhost:3000/api/v1/ {"timestamp":"2024-01-22T05:49:07.851Z"}
info: Connected to the database. {"timestamp":"2024-01-22T05:49:07.870Z"}
info: Server started at http://localhost:3000/api/v1/ {"timestamp":"2024-01-22T05:57:13.503Z"}
info: Connected to the database. {"timestamp":"2024-01-22T05:57:13.520Z"}
info: Server started at http://localhost:3000/api/v1/ {"timestamp":"2024-01-22T05:57:16.974Z"}
info: Connected to the database. {"timestamp":"2024-01-22T05:57:16.989Z"}
error: 
    status - 500 
    message - JsonWebTokenError: jwt malformed
    at Object.verify (C:\Users\Kirana N\WORKSPACE\BookStore_BackEnd\node_modules\jsonwebtoken\verify.js:63:17)
    at _callee$ (C:\Users\Kirana N\WORKSPACE\BookStore_BackEnd\src\middlewares\/auth.middleware.js:22:32)
    at tryCatch (C:\Users\Kirana N\WORKSPACE\BookStore_BackEnd\node_modules\@babel\runtime\helpers\regeneratorRuntime.js:45:16)
    at Generator.<anonymous> (C:\Users\Kirana N\WORKSPACE\BookStore_BackEnd\node_modules\@babel\runtime\helpers\regeneratorRuntime.js:133:17)
    at Generator.next (C:\Users\Kirana N\WORKSPACE\BookStore_BackEnd\node_modules\@babel\runtime\helpers\regeneratorRuntime.js:74:21)
    at asyncGeneratorStep (C:\Users\Kirana N\WORKSPACE\BookStore_BackEnd\node_modules\@babel\runtime\helpers\asyncToGenerator.js:3:24)
    at _next (C:\Users\Kirana N\WORKSPACE\BookStore_BackEnd\node_modules\@babel\runtime\helpers\asyncToGenerator.js:22:9)
    at C:\Users\Kirana N\WORKSPACE\BookStore_BackEnd\node_modules\@babel\runtime\helpers\asyncToGenerator.js:27:7
    at new Promise (<anonymous>)
    at apply (C:\Users\Kirana N\WORKSPACE\BookStore_BackEnd\node_modules\@babel\runtime\helpers\asyncToGenerator.js:19:12)
    at userAuth (C:\Users\Kirana N\WORKSPACE\BookStore_BackEnd\src\middlewares\/auth.middleware.js:12:22)
    at Layer.handle [as handle_request] (C:\Users\Kirana N\WORKSPACE\BookStore_BackEnd\node_modules\express\lib\router\layer.js:95:5)
    at next (C:\Users\Kirana N\WORKSPACE\BookStore_BackEnd\node_modules\express\lib\router\route.js:144:13)
    at Route.dispatch (C:\Users\Kirana N\WORKSPACE\BookStore_BackEnd\node_modules\express\lib\router\route.js:114:3)
    at Layer.handle [as handle_request] (C:\Users\Kirana N\WORKSPACE\BookStore_BackEnd\node_modules\express\lib\router\layer.js:95:5)
    at C:\Users\Kirana N\WORKSPACE\BookStore_BackEnd\node_modules\express\lib\router\index.js:284:15
    at Function.process_params (C:\Users\Kirana N\WORKSPACE\BookStore_BackEnd\node_modules\express\lib\router\index.js:346:12)
    at next (C:\Users\Kirana N\WORKSPACE\BookStore_BackEnd\node_modules\express\lib\router\index.js:280:10)
    at Function.handle (C:\Users\Kirana N\WORKSPACE\BookStore_BackEnd\node_modules\express\lib\router\index.js:175:3)
    at router (C:\Users\Kirana N\WORKSPACE\BookStore_BackEnd\node_modules\express\lib\router\index.js:47:12)
    at Layer.handle [as handle_request] (C:\Users\Kirana N\WORKSPACE\BookStore_BackEnd\node_modules\express\lib\router\layer.js:95:5)
    at trim_prefix (C:\Users\Kirana N\WORKSPACE\BookStore_BackEnd\node_modules\express\lib\router\index.js:328:13)
    at C:\Users\Kirana N\WORKSPACE\BookStore_BackEnd\node_modules\express\lib\router\index.js:286:9
    at Function.process_params (C:\Users\Kirana N\WORKSPACE\BookStore_BackEnd\node_modules\express\lib\router\index.js:346:12)
    at next (C:\Users\Kirana N\WORKSPACE\BookStore_BackEnd\node_modules\express\lib\router\index.js:280:10)
    at Function.handle (C:\Users\Kirana N\WORKSPACE\BookStore_BackEnd\node_modules\express\lib\router\index.js:175:3)
    at router (C:\Users\Kirana N\WORKSPACE\BookStore_BackEnd\node_modules\express\lib\router\index.js:47:12)
    at Layer.handle [as handle_request] (C:\Users\Kirana N\WORKSPACE\BookStore_BackEnd\node_modules\express\lib\router\layer.js:95:5)
    at trim_prefix (C:\Users\Kirana N\WORKSPACE\BookStore_BackEnd\node_modules\express\lib\router\index.js:328:13)
    at C:\Users\Kirana N\WORKSPACE\BookStore_BackEnd\node_modules\express\lib\router\index.js:286:9
    at Function.process_params (C:\Users\Kirana N\WORKSPACE\BookStore_BackEnd\node_modules\express\lib\router\index.js:346:12)
    at next (C:\Users\Kirana N\WORKSPACE\BookStore_BackEnd\node_modules\express\lib\router\index.js:280:10)
    at logger (C:\Users\Kirana N\WORKSPACE\BookStore_BackEnd\node_modules\morgan\index.js:144:5)
    at Layer.handle [as handle_request] (C:\Users\Kirana N\WORKSPACE\BookStore_BackEnd\node_modules\express\lib\router\layer.js:95:5)
    at trim_prefix (C:\Users\Kirana N\WORKSPACE\BookStore_BackEnd\node_modules\express\lib\router\index.js:328:13)
    at C:\Users\Kirana N\WORKSPACE\BookStore_BackEnd\node_modules\express\lib\router\index.js:286:9
    at Function.process_params (C:\Users\Kirana N\WORKSPACE\BookStore_BackEnd\node_modules\express\lib\router\index.js:346:12)
    at next (C:\Users\Kirana N\WORKSPACE\BookStore_BackEnd\node_modules\express\lib\router\index.js:280:10)
    at jsonParser (C:\Users\Kirana N\WORKSPACE\BookStore_BackEnd\node_modules\body-parser\lib\types\json.js:110:7)
    at Layer.handle [as handle_request] (C:\Users\Kirana N\WORKSPACE\BookStore_BackEnd\node_modules\express\lib\router\layer.js:95:5)
    at trim_prefix (C:\Users\Kirana N\WORKSPACE\BookStore_BackEnd\node_modules\express\lib\router\index.js:328:13)
    at C:\Users\Kirana N\WORKSPACE\BookStore_BackEnd\node_modules\express\lib\router\index.js:286:9
    at Function.process_params (C:\Users\Kirana N\WORKSPACE\BookStore_BackEnd\node_modules\express\lib\router\index.js:346:12)
    at next (C:\Users\Kirana N\WORKSPACE\BookStore_BackEnd\node_modules\express\lib\router\index.js:280:10)
    at urlencodedParser (C:\Users\Kirana N\WORKSPACE\BookStore_BackEnd\node_modules\body-parser\lib\types\urlencoded.js:91:7)
    at Layer.handle [as handle_request] (C:\Users\Kirana N\WORKSPACE\BookStore_BackEnd\node_modules\express\lib\router\layer.js:95:5)
    at trim_prefix (C:\Users\Kirana N\WORKSPACE\BookStore_BackEnd\node_modules\express\lib\router\index.js:328:13)
    at C:\Users\Kirana N\WORKSPACE\BookStore_BackEnd\node_modules\express\lib\router\index.js:286:9
    at Function.process_params (C:\Users\Kirana N\WORKSPACE\BookStore_BackEnd\node_modules\express\lib\router\index.js:346:12)
    at next (C:\Users\Kirana N\WORKSPACE\BookStore_BackEnd\node_modules\express\lib\router\index.js:280:10)
    at internalNext (C:\Users\Kirana N\WORKSPACE\BookStore_BackEnd\node_modules\helmet\dist\index.js:142:6)
    at xXssProtectionMiddleware (C:\Users\Kirana N\WORKSPACE\BookStore_BackEnd\node_modules\helmet\dist\middlewares\x-xss-protection\index.js:6:3)
    at internalNext (C:\Users\Kirana N\WORKSPACE\BookStore_BackEnd\node_modules\helmet\dist\index.js:145:6)
    at referrerPolicyMiddleware (C:\Users\Kirana N\WORKSPACE\BookStore_BackEnd\node_modules\helmet\dist\middlewares\referrer-policy\index.js:24:3)
    at internalNext (C:\Users\Kirana N\WORKSPACE\BookStore_BackEnd\node_modules\helmet\dist\index.js:145:6)
    at xPermittedCrossDomainPoliciesMiddleware (C:\Users\Kirana N\WORKSPACE\BookStore_BackEnd\node_modules\helmet\dist\middlewares\x-permitted-cross-domain-policies\index.js:15:3) 
    url - /api/v1/books 
    method - GET 
    IP - ::1
   {"timestamp":"2024-01-22T06:22:46.056Z"}
error: 
    status - 500 
    message - JsonWebTokenError: jwt malformed
    at Object.verify (C:\Users\Kirana N\WORKSPACE\BookStore_BackEnd\node_modules\jsonwebtoken\verify.js:63:17)
    at _callee$ (C:\Users\Kirana N\WORKSPACE\BookStore_BackEnd\src\middlewares\/auth.middleware.js:22:32)
    at tryCatch (C:\Users\Kirana N\WORKSPACE\BookStore_BackEnd\node_modules\@babel\runtime\helpers\regeneratorRuntime.js:45:16)
    at Generator.<anonymous> (C:\Users\Kirana N\WORKSPACE\BookStore_BackEnd\node_modules\@babel\runtime\helpers\regeneratorRuntime.js:133:17)
    at Generator.next (C:\Users\Kirana N\WORKSPACE\BookStore_BackEnd\node_modules\@babel\runtime\helpers\regeneratorRuntime.js:74:21)
    at asyncGeneratorStep (C:\Users\Kirana N\WORKSPACE\BookStore_BackEnd\node_modules\@babel\runtime\helpers\asyncToGenerator.js:3:24)
    at _next (C:\Users\Kirana N\WORKSPACE\BookStore_BackEnd\node_modules\@babel\runtime\helpers\asyncToGenerator.js:22:9)
    at C:\Users\Kirana N\WORKSPACE\BookStore_BackEnd\node_modules\@babel\runtime\helpers\asyncToGenerator.js:27:7
    at new Promise (<anonymous>)
    at apply (C:\Users\Kirana N\WORKSPACE\BookStore_BackEnd\node_modules\@babel\runtime\helpers\asyncToGenerator.js:19:12)
    at userAuth (C:\Users\Kirana N\WORKSPACE\BookStore_BackEnd\src\middlewares\/auth.middleware.js:12:22)
    at Layer.handle [as handle_request] (C:\Users\Kirana N\WORKSPACE\BookStore_BackEnd\node_modules\express\lib\router\layer.js:95:5)
    at next (C:\Users\Kirana N\WORKSPACE\BookStore_BackEnd\node_modules\express\lib\router\route.js:144:13)
    at Route.dispatch (C:\Users\Kirana N\WORKSPACE\BookStore_BackEnd\node_modules\express\lib\router\route.js:114:3)
    at Layer.handle [as handle_request] (C:\Users\Kirana N\WORKSPACE\BookStore_BackEnd\node_modules\express\lib\router\layer.js:95:5)
    at C:\Users\Kirana N\WORKSPACE\BookStore_BackEnd\node_modules\express\lib\router\index.js:284:15
    at Function.process_params (C:\Users\Kirana N\WORKSPACE\BookStore_BackEnd\node_modules\express\lib\router\index.js:346:12)
    at next (C:\Users\Kirana N\WORKSPACE\BookStore_BackEnd\node_modules\express\lib\router\index.js:280:10)
    at Function.handle (C:\Users\Kirana N\WORKSPACE\BookStore_BackEnd\node_modules\express\lib\router\index.js:175:3)
    at router (C:\Users\Kirana N\WORKSPACE\BookStore_BackEnd\node_modules\express\lib\router\index.js:47:12)
    at Layer.handle [as handle_request] (C:\Users\Kirana N\WORKSPACE\BookStore_BackEnd\node_modules\express\lib\router\layer.js:95:5)
    at trim_prefix (C:\Users\Kirana N\WORKSPACE\BookStore_BackEnd\node_modules\express\lib\router\index.js:328:13)
    at C:\Users\Kirana N\WORKSPACE\BookStore_BackEnd\node_modules\express\lib\router\index.js:286:9
    at Function.process_params (C:\Users\Kirana N\WORKSPACE\BookStore_BackEnd\node_modules\express\lib\router\index.js:346:12)
    at next (C:\Users\Kirana N\WORKSPACE\BookStore_BackEnd\node_modules\express\lib\router\index.js:280:10)
    at Function.handle (C:\Users\Kirana N\WORKSPACE\BookStore_BackEnd\node_modules\express\lib\router\index.js:175:3)
    at router (C:\Users\Kirana N\WORKSPACE\BookStore_BackEnd\node_modules\express\lib\router\index.js:47:12)
    at Layer.handle [as handle_request] (C:\Users\Kirana N\WORKSPACE\BookStore_BackEnd\node_modules\express\lib\router\layer.js:95:5)
    at trim_prefix (C:\Users\Kirana N\WORKSPACE\BookStore_BackEnd\node_modules\express\lib\router\index.js:328:13)
    at C:\Users\Kirana N\WORKSPACE\BookStore_BackEnd\node_modules\express\lib\router\index.js:286:9
    at Function.process_params (C:\Users\Kirana N\WORKSPACE\BookStore_BackEnd\node_modules\express\lib\router\index.js:346:12)
    at next (C:\Users\Kirana N\WORKSPACE\BookStore_BackEnd\node_modules\express\lib\router\index.js:280:10)
    at logger (C:\Users\Kirana N\WORKSPACE\BookStore_BackEnd\node_modules\morgan\index.js:144:5)
    at Layer.handle [as handle_request] (C:\Users\Kirana N\WORKSPACE\BookStore_BackEnd\node_modules\express\lib\router\layer.js:95:5)
    at trim_prefix (C:\Users\Kirana N\WORKSPACE\BookStore_BackEnd\node_modules\express\lib\router\index.js:328:13)
    at C:\Users\Kirana N\WORKSPACE\BookStore_BackEnd\node_modules\express\lib\router\index.js:286:9
    at Function.process_params (C:\Users\Kirana N\WORKSPACE\BookStore_BackEnd\node_modules\express\lib\router\index.js:346:12)
    at next (C:\Users\Kirana N\WORKSPACE\BookStore_BackEnd\node_modules\express\lib\router\index.js:280:10)
    at jsonParser (C:\Users\Kirana N\WORKSPACE\BookStore_BackEnd\node_modules\body-parser\lib\types\json.js:110:7)
    at Layer.handle [as handle_request] (C:\Users\Kirana N\WORKSPACE\BookStore_BackEnd\node_modules\express\lib\router\layer.js:95:5)
    at trim_prefix (C:\Users\Kirana N\WORKSPACE\BookStore_BackEnd\node_modules\express\lib\router\index.js:328:13)
    at C:\Users\Kirana N\WORKSPACE\BookStore_BackEnd\node_modules\express\lib\router\index.js:286:9
    at Function.process_params (C:\Users\Kirana N\WORKSPACE\BookStore_BackEnd\node_modules\express\lib\router\index.js:346:12)
    at next (C:\Users\Kirana N\WORKSPACE\BookStore_BackEnd\node_modules\express\lib\router\index.js:280:10)
    at urlencodedParser (C:\Users\Kirana N\WORKSPACE\BookStore_BackEnd\node_modules\body-parser\lib\types\urlencoded.js:91:7)
    at Layer.handle [as handle_request] (C:\Users\Kirana N\WORKSPACE\BookStore_BackEnd\node_modules\express\lib\router\layer.js:95:5)
    at trim_prefix (C:\Users\Kirana N\WORKSPACE\BookStore_BackEnd\node_modules\express\lib\router\index.js:328:13)
    at C:\Users\Kirana N\WORKSPACE\BookStore_BackEnd\node_modules\express\lib\router\index.js:286:9
    at Function.process_params (C:\Users\Kirana N\WORKSPACE\BookStore_BackEnd\node_modules\express\lib\router\index.js:346:12)
    at next (C:\Users\Kirana N\WORKSPACE\BookStore_BackEnd\node_modules\express\lib\router\index.js:280:10)
    at internalNext (C:\Users\Kirana N\WORKSPACE\BookStore_BackEnd\node_modules\helmet\dist\index.js:142:6)
    at xXssProtectionMiddleware (C:\Users\Kirana N\WORKSPACE\BookStore_BackEnd\node_modules\helmet\dist\middlewares\x-xss-protection\index.js:6:3)
    at internalNext (C:\Users\Kirana N\WORKSPACE\BookStore_BackEnd\node_modules\helmet\dist\index.js:145:6)
    at referrerPolicyMiddleware (C:\Users\Kirana N\WORKSPACE\BookStore_BackEnd\node_modules\helmet\dist\middlewares\referrer-policy\index.js:24:3)
    at internalNext (C:\Users\Kirana N\WORKSPACE\BookStore_BackEnd\node_modules\helmet\dist\index.js:145:6)
    at xPermittedCrossDomainPoliciesMiddleware (C:\Users\Kirana N\WORKSPACE\BookStore_BackEnd\node_modules\helmet\dist\middlewares\x-permitted-cross-domain-policies\index.js:15:3) 
    url - /api/v1/books 
    method - GET 
    IP - ::1
   {"timestamp":"2024-01-22T06:22:46.067Z"}
error: 
    status - 500 
    message - JsonWebTokenError: jwt malformed
    at Object.verify (C:\Users\Kirana N\WORKSPACE\BookStore_BackEnd\node_modules\jsonwebtoken\verify.js:63:17)
    at _callee$ (C:\Users\Kirana N\WORKSPACE\BookStore_BackEnd\src\middlewares\/auth.middleware.js:22:32)
    at tryCatch (C:\Users\Kirana N\WORKSPACE\BookStore_BackEnd\node_modules\@babel\runtime\helpers\regeneratorRuntime.js:45:16)
    at Generator.<anonymous> (C:\Users\Kirana N\WORKSPACE\BookStore_BackEnd\node_modules\@babel\runtime\helpers\regeneratorRuntime.js:133:17)
    at Generator.next (C:\Users\Kirana N\WORKSPACE\BookStore_BackEnd\node_modules\@babel\runtime\helpers\regeneratorRuntime.js:74:21)
    at asyncGeneratorStep (C:\Users\Kirana N\WORKSPACE\BookStore_BackEnd\node_modules\@babel\runtime\helpers\asyncToGenerator.js:3:24)
    at _next (C:\Users\Kirana N\WORKSPACE\BookStore_BackEnd\node_modules\@babel\runtime\helpers\asyncToGenerator.js:22:9)
    at C:\Users\Kirana N\WORKSPACE\BookStore_BackEnd\node_modules\@babel\runtime\helpers\asyncToGenerator.js:27:7
    at new Promise (<anonymous>)
    at apply (C:\Users\Kirana N\WORKSPACE\BookStore_BackEnd\node_modules\@babel\runtime\helpers\asyncToGenerator.js:19:12)
    at userAuth (C:\Users\Kirana N\WORKSPACE\BookStore_BackEnd\src\middlewares\/auth.middleware.js:12:22)
    at Layer.handle [as handle_request] (C:\Users\Kirana N\WORKSPACE\BookStore_BackEnd\node_modules\express\lib\router\layer.js:95:5)
    at next (C:\Users\Kirana N\WORKSPACE\BookStore_BackEnd\node_modules\express\lib\router\route.js:144:13)
    at Route.dispatch (C:\Users\Kirana N\WORKSPACE\BookStore_BackEnd\node_modules\express\lib\router\route.js:114:3)
    at Layer.handle [as handle_request] (C:\Users\Kirana N\WORKSPACE\BookStore_BackEnd\node_modules\express\lib\router\layer.js:95:5)
    at C:\Users\Kirana N\WORKSPACE\BookStore_BackEnd\node_modules\express\lib\router\index.js:284:15
    at Function.process_params (C:\Users\Kirana N\WORKSPACE\BookStore_BackEnd\node_modules\express\lib\router\index.js:346:12)
    at next (C:\Users\Kirana N\WORKSPACE\BookStore_BackEnd\node_modules\express\lib\router\index.js:280:10)
    at Function.handle (C:\Users\Kirana N\WORKSPACE\BookStore_BackEnd\node_modules\express\lib\router\index.js:175:3)
    at router (C:\Users\Kirana N\WORKSPACE\BookStore_BackEnd\node_modules\express\lib\router\index.js:47:12)
    at Layer.handle [as handle_request] (C:\Users\Kirana N\WORKSPACE\BookStore_BackEnd\node_modules\express\lib\router\layer.js:95:5)
    at trim_prefix (C:\Users\Kirana N\WORKSPACE\BookStore_BackEnd\node_modules\express\lib\router\index.js:328:13)
    at C:\Users\Kirana N\WORKSPACE\BookStore_BackEnd\node_modules\express\lib\router\index.js:286:9
    at Function.process_params (C:\Users\Kirana N\WORKSPACE\BookStore_BackEnd\node_modules\express\lib\router\index.js:346:12)
    at next (C:\Users\Kirana N\WORKSPACE\BookStore_BackEnd\node_modules\express\lib\router\index.js:280:10)
    at Function.handle (C:\Users\Kirana N\WORKSPACE\BookStore_BackEnd\node_modules\express\lib\router\index.js:175:3)
    at router (C:\Users\Kirana N\WORKSPACE\BookStore_BackEnd\node_modules\express\lib\router\index.js:47:12)
    at Layer.handle [as handle_request] (C:\Users\Kirana N\WORKSPACE\BookStore_BackEnd\node_modules\express\lib\router\layer.js:95:5)
    at trim_prefix (C:\Users\Kirana N\WORKSPACE\BookStore_BackEnd\node_modules\express\lib\router\index.js:328:13)
    at C:\Users\Kirana N\WORKSPACE\BookStore_BackEnd\node_modules\express\lib\router\index.js:286:9
    at Function.process_params (C:\Users\Kirana N\WORKSPACE\BookStore_BackEnd\node_modules\express\lib\router\index.js:346:12)
    at next (C:\Users\Kirana N\WORKSPACE\BookStore_BackEnd\node_modules\express\lib\router\index.js:280:10)
    at logger (C:\Users\Kirana N\WORKSPACE\BookStore_BackEnd\node_modules\morgan\index.js:144:5)
    at Layer.handle [as handle_request] (C:\Users\Kirana N\WORKSPACE\BookStore_BackEnd\node_modules\express\lib\router\layer.js:95:5)
    at trim_prefix (C:\Users\Kirana N\WORKSPACE\BookStore_BackEnd\node_modules\express\lib\router\index.js:328:13)
    at C:\Users\Kirana N\WORKSPACE\BookStore_BackEnd\node_modules\express\lib\router\index.js:286:9
    at Function.process_params (C:\Users\Kirana N\WORKSPACE\BookStore_BackEnd\node_modules\express\lib\router\index.js:346:12)
    at next (C:\Users\Kirana N\WORKSPACE\BookStore_BackEnd\node_modules\express\lib\router\index.js:280:10)
    at jsonParser (C:\Users\Kirana N\WORKSPACE\BookStore_BackEnd\node_modules\body-parser\lib\types\json.js:110:7)
    at Layer.handle [as handle_request] (C:\Users\Kirana N\WORKSPACE\BookStore_BackEnd\node_modules\express\lib\router\layer.js:95:5)
    at trim_prefix (C:\Users\Kirana N\WORKSPACE\BookStore_BackEnd\node_modules\express\lib\router\index.js:328:13)
    at C:\Users\Kirana N\WORKSPACE\BookStore_BackEnd\node_modules\express\lib\router\index.js:286:9
    at Function.process_params (C:\Users\Kirana N\WORKSPACE\BookStore_BackEnd\node_modules\express\lib\router\index.js:346:12)
    at next (C:\Users\Kirana N\WORKSPACE\BookStore_BackEnd\node_modules\express\lib\router\index.js:280:10)
    at urlencodedParser (C:\Users\Kirana N\WORKSPACE\BookStore_BackEnd\node_modules\body-parser\lib\types\urlencoded.js:91:7)
    at Layer.handle [as handle_request] (C:\Users\Kirana N\WORKSPACE\BookStore_BackEnd\node_modules\express\lib\router\layer.js:95:5)
    at trim_prefix (C:\Users\Kirana N\WORKSPACE\BookStore_BackEnd\node_modules\express\lib\router\index.js:328:13)
    at C:\Users\Kirana N\WORKSPACE\BookStore_BackEnd\node_modules\express\lib\router\index.js:286:9
    at Function.process_params (C:\Users\Kirana N\WORKSPACE\BookStore_BackEnd\node_modules\express\lib\router\index.js:346:12)
    at next (C:\Users\Kirana N\WORKSPACE\BookStore_BackEnd\node_modules\express\lib\router\index.js:280:10)
    at internalNext (C:\Users\Kirana N\WORKSPACE\BookStore_BackEnd\node_modules\helmet\dist\index.js:142:6)
    at xXssProtectionMiddleware (C:\Users\Kirana N\WORKSPACE\BookStore_BackEnd\node_modules\helmet\dist\middlewares\x-xss-protection\index.js:6:3)
    at internalNext (C:\Users\Kirana N\WORKSPACE\BookStore_BackEnd\node_modules\helmet\dist\index.js:145:6)
    at referrerPolicyMiddleware (C:\Users\Kirana N\WORKSPACE\BookStore_BackEnd\node_modules\helmet\dist\middlewares\referrer-policy\index.js:24:3)
    at internalNext (C:\Users\Kirana N\WORKSPACE\BookStore_BackEnd\node_modules\helmet\dist\index.js:145:6)
    at xPermittedCrossDomainPoliciesMiddleware (C:\Users\Kirana N\WORKSPACE\BookStore_BackEnd\node_modules\helmet\dist\middlewares\x-permitted-cross-domain-policies\index.js:15:3) 
    url - /api/v1/books 
    method - GET 
    IP - ::1
   {"timestamp":"2024-01-22T06:22:48.525Z"}
error: 
    status - 500 
    message - JsonWebTokenError: jwt malformed
    at Object.verify (C:\Users\Kirana N\WORKSPACE\BookStore_BackEnd\node_modules\jsonwebtoken\verify.js:63:17)
    at _callee$ (C:\Users\Kirana N\WORKSPACE\BookStore_BackEnd\src\middlewares\/auth.middleware.js:22:32)
    at tryCatch (C:\Users\Kirana N\WORKSPACE\BookStore_BackEnd\node_modules\@babel\runtime\helpers\regeneratorRuntime.js:45:16)
    at Generator.<anonymous> (C:\Users\Kirana N\WORKSPACE\BookStore_BackEnd\node_modules\@babel\runtime\helpers\regeneratorRuntime.js:133:17)
    at Generator.next (C:\Users\Kirana N\WORKSPACE\BookStore_BackEnd\node_modules\@babel\runtime\helpers\regeneratorRuntime.js:74:21)
    at asyncGeneratorStep (C:\Users\Kirana N\WORKSPACE\BookStore_BackEnd\node_modules\@babel\runtime\helpers\asyncToGenerator.js:3:24)
    at _next (C:\Users\Kirana N\WORKSPACE\BookStore_BackEnd\node_modules\@babel\runtime\helpers\asyncToGenerator.js:22:9)
    at C:\Users\Kirana N\WORKSPACE\BookStore_BackEnd\node_modules\@babel\runtime\helpers\asyncToGenerator.js:27:7
    at new Promise (<anonymous>)
    at apply (C:\Users\Kirana N\WORKSPACE\BookStore_BackEnd\node_modules\@babel\runtime\helpers\asyncToGenerator.js:19:12)
    at userAuth (C:\Users\Kirana N\WORKSPACE\BookStore_BackEnd\src\middlewares\/auth.middleware.js:12:22)
    at Layer.handle [as handle_request] (C:\Users\Kirana N\WORKSPACE\BookStore_BackEnd\node_modules\express\lib\router\layer.js:95:5)
    at next (C:\Users\Kirana N\WORKSPACE\BookStore_BackEnd\node_modules\express\lib\router\route.js:144:13)
    at Route.dispatch (C:\Users\Kirana N\WORKSPACE\BookStore_BackEnd\node_modules\express\lib\router\route.js:114:3)
    at Layer.handle [as handle_request] (C:\Users\Kirana N\WORKSPACE\BookStore_BackEnd\node_modules\express\lib\router\layer.js:95:5)
    at C:\Users\Kirana N\WORKSPACE\BookStore_BackEnd\node_modules\express\lib\router\index.js:284:15
    at Function.process_params (C:\Users\Kirana N\WORKSPACE\BookStore_BackEnd\node_modules\express\lib\router\index.js:346:12)
    at next (C:\Users\Kirana N\WORKSPACE\BookStore_BackEnd\node_modules\express\lib\router\index.js:280:10)
    at Function.handle (C:\Users\Kirana N\WORKSPACE\BookStore_BackEnd\node_modules\express\lib\router\index.js:175:3)
    at router (C:\Users\Kirana N\WORKSPACE\BookStore_BackEnd\node_modules\express\lib\router\index.js:47:12)
    at Layer.handle [as handle_request] (C:\Users\Kirana N\WORKSPACE\BookStore_BackEnd\node_modules\express\lib\router\layer.js:95:5)
    at trim_prefix (C:\Users\Kirana N\WORKSPACE\BookStore_BackEnd\node_modules\express\lib\router\index.js:328:13)
    at C:\Users\Kirana N\WORKSPACE\BookStore_BackEnd\node_modules\express\lib\router\index.js:286:9
    at Function.process_params (C:\Users\Kirana N\WORKSPACE\BookStore_BackEnd\node_modules\express\lib\router\index.js:346:12)
    at next (C:\Users\Kirana N\WORKSPACE\BookStore_BackEnd\node_modules\express\lib\router\index.js:280:10)
    at Function.handle (C:\Users\Kirana N\WORKSPACE\BookStore_BackEnd\node_modules\express\lib\router\index.js:175:3)
    at router (C:\Users\Kirana N\WORKSPACE\BookStore_BackEnd\node_modules\express\lib\router\index.js:47:12)
    at Layer.handle [as handle_request] (C:\Users\Kirana N\WORKSPACE\BookStore_BackEnd\node_modules\express\lib\router\layer.js:95:5)
    at trim_prefix (C:\Users\Kirana N\WORKSPACE\BookStore_BackEnd\node_modules\express\lib\router\index.js:328:13)
    at C:\Users\Kirana N\WORKSPACE\BookStore_BackEnd\node_modules\express\lib\router\index.js:286:9
    at Function.process_params (C:\Users\Kirana N\WORKSPACE\BookStore_BackEnd\node_modules\express\lib\router\index.js:346:12)
    at next (C:\Users\Kirana N\WORKSPACE\BookStore_BackEnd\node_modules\express\lib\router\index.js:280:10)
    at logger (C:\Users\Kirana N\WORKSPACE\BookStore_BackEnd\node_modules\morgan\index.js:144:5)
    at Layer.handle [as handle_request] (C:\Users\Kirana N\WORKSPACE\BookStore_BackEnd\node_modules\express\lib\router\layer.js:95:5)
    at trim_prefix (C:\Users\Kirana N\WORKSPACE\BookStore_BackEnd\node_modules\express\lib\router\index.js:328:13)
    at C:\Users\Kirana N\WORKSPACE\BookStore_BackEnd\node_modules\express\lib\router\index.js:286:9
    at Function.process_params (C:\Users\Kirana N\WORKSPACE\BookStore_BackEnd\node_modules\express\lib\router\index.js:346:12)
    at next (C:\Users\Kirana N\WORKSPACE\BookStore_BackEnd\node_modules\express\lib\router\index.js:280:10)
    at jsonParser (C:\Users\Kirana N\WORKSPACE\BookStore_BackEnd\node_modules\body-parser\lib\types\json.js:110:7)
    at Layer.handle [as handle_request] (C:\Users\Kirana N\WORKSPACE\BookStore_BackEnd\node_modules\express\lib\router\layer.js:95:5)
    at trim_prefix (C:\Users\Kirana N\WORKSPACE\BookStore_BackEnd\node_modules\express\lib\router\index.js:328:13)
    at C:\Users\Kirana N\WORKSPACE\BookStore_BackEnd\node_modules\express\lib\router\index.js:286:9
    at Function.process_params (C:\Users\Kirana N\WORKSPACE\BookStore_BackEnd\node_modules\express\lib\router\index.js:346:12)
    at next (C:\Users\Kirana N\WORKSPACE\BookStore_BackEnd\node_modules\express\lib\router\index.js:280:10)
    at urlencodedParser (C:\Users\Kirana N\WORKSPACE\BookStore_BackEnd\node_modules\body-parser\lib\types\urlencoded.js:91:7)
    at Layer.handle [as handle_request] (C:\Users\Kirana N\WORKSPACE\BookStore_BackEnd\node_modules\express\lib\router\layer.js:95:5)
    at trim_prefix (C:\Users\Kirana N\WORKSPACE\BookStore_BackEnd\node_modules\express\lib\router\index.js:328:13)
    at C:\Users\Kirana N\WORKSPACE\BookStore_BackEnd\node_modules\express\lib\router\index.js:286:9
    at Function.process_params (C:\Users\Kirana N\WORKSPACE\BookStore_BackEnd\node_modules\express\lib\router\index.js:346:12)
    at next (C:\Users\Kirana N\WORKSPACE\BookStore_BackEnd\node_modules\express\lib\router\index.js:280:10)
    at internalNext (C:\Users\Kirana N\WORKSPACE\BookStore_BackEnd\node_modules\helmet\dist\index.js:142:6)
    at xXssProtectionMiddleware (C:\Users\Kirana N\WORKSPACE\BookStore_BackEnd\node_modules\helmet\dist\middlewares\x-xss-protection\index.js:6:3)
    at internalNext (C:\Users\Kirana N\WORKSPACE\BookStore_BackEnd\node_modules\helmet\dist\index.js:145:6)
    at referrerPolicyMiddleware (C:\Users\Kirana N\WORKSPACE\BookStore_BackEnd\node_modules\helmet\dist\middlewares\referrer-policy\index.js:24:3)
    at internalNext (C:\Users\Kirana N\WORKSPACE\BookStore_BackEnd\node_modules\helmet\dist\index.js:145:6)
    at xPermittedCrossDomainPoliciesMiddleware (C:\Users\Kirana N\WORKSPACE\BookStore_BackEnd\node_modules\helmet\dist\middlewares\x-permitted-cross-domain-policies\index.js:15:3) 
    url - /api/v1/books 
    method - GET 
    IP - ::1
   {"timestamp":"2024-01-22T06:22:48.538Z"}
error: 
    status - 500 
    message - JsonWebTokenError: jwt malformed
    at Object.verify (C:\Users\Kirana N\WORKSPACE\BookStore_BackEnd\node_modules\jsonwebtoken\verify.js:63:17)
    at _callee$ (C:\Users\Kirana N\WORKSPACE\BookStore_BackEnd\src\middlewares\/auth.middleware.js:22:32)
    at tryCatch (C:\Users\Kirana N\WORKSPACE\BookStore_BackEnd\node_modules\@babel\runtime\helpers\regeneratorRuntime.js:45:16)
    at Generator.<anonymous> (C:\Users\Kirana N\WORKSPACE\BookStore_BackEnd\node_modules\@babel\runtime\helpers\regeneratorRuntime.js:133:17)
    at Generator.next (C:\Users\Kirana N\WORKSPACE\BookStore_BackEnd\node_modules\@babel\runtime\helpers\regeneratorRuntime.js:74:21)
    at asyncGeneratorStep (C:\Users\Kirana N\WORKSPACE\BookStore_BackEnd\node_modules\@babel\runtime\helpers\asyncToGenerator.js:3:24)
    at _next (C:\Users\Kirana N\WORKSPACE\BookStore_BackEnd\node_modules\@babel\runtime\helpers\asyncToGenerator.js:22:9)
    at C:\Users\Kirana N\WORKSPACE\BookStore_BackEnd\node_modules\@babel\runtime\helpers\asyncToGenerator.js:27:7
    at new Promise (<anonymous>)
    at apply (C:\Users\Kirana N\WORKSPACE\BookStore_BackEnd\node_modules\@babel\runtime\helpers\asyncToGenerator.js:19:12)
    at userAuth (C:\Users\Kirana N\WORKSPACE\BookStore_BackEnd\src\middlewares\/auth.middleware.js:12:22)
    at Layer.handle [as handle_request] (C:\Users\Kirana N\WORKSPACE\BookStore_BackEnd\node_modules\express\lib\router\layer.js:95:5)
    at next (C:\Users\Kirana N\WORKSPACE\BookStore_BackEnd\node_modules\express\lib\router\route.js:144:13)
    at Route.dispatch (C:\Users\Kirana N\WORKSPACE\BookStore_BackEnd\node_modules\express\lib\router\route.js:114:3)
    at Layer.handle [as handle_request] (C:\Users\Kirana N\WORKSPACE\BookStore_BackEnd\node_modules\express\lib\router\layer.js:95:5)
    at C:\Users\Kirana N\WORKSPACE\BookStore_BackEnd\node_modules\express\lib\router\index.js:284:15
    at Function.process_params (C:\Users\Kirana N\WORKSPACE\BookStore_BackEnd\node_modules\express\lib\router\index.js:346:12)
    at next (C:\Users\Kirana N\WORKSPACE\BookStore_BackEnd\node_modules\express\lib\router\index.js:280:10)
    at Function.handle (C:\Users\Kirana N\WORKSPACE\BookStore_BackEnd\node_modules\express\lib\router\index.js:175:3)
    at router (C:\Users\Kirana N\WORKSPACE\BookStore_BackEnd\node_modules\express\lib\router\index.js:47:12)
    at Layer.handle [as handle_request] (C:\Users\Kirana N\WORKSPACE\BookStore_BackEnd\node_modules\express\lib\router\layer.js:95:5)
    at trim_prefix (C:\Users\Kirana N\WORKSPACE\BookStore_BackEnd\node_modules\express\lib\router\index.js:328:13)
    at C:\Users\Kirana N\WORKSPACE\BookStore_BackEnd\node_modules\express\lib\router\index.js:286:9
    at Function.process_params (C:\Users\Kirana N\WORKSPACE\BookStore_BackEnd\node_modules\express\lib\router\index.js:346:12)
    at next (C:\Users\Kirana N\WORKSPACE\BookStore_BackEnd\node_modules\express\lib\router\index.js:280:10)
    at Function.handle (C:\Users\Kirana N\WORKSPACE\BookStore_BackEnd\node_modules\express\lib\router\index.js:175:3)
    at router (C:\Users\Kirana N\WORKSPACE\BookStore_BackEnd\node_modules\express\lib\router\index.js:47:12)
    at Layer.handle [as handle_request] (C:\Users\Kirana N\WORKSPACE\BookStore_BackEnd\node_modules\express\lib\router\layer.js:95:5)
    at trim_prefix (C:\Users\Kirana N\WORKSPACE\BookStore_BackEnd\node_modules\express\lib\router\index.js:328:13)
    at C:\Users\Kirana N\WORKSPACE\BookStore_BackEnd\node_modules\express\lib\router\index.js:286:9
    at Function.process_params (C:\Users\Kirana N\WORKSPACE\BookStore_BackEnd\node_modules\express\lib\router\index.js:346:12)
    at next (C:\Users\Kirana N\WORKSPACE\BookStore_BackEnd\node_modules\express\lib\router\index.js:280:10)
    at logger (C:\Users\Kirana N\WORKSPACE\BookStore_BackEnd\node_modules\morgan\index.js:144:5)
    at Layer.handle [as handle_request] (C:\Users\Kirana N\WORKSPACE\BookStore_BackEnd\node_modules\express\lib\router\layer.js:95:5)
    at trim_prefix (C:\Users\Kirana N\WORKSPACE\BookStore_BackEnd\node_modules\express\lib\router\index.js:328:13)
    at C:\Users\Kirana N\WORKSPACE\BookStore_BackEnd\node_modules\express\lib\router\index.js:286:9
    at Function.process_params (C:\Users\Kirana N\WORKSPACE\BookStore_BackEnd\node_modules\express\lib\router\index.js:346:12)
    at next (C:\Users\Kirana N\WORKSPACE\BookStore_BackEnd\node_modules\express\lib\router\index.js:280:10)
    at jsonParser (C:\Users\Kirana N\WORKSPACE\BookStore_BackEnd\node_modules\body-parser\lib\types\json.js:110:7)
    at Layer.handle [as handle_request] (C:\Users\Kirana N\WORKSPACE\BookStore_BackEnd\node_modules\express\lib\router\layer.js:95:5)
    at trim_prefix (C:\Users\Kirana N\WORKSPACE\BookStore_BackEnd\node_modules\express\lib\router\index.js:328:13)
    at C:\Users\Kirana N\WORKSPACE\BookStore_BackEnd\node_modules\express\lib\router\index.js:286:9
    at Function.process_params (C:\Users\Kirana N\WORKSPACE\BookStore_BackEnd\node_modules\express\lib\router\index.js:346:12)
    at next (C:\Users\Kirana N\WORKSPACE\BookStore_BackEnd\node_modules\express\lib\router\index.js:280:10)
    at urlencodedParser (C:\Users\Kirana N\WORKSPACE\BookStore_BackEnd\node_modules\body-parser\lib\types\urlencoded.js:91:7)
    at Layer.handle [as handle_request] (C:\Users\Kirana N\WORKSPACE\BookStore_BackEnd\node_modules\express\lib\router\layer.js:95:5)
    at trim_prefix (C:\Users\Kirana N\WORKSPACE\BookStore_BackEnd\node_modules\express\lib\router\index.js:328:13)
    at C:\Users\Kirana N\WORKSPACE\BookStore_BackEnd\node_modules\express\lib\router\index.js:286:9
    at Function.process_params (C:\Users\Kirana N\WORKSPACE\BookStore_BackEnd\node_modules\express\lib\router\index.js:346:12)
    at next (C:\Users\Kirana N\WORKSPACE\BookStore_BackEnd\node_modules\express\lib\router\index.js:280:10)
    at internalNext (C:\Users\Kirana N\WORKSPACE\BookStore_BackEnd\node_modules\helmet\dist\index.js:142:6)
    at xXssProtectionMiddleware (C:\Users\Kirana N\WORKSPACE\BookStore_BackEnd\node_modules\helmet\dist\middlewares\x-xss-protection\index.js:6:3)
    at internalNext (C:\Users\Kirana N\WORKSPACE\BookStore_BackEnd\node_modules\helmet\dist\index.js:145:6)
    at referrerPolicyMiddleware (C:\Users\Kirana N\WORKSPACE\BookStore_BackEnd\node_modules\helmet\dist\middlewares\referrer-policy\index.js:24:3)
    at internalNext (C:\Users\Kirana N\WORKSPACE\BookStore_BackEnd\node_modules\helmet\dist\index.js:145:6)
    at xPermittedCrossDomainPoliciesMiddleware (C:\Users\Kirana N\WORKSPACE\BookStore_BackEnd\node_modules\helmet\dist\middlewares\x-permitted-cross-domain-policies\index.js:15:3) 
    url - /api/v1/books 
    method - GET 
    IP - ::1
   {"timestamp":"2024-01-22T06:23:08.668Z"}
error: 
    status - 500 
    message - JsonWebTokenError: jwt malformed
    at Object.verify (C:\Users\Kirana N\WORKSPACE\BookStore_BackEnd\node_modules\jsonwebtoken\verify.js:63:17)
    at _callee$ (C:\Users\Kirana N\WORKSPACE\BookStore_BackEnd\src\middlewares\/auth.middleware.js:22:32)
    at tryCatch (C:\Users\Kirana N\WORKSPACE\BookStore_BackEnd\node_modules\@babel\runtime\helpers\regeneratorRuntime.js:45:16)
    at Generator.<anonymous> (C:\Users\Kirana N\WORKSPACE\BookStore_BackEnd\node_modules\@babel\runtime\helpers\regeneratorRuntime.js:133:17)
    at Generator.next (C:\Users\Kirana N\WORKSPACE\BookStore_BackEnd\node_modules\@babel\runtime\helpers\regeneratorRuntime.js:74:21)
    at asyncGeneratorStep (C:\Users\Kirana N\WORKSPACE\BookStore_BackEnd\node_modules\@babel\runtime\helpers\asyncToGenerator.js:3:24)
    at _next (C:\Users\Kirana N\WORKSPACE\BookStore_BackEnd\node_modules\@babel\runtime\helpers\asyncToGenerator.js:22:9)
    at C:\Users\Kirana N\WORKSPACE\BookStore_BackEnd\node_modules\@babel\runtime\helpers\asyncToGenerator.js:27:7
    at new Promise (<anonymous>)
    at apply (C:\Users\Kirana N\WORKSPACE\BookStore_BackEnd\node_modules\@babel\runtime\helpers\asyncToGenerator.js:19:12)
    at userAuth (C:\Users\Kirana N\WORKSPACE\BookStore_BackEnd\src\middlewares\/auth.middleware.js:12:22)
    at Layer.handle [as handle_request] (C:\Users\Kirana N\WORKSPACE\BookStore_BackEnd\node_modules\express\lib\router\layer.js:95:5)
    at next (C:\Users\Kirana N\WORKSPACE\BookStore_BackEnd\node_modules\express\lib\router\route.js:144:13)
    at Route.dispatch (C:\Users\Kirana N\WORKSPACE\BookStore_BackEnd\node_modules\express\lib\router\route.js:114:3)
    at Layer.handle [as handle_request] (C:\Users\Kirana N\WORKSPACE\BookStore_BackEnd\node_modules\express\lib\router\layer.js:95:5)
    at C:\Users\Kirana N\WORKSPACE\BookStore_BackEnd\node_modules\express\lib\router\index.js:284:15
    at Function.process_params (C:\Users\Kirana N\WORKSPACE\BookStore_BackEnd\node_modules\express\lib\router\index.js:346:12)
    at next (C:\Users\Kirana N\WORKSPACE\BookStore_BackEnd\node_modules\express\lib\router\index.js:280:10)
    at Function.handle (C:\Users\Kirana N\WORKSPACE\BookStore_BackEnd\node_modules\express\lib\router\index.js:175:3)
    at router (C:\Users\Kirana N\WORKSPACE\BookStore_BackEnd\node_modules\express\lib\router\index.js:47:12)
    at Layer.handle [as handle_request] (C:\Users\Kirana N\WORKSPACE\BookStore_BackEnd\node_modules\express\lib\router\layer.js:95:5)
    at trim_prefix (C:\Users\Kirana N\WORKSPACE\BookStore_BackEnd\node_modules\express\lib\router\index.js:328:13)
    at C:\Users\Kirana N\WORKSPACE\BookStore_BackEnd\node_modules\express\lib\router\index.js:286:9
    at Function.process_params (C:\Users\Kirana N\WORKSPACE\BookStore_BackEnd\node_modules\express\lib\router\index.js:346:12)
    at next (C:\Users\Kirana N\WORKSPACE\BookStore_BackEnd\node_modules\express\lib\router\index.js:280:10)
    at Function.handle (C:\Users\Kirana N\WORKSPACE\BookStore_BackEnd\node_modules\express\lib\router\index.js:175:3)
    at router (C:\Users\Kirana N\WORKSPACE\BookStore_BackEnd\node_modules\express\lib\router\index.js:47:12)
    at Layer.handle [as handle_request] (C:\Users\Kirana N\WORKSPACE\BookStore_BackEnd\node_modules\express\lib\router\layer.js:95:5)
    at trim_prefix (C:\Users\Kirana N\WORKSPACE\BookStore_BackEnd\node_modules\express\lib\router\index.js:328:13)
    at C:\Users\Kirana N\WORKSPACE\BookStore_BackEnd\node_modules\express\lib\router\index.js:286:9
    at Function.process_params (C:\Users\Kirana N\WORKSPACE\BookStore_BackEnd\node_modules\express\lib\router\index.js:346:12)
    at next (C:\Users\Kirana N\WORKSPACE\BookStore_BackEnd\node_modules\express\lib\router\index.js:280:10)
    at logger (C:\Users\Kirana N\WORKSPACE\BookStore_BackEnd\node_modules\morgan\index.js:144:5)
    at Layer.handle [as handle_request] (C:\Users\Kirana N\WORKSPACE\BookStore_BackEnd\node_modules\express\lib\router\layer.js:95:5)
    at trim_prefix (C:\Users\Kirana N\WORKSPACE\BookStore_BackEnd\node_modules\express\lib\router\index.js:328:13)
    at C:\Users\Kirana N\WORKSPACE\BookStore_BackEnd\node_modules\express\lib\router\index.js:286:9
    at Function.process_params (C:\Users\Kirana N\WORKSPACE\BookStore_BackEnd\node_modules\express\lib\router\index.js:346:12)
    at next (C:\Users\Kirana N\WORKSPACE\BookStore_BackEnd\node_modules\express\lib\router\index.js:280:10)
    at jsonParser (C:\Users\Kirana N\WORKSPACE\BookStore_BackEnd\node_modules\body-parser\lib\types\json.js:110:7)
    at Layer.handle [as handle_request] (C:\Users\Kirana N\WORKSPACE\BookStore_BackEnd\node_modules\express\lib\router\layer.js:95:5)
    at trim_prefix (C:\Users\Kirana N\WORKSPACE\BookStore_BackEnd\node_modules\express\lib\router\index.js:328:13)
    at C:\Users\Kirana N\WORKSPACE\BookStore_BackEnd\node_modules\express\lib\router\index.js:286:9
    at Function.process_params (C:\Users\Kirana N\WORKSPACE\BookStore_BackEnd\node_modules\express\lib\router\index.js:346:12)
    at next (C:\Users\Kirana N\WORKSPACE\BookStore_BackEnd\node_modules\express\lib\router\index.js:280:10)
    at urlencodedParser (C:\Users\Kirana N\WORKSPACE\BookStore_BackEnd\node_modules\body-parser\lib\types\urlencoded.js:91:7)
    at Layer.handle [as handle_request] (C:\Users\Kirana N\WORKSPACE\BookStore_BackEnd\node_modules\express\lib\router\layer.js:95:5)
    at trim_prefix (C:\Users\Kirana N\WORKSPACE\BookStore_BackEnd\node_modules\express\lib\router\index.js:328:13)
    at C:\Users\Kirana N\WORKSPACE\BookStore_BackEnd\node_modules\express\lib\router\index.js:286:9
    at Function.process_params (C:\Users\Kirana N\WORKSPACE\BookStore_BackEnd\node_modules\express\lib\router\index.js:346:12)
    at next (C:\Users\Kirana N\WORKSPACE\BookStore_BackEnd\node_modules\express\lib\router\index.js:280:10)
    at internalNext (C:\Users\Kirana N\WORKSPACE\BookStore_BackEnd\node_modules\helmet\dist\index.js:142:6)
    at xXssProtectionMiddleware (C:\Users\Kirana N\WORKSPACE\BookStore_BackEnd\node_modules\helmet\dist\middlewares\x-xss-protection\index.js:6:3)
    at internalNext (C:\Users\Kirana N\WORKSPACE\BookStore_BackEnd\node_modules\helmet\dist\index.js:145:6)
    at referrerPolicyMiddleware (C:\Users\Kirana N\WORKSPACE\BookStore_BackEnd\node_modules\helmet\dist\middlewares\referrer-policy\index.js:24:3)
    at internalNext (C:\Users\Kirana N\WORKSPACE\BookStore_BackEnd\node_modules\helmet\dist\index.js:145:6)
    at xPermittedCrossDomainPoliciesMiddleware (C:\Users\Kirana N\WORKSPACE\BookStore_BackEnd\node_modules\helmet\dist\middlewares\x-permitted-cross-domain-policies\index.js:15:3) 
    url - /api/v1/books 
    method - GET 
    IP - ::1
   {"timestamp":"2024-01-22T06:23:08.679Z"}
info: Server started at http://localhost:3000/api/v1/ {"timestamp":"2024-01-23T04:09:23.397Z"}
info: Connected to the database. {"timestamp":"2024-01-23T04:09:23.411Z"}
info: Server started at http://localhost:3000/api/v1/ {"timestamp":"2024-01-23T04:12:55.155Z"}
info: Connected to the database. {"timestamp":"2024-01-23T04:12:55.176Z"}
info: Server started at http://localhost:3000/api/v1/ {"timestamp":"2024-01-23T04:12:57.820Z"}
info: Connected to the database. {"timestamp":"2024-01-23T04:12:57.836Z"}
info: Server started at http://localhost:3000/api/v1/ {"timestamp":"2024-01-23T04:13:04.719Z"}
info: Connected to the database. {"timestamp":"2024-01-23T04:13:04.737Z"}
info: Server started at http://localhost:3000/api/v1/ {"timestamp":"2024-01-23T04:13:19.600Z"}
info: Connected to the database. {"timestamp":"2024-01-23T04:13:19.618Z"}
info: Server started at http://localhost:3000/api/v1/ {"timestamp":"2024-01-23T04:13:38.361Z"}
info: Connected to the database. {"timestamp":"2024-01-23T04:13:38.377Z"}
info: Server started at http://localhost:3000/api/v1/ {"timestamp":"2024-01-23T04:13:48.680Z"}
info: Connected to the database. {"timestamp":"2024-01-23T04:13:48.699Z"}
info: Server started at http://localhost:3000/api/v1/ {"timestamp":"2024-01-23T04:14:28.419Z"}
info: Connected to the database. {"timestamp":"2024-01-23T04:14:28.434Z"}
