error: uncaughtException: listen EADDRINUSE: address already in use :::3000
Error: listen EADDRINUSE: address already in use :::3000
    at Server.setupListenHandle [as _listen2] (node:net:1372:16)
    at listenInCluster (node:net:1420:12)
    at Server.listen (node:net:1508:7)
    at Function.listen (C:\Users\Kirana N\WORKSPACE\BookStore_BackEnd\node_modules\express\lib\application.js:635:24)
    at Object.<anonymous> (C:\Users\Kirana N\WORKSPACE\BookStore_BackEnd\src\/index.js:37:5)
    at Module._compile (node:internal/modules/cjs/loader:1105:14)
    at Module._compile (C:\Users\Kirana N\WORKSPACE\BookStore_BackEnd\node_modules\pirates\lib\index.js:117:24)
    at Module._extensions..js (node:internal/modules/cjs/loader:1159:10)
    at Object.newLoader [as .js] (C:\Users\Kirana N\WORKSPACE\BookStore_BackEnd\node_modules\pirates\lib\index.js:121:7)
    at Module.load (node:internal/modules/cjs/loader:981:32)
    at Function.Module._load (node:internal/modules/cjs/loader:822:12)
    at Function.runMain (node:internal/modules/run_main:77:12)
    at Object.<anonymous> (C:\Users\Kirana N\WORKSPACE\BookStore_BackEnd\node_modules\@babel\node\src\_babel-node.ts:222:12)
    at Module._compile (node:internal/modules/cjs/loader:1105:14)
    at Object.Module._extensions..js (node:internal/modules/cjs/loader:1159:10)
    at Module.load (node:internal/modules/cjs/loader:981:32)
    at Function.Module._load (node:internal/modules/cjs/loader:822:12)
    at Function.executeUserEntryPoint [as runMain] (node:internal/modules/run_main:77:12)
    at node:internal/main/run_main_module:17:47 {"date":"Thu Jan 18 2024 12:26:58 GMT+0530 (India Standard Time)","error":{"address":"::","code":"EADDRINUSE","errno":-4091,"port":3000,"syscall":"listen"},"exception":true,"os":{"loadavg":[0,0,0],"uptime":162301},"process":{"argv":["node","C:\\Users\\Kirana N\\WORKSPACE\\BookStore_BackEnd\\src\\index.js"],"cwd":"C:\\Users\\Kirana N\\WORKSPACE\\BookStore_BackEnd","execPath":"C:\\Program Files\\nodejs\\node.exe","gid":null,"memoryUsage":{"arrayBuffers":19323291,"external":29343091,"heapTotal":86278144,"heapUsed":63585152,"rss":122294272},"pid":15136,"uid":null,"version":"v16.15.0"},"stack":"Error: listen EADDRINUSE: address already in use :::3000\n    at Server.setupListenHandle [as _listen2] (node:net:1372:16)\n    at listenInCluster (node:net:1420:12)\n    at Server.listen (node:net:1508:7)\n    at Function.listen (C:\\Users\\Kirana N\\WORKSPACE\\BookStore_BackEnd\\node_modules\\express\\lib\\application.js:635:24)\n    at Object.<anonymous> (C:\\Users\\Kirana N\\WORKSPACE\\BookStore_BackEnd\\src\\/index.js:37:5)\n    at Module._compile (node:internal/modules/cjs/loader:1105:14)\n    at Module._compile (C:\\Users\\Kirana N\\WORKSPACE\\BookStore_BackEnd\\node_modules\\pirates\\lib\\index.js:117:24)\n    at Module._extensions..js (node:internal/modules/cjs/loader:1159:10)\n    at Object.newLoader [as .js] (C:\\Users\\Kirana N\\WORKSPACE\\BookStore_BackEnd\\node_modules\\pirates\\lib\\index.js:121:7)\n    at Module.load (node:internal/modules/cjs/loader:981:32)\n    at Function.Module._load (node:internal/modules/cjs/loader:822:12)\n    at Function.runMain (node:internal/modules/run_main:77:12)\n    at Object.<anonymous> (C:\\Users\\Kirana N\\WORKSPACE\\BookStore_BackEnd\\node_modules\\@babel\\node\\src\\_babel-node.ts:222:12)\n    at Module._compile (node:internal/modules/cjs/loader:1105:14)\n    at Object.Module._extensions..js (node:internal/modules/cjs/loader:1159:10)\n    at Module.load (node:internal/modules/cjs/loader:981:32)\n    at Function.Module._load (node:internal/modules/cjs/loader:822:12)\n    at Function.executeUserEntryPoint [as runMain] (node:internal/modules/run_main:77:12)\n    at node:internal/main/run_main_module:17:47","trace":[{"column":16,"file":"node:net","function":"Server.setupListenHandle [as _listen2]","line":1372,"method":"setupListenHandle [as _listen2]","native":false},{"column":12,"file":"node:net","function":"listenInCluster","line":1420,"method":null,"native":false},{"column":7,"file":"node:net","function":"Server.listen","line":1508,"method":"listen","native":false},{"column":24,"file":"C:\\Users\\Kirana N\\WORKSPACE\\BookStore_BackEnd\\node_modules\\express\\lib\\application.js","function":"Function.listen","line":635,"method":"listen","native":false},{"column":5,"file":"C:\\Users\\Kirana N\\WORKSPACE\\BookStore_BackEnd\\src\\/index.js","function":null,"line":37,"method":null,"native":false},{"column":14,"file":"node:internal/modules/cjs/loader","function":"Module._compile","line":1105,"method":"_compile","native":false},{"column":24,"file":"C:\\Users\\Kirana N\\WORKSPACE\\BookStore_BackEnd\\node_modules\\pirates\\lib\\index.js","function":"Module._compile","line":117,"method":"_compile","native":false},{"column":10,"file":"node:internal/modules/cjs/loader","function":"Module._extensions..js","line":1159,"method":".js","native":false},{"column":7,"file":"C:\\Users\\Kirana N\\WORKSPACE\\BookStore_BackEnd\\node_modules\\pirates\\lib\\index.js","function":"Object.newLoader [as .js]","line":121,"method":"js]","native":false},{"column":32,"file":"node:internal/modules/cjs/loader","function":"Module.load","line":981,"method":"load","native":false},{"column":12,"file":"node:internal/modules/cjs/loader","function":"Module._load","line":822,"method":"_load","native":false},{"column":12,"file":"node:internal/modules/run_main","function":"Function.runMain","line":77,"method":"runMain","native":false},{"column":12,"file":"C:\\Users\\Kirana N\\WORKSPACE\\BookStore_BackEnd\\node_modules\\@babel\\node\\src\\_babel-node.ts","function":null,"line":222,"method":null,"native":false},{"column":14,"file":"node:internal/modules/cjs/loader","function":"Module._compile","line":1105,"method":"_compile","native":false},{"column":10,"file":"node:internal/modules/cjs/loader","function":"Module._extensions..js","line":1159,"method":".js","native":false},{"column":32,"file":"node:internal/modules/cjs/loader","function":"Module.load","line":981,"method":"load","native":false},{"column":12,"file":"node:internal/modules/cjs/loader","function":"Module._load","line":822,"method":"_load","native":false},{"column":12,"file":"node:internal/modules/run_main","function":"Function.executeUserEntryPoint [as runMain]","line":77,"method":"executeUserEntryPoint [as runMain]","native":false},{"column":47,"file":"node:internal/main/run_main_module","function":null,"line":17,"method":null,"native":false}]}
info: ::1 - - [18/Jan/2024:07:03:43 +0000] "POST /api/v1/users/signup HTTP/1.1" 201 302 "-" "PostmanRuntime/7.36.1"

info: ::1 - - [18/Jan/2024:11:23:15 +0000] "POST /api/v1/users/signup HTTP/1.1" 400 43 "-" "PostmanRuntime/7.36.1"

info: ::1 - - [18/Jan/2024:11:23:25 +0000] "POST /api/v1/users/login HTTP/1.1" 400 61 "-" "PostmanRuntime/7.36.1"

info: ::1 - - [18/Jan/2024:11:24:32 +0000] "POST /api/v1/users/login HTTP/1.1" 201 211 "-" "PostmanRuntime/7.36.1"

info: ::1 - - [22/Jan/2024:05:46:23 +0000] "POST /api/v1/users/login HTTP/1.1" 201 211 "-" "PostmanRuntime/7.36.1"

info: ::1 - - [22/Jan/2024:05:46:48 +0000] "GET /api/v1/books HTTP/1.1" 500 52 "-" "PostmanRuntime/7.36.1"

info: ::1 - - [22/Jan/2024:05:47:57 +0000] "GET /api/v1/books HTTP/1.1" 400 39 "-" "PostmanRuntime/7.36.1"

info: ::1 - - [22/Jan/2024:05:49:16 +0000] "GET /api/v1/books HTTP/1.1" 200 9287 "-" "PostmanRuntime/7.36.1"

info: ::1 - - [22/Jan/2024:05:49:41 +0000] "GET /api/v1/books/6214803b05253301a4fda584 HTTP/1.1" 200 1335 "-" "PostmanRuntime/7.36.1"

info: ::1 - - [22/Jan/2024:05:49:53 +0000] "GET /api/v1/books/sortby/low HTTP/1.1" 200 9275 "-" "PostmanRuntime/7.36.1"

info: ::1 - - [22/Jan/2024:05:50:23 +0000] "GET /api/v1/books/sortby/high HTTP/1.1" 200 9275 "-" "PostmanRuntime/7.36.1"

info: ::1 - - [22/Jan/2024:05:51:34 +0000] "GET /api/v1/books/search HTTP/1.1" 400 118 "-" "PostmanRuntime/7.36.1"

info: ::1 - - [22/Jan/2024:05:52:36 +0000] "GET /api/v1/books/search HTTP/1.1" 400 118 "-" "PostmanRuntime/7.36.1"

info: ::1 - - [22/Jan/2024:05:54:06 +0000] "GET /api/v1/books/search HTTP/1.1" 400 118 "-" "PostmanRuntime/7.36.1"

info: ::1 - - [22/Jan/2024:05:54:17 +0000] "GET /api/v1/books/search/ HTTP/1.1" 400 118 "-" "PostmanRuntime/7.36.1"

info: ::1 - - [22/Jan/2024:05:57:19 +0000] "GET /api/v1/books/search/ HTTP/1.1" 200 384 "-" "PostmanRuntime/7.36.1"

info: ::1 - - [22/Jan/2024:06:22:45 +0000] "POST /api/v1/users/login HTTP/1.1" 201 211 "http://localhost:3001/" "Mozilla/5.0 (Windows NT 10.0; Win64; x64) AppleWebKit/537.36 (KHTML, like Gecko) Chrome/120.0.0.0 Safari/537.36"

info: ::1 - - [22/Jan/2024:06:22:46 +0000] "GET /api/v1/books HTTP/1.1" 500 48 "http://localhost:3001/" "Mozilla/5.0 (Windows NT 10.0; Win64; x64) AppleWebKit/537.36 (KHTML, like Gecko) Chrome/120.0.0.0 Safari/537.36"

info: ::1 - - [22/Jan/2024:06:22:46 +0000] "GET /api/v1/books HTTP/1.1" 500 48 "http://localhost:3001/" "Mozilla/5.0 (Windows NT 10.0; Win64; x64) AppleWebKit/537.36 (KHTML, like Gecko) Chrome/120.0.0.0 Safari/537.36"

info: ::1 - - [22/Jan/2024:06:22:48 +0000] "GET /api/v1/books HTTP/1.1" 500 48 "http://localhost:3001/" "Mozilla/5.0 (Windows NT 10.0; Win64; x64) AppleWebKit/537.36 (KHTML, like Gecko) Chrome/120.0.0.0 Safari/537.36"

info: ::1 - - [22/Jan/2024:06:22:48 +0000] "GET /api/v1/books HTTP/1.1" 500 48 "http://localhost:3001/" "Mozilla/5.0 (Windows NT 10.0; Win64; x64) AppleWebKit/537.36 (KHTML, like Gecko) Chrome/120.0.0.0 Safari/537.36"

info: ::1 - - [22/Jan/2024:06:23:08 +0000] "GET /api/v1/books HTTP/1.1" 500 48 "http://localhost:3001/" "Mozilla/5.0 (iPhone; CPU iPhone OS 16_6 like Mac OS X) AppleWebKit/605.1.15 (KHTML, like Gecko) Version/16.6 Mobile/15E148 Safari/604.1"

info: ::1 - - [22/Jan/2024:06:23:08 +0000] "GET /api/v1/books HTTP/1.1" 500 48 "http://localhost:3001/" "Mozilla/5.0 (iPhone; CPU iPhone OS 16_6 like Mac OS X) AppleWebKit/605.1.15 (KHTML, like Gecko) Version/16.6 Mobile/15E148 Safari/604.1"

info: ::1 - - [23/Jan/2024:04:10:20 +0000] "POST /api/v1/users/login HTTP/1.1" 201 211 "-" "PostmanRuntime/7.36.1"

info: ::1 - - [23/Jan/2024:04:10:51 +0000] "GET /api/v1/books HTTP/1.1" 200 9287 "-" "PostmanRuntime/7.36.1"

info: ::1 - - [23/Jan/2024:04:11:21 +0000] "POST /api/v1/cart/6214803b05253301a4fda584 HTTP/1.1" 400 79 "-" "PostmanRuntime/7.36.1"

info: ::1 - - [23/Jan/2024:04:13:07 +0000] "POST /api/v1/cart/6214803b05253301a4fda584 HTTP/1.1" 400 79 "-" "PostmanRuntime/7.36.1"

info: ::1 - - [23/Jan/2024:04:13:21 +0000] "POST /api/v1/cart/6214803b05253301a4fda584 HTTP/1.1" 400 79 "-" "PostmanRuntime/7.36.1"

info: ::1 - - [23/Jan/2024:04:13:49 +0000] "POST /api/v1/cart/6214803b05253301a4fda584 HTTP/1.1" 400 79 "-" "PostmanRuntime/7.36.1"

info: ::1 - - [23/Jan/2024:04:14:31 +0000] "POST /api/v1/cart/6214803b05253301a4fda584 HTTP/1.1" 400 37 "-" "PostmanRuntime/7.36.1"

info: ::1 - - [23/Jan/2024:04:16:38 +0000] "POST /api/v1/cart/6214803b05253301a4fda584 HTTP/1.1" 201 281 "-" "PostmanRuntime/7.36.1"

info: ::1 - - [23/Jan/2024:04:16:48 +0000] "POST /api/v1/cart/6214803b05253301a4fda584 HTTP/1.1" 201 281 "-" "PostmanRuntime/7.36.1"

info: ::1 - - [23/Jan/2024:04:16:58 +0000] "DELETE /api/v1/cart/6214803b05253301a4fda584 HTTP/1.1" 200 57 "-" "PostmanRuntime/7.36.1"

info: ::1 - - [23/Jan/2024:04:19:42 +0000] "POST /api/v1/cart/6214803b05253301a4fda584 HTTP/1.1" 201 281 "-" "PostmanRuntime/7.36.1"

info: ::1 - - [23/Jan/2024:04:19:52 +0000] "GET /api/v1/cart HTTP/1.1" 200 283 "-" "PostmanRuntime/7.36.1"

info: ::1 - - [23/Jan/2024:06:05:05 +0000] "GET /api/v1/books HTTP/1.1" 200 9287 "-" "PostmanRuntime/7.36.1"

info: ::1 - - [23/Jan/2024:06:05:23 +0000] "POST /api/v1/cart/6214803b05253301a4fda584 HTTP/1.1" 201 161 "-" "PostmanRuntime/7.36.1"

info: ::1 - - [23/Jan/2024:06:05:27 +0000] "POST /api/v1/cart/6214803b05253301a4fda584 HTTP/1.1" 201 161 "-" "PostmanRuntime/7.36.1"

info: ::1 - - [23/Jan/2024:06:05:42 +0000] "POST /api/v1/cart/6215178d05253301a4fda5c4 HTTP/1.1" 201 257 "-" "PostmanRuntime/7.36.1"

info: ::1 - - [23/Jan/2024:06:06:20 +0000] "GET /api/v1/cart HTTP/1.1" 200 259 "-" "PostmanRuntime/7.36.1"

info: ::1 - - [23/Jan/2024:06:15:52 +0000] "PUT /api/v1/cart/reduce/6214803b05253301a4fda584 HTTP/1.1" 200 272 "-" "PostmanRuntime/7.36.1"

info: ::1 - - [23/Jan/2024:06:15:57 +0000] "PUT /api/v1/cart/reduce/6214803b05253301a4fda584 HTTP/1.1" 200 176 "-" "PostmanRuntime/7.36.1"

info: ::1 - - [23/Jan/2024:06:35:41 +0000] "POST /api/v1/wishlist/6214803b05253301a4fda584 HTTP/1.1" 201 140 "-" "PostmanRuntime/7.36.1"

info: ::1 - - [23/Jan/2024:06:35:44 +0000] "POST /api/v1/wishlist/6214803b05253301a4fda584 HTTP/1.1" 400 60 "-" "PostmanRuntime/7.36.1"

info: ::1 - - [23/Jan/2024:06:36:13 +0000] "POST /api/v1/wishlist/6215178d05253301a4fda5c4 HTTP/1.1" 201 211 "-" "PostmanRuntime/7.36.1"

info: ::1 - - [23/Jan/2024:06:36:29 +0000] "GET /api/v1/wishlist/6215178d05253301a4fda5c4 HTTP/1.1" 404 47 "-" "PostmanRuntime/7.36.1"

info: ::1 - - [23/Jan/2024:06:36:36 +0000] "GET /api/v1/wishlist HTTP/1.1" 200 213 "-" "PostmanRuntime/7.36.1"

info: ::1 - - [23/Jan/2024:08:21:25 +0000] "POST /api/v1/users/login HTTP/1.1" 201 211 "http://localhost:3001/" "Mozilla/5.0 (iPhone; CPU iPhone OS 16_6 like Mac OS X) AppleWebKit/605.1.15 (KHTML, like Gecko) Version/16.6 Mobile/15E148 Safari/604.1"

info: ::1 - - [23/Jan/2024:08:21:25 +0000] "GET /api/v1/books HTTP/1.1" 500 48 "http://localhost:3001/" "Mozilla/5.0 (iPhone; CPU iPhone OS 16_6 like Mac OS X) AppleWebKit/605.1.15 (KHTML, like Gecko) Version/16.6 Mobile/15E148 Safari/604.1"

info: ::1 - - [23/Jan/2024:08:21:25 +0000] "GET /api/v1/books HTTP/1.1" 500 48 "http://localhost:3001/" "Mozilla/5.0 (iPhone; CPU iPhone OS 16_6 like Mac OS X) AppleWebKit/605.1.15 (KHTML, like Gecko) Version/16.6 Mobile/15E148 Safari/604.1"

info: ::1 - - [23/Jan/2024:08:22:30 +0000] "POST /api/v1/users/login HTTP/1.1" 201 211 "http://localhost:3001/" "Mozilla/5.0 (iPhone; CPU iPhone OS 16_6 like Mac OS X) AppleWebKit/605.1.15 (KHTML, like Gecko) Version/16.6 Mobile/15E148 Safari/604.1"

info: ::1 - - [23/Jan/2024:08:22:30 +0000] "GET /api/v1/books HTTP/1.1" 500 48 "http://localhost:3001/" "Mozilla/5.0 (iPhone; CPU iPhone OS 16_6 like Mac OS X) AppleWebKit/605.1.15 (KHTML, like Gecko) Version/16.6 Mobile/15E148 Safari/604.1"

info: ::1 - - [23/Jan/2024:08:22:31 +0000] "GET /api/v1/books HTTP/1.1" 500 48 "http://localhost:3001/" "Mozilla/5.0 (iPhone; CPU iPhone OS 16_6 like Mac OS X) AppleWebKit/605.1.15 (KHTML, like Gecko) Version/16.6 Mobile/15E148 Safari/604.1"

info: ::1 - - [23/Jan/2024:08:23:35 +0000] "GET /api/v1/books HTTP/1.1" 500 48 "http://localhost:3001/" "Mozilla/5.0 (iPhone; CPU iPhone OS 16_6 like Mac OS X) AppleWebKit/605.1.15 (KHTML, like Gecko) Version/16.6 Mobile/15E148 Safari/604.1"

info: ::1 - - [23/Jan/2024:08:23:35 +0000] "GET /api/v1/books HTTP/1.1" 500 48 "http://localhost:3001/" "Mozilla/5.0 (iPhone; CPU iPhone OS 16_6 like Mac OS X) AppleWebKit/605.1.15 (KHTML, like Gecko) Version/16.6 Mobile/15E148 Safari/604.1"

info: ::1 - - [23/Jan/2024:08:24:50 +0000] "POST /api/v1/users/login HTTP/1.1" 201 211 "http://localhost:3001/" "Mozilla/5.0 (iPhone; CPU iPhone OS 16_6 like Mac OS X) AppleWebKit/605.1.15 (KHTML, like Gecko) Version/16.6 Mobile/15E148 Safari/604.1"

info: ::1 - - [23/Jan/2024:08:24:50 +0000] "GET /api/v1/books HTTP/1.1" 500 48 "http://localhost:3001/" "Mozilla/5.0 (iPhone; CPU iPhone OS 16_6 like Mac OS X) AppleWebKit/605.1.15 (KHTML, like Gecko) Version/16.6 Mobile/15E148 Safari/604.1"

info: ::1 - - [23/Jan/2024:08:24:50 +0000] "GET /api/v1/books HTTP/1.1" 500 48 "http://localhost:3001/" "Mozilla/5.0 (iPhone; CPU iPhone OS 16_6 like Mac OS X) AppleWebKit/605.1.15 (KHTML, like Gecko) Version/16.6 Mobile/15E148 Safari/604.1"

info: ::1 - - [23/Jan/2024:08:26:10 +0000] "GET /api/v1/books HTTP/1.1" 500 48 "http://localhost:3001/" "Mozilla/5.0 (iPhone; CPU iPhone OS 16_6 like Mac OS X) AppleWebKit/605.1.15 (KHTML, like Gecko) Version/16.6 Mobile/15E148 Safari/604.1"

info: ::1 - - [23/Jan/2024:08:26:10 +0000] "GET /api/v1/books HTTP/1.1" 500 48 "http://localhost:3001/" "Mozilla/5.0 (iPhone; CPU iPhone OS 16_6 like Mac OS X) AppleWebKit/605.1.15 (KHTML, like Gecko) Version/16.6 Mobile/15E148 Safari/604.1"

info: ::1 - - [23/Jan/2024:08:26:27 +0000] "POST /api/v1/users/login HTTP/1.1" 201 212 "http://localhost:3001/" "Mozilla/5.0 (iPhone; CPU iPhone OS 16_6 like Mac OS X) AppleWebKit/605.1.15 (KHTML, like Gecko) Version/16.6 Mobile/15E148 Safari/604.1"

info: ::1 - - [23/Jan/2024:08:26:27 +0000] "GET /api/v1/books HTTP/1.1" 200 9287 "http://localhost:3001/" "Mozilla/5.0 (iPhone; CPU iPhone OS 16_6 like Mac OS X) AppleWebKit/605.1.15 (KHTML, like Gecko) Version/16.6 Mobile/15E148 Safari/604.1"

info: ::1 - - [23/Jan/2024:08:26:27 +0000] "GET /api/v1/books HTTP/1.1" 304 - "http://localhost:3001/" "Mozilla/5.0 (iPhone; CPU iPhone OS 16_6 like Mac OS X) AppleWebKit/605.1.15 (KHTML, like Gecko) Version/16.6 Mobile/15E148 Safari/604.1"

info: ::1 - - [23/Jan/2024:08:26:34 +0000] "GET /api/v1/books HTTP/1.1" 304 - "http://localhost:3001/" "Mozilla/5.0 (iPhone; CPU iPhone OS 16_6 like Mac OS X) AppleWebKit/605.1.15 (KHTML, like Gecko) Version/16.6 Mobile/15E148 Safari/604.1"

info: ::1 - - [23/Jan/2024:08:26:34 +0000] "GET /api/v1/books HTTP/1.1" 304 - "http://localhost:3001/" "Mozilla/5.0 (iPhone; CPU iPhone OS 16_6 like Mac OS X) AppleWebKit/605.1.15 (KHTML, like Gecko) Version/16.6 Mobile/15E148 Safari/604.1"

info: ::1 - - [23/Jan/2024:08:26:36 +0000] "GET /api/v1/books/6214803b05253301a4fda584 HTTP/1.1" 404 47 "http://localhost:3001/" "Mozilla/5.0 (iPhone; CPU iPhone OS 16_6 like Mac OS X) AppleWebKit/605.1.15 (KHTML, like Gecko) Version/16.6 Mobile/15E148 Safari/604.1"

info: ::1 - - [23/Jan/2024:08:26:36 +0000] "GET /api/v1/books/6214803b05253301a4fda584 HTTP/1.1" 404 47 "http://localhost:3001/" "Mozilla/5.0 (iPhone; CPU iPhone OS 16_6 like Mac OS X) AppleWebKit/605.1.15 (KHTML, like Gecko) Version/16.6 Mobile/15E148 Safari/604.1"

info: ::1 - - [23/Jan/2024:08:28:54 +0000] "GET /api/v1/books HTTP/1.1" 304 - "http://localhost:3001/" "Mozilla/5.0 (iPhone; CPU iPhone OS 16_6 like Mac OS X) AppleWebKit/605.1.15 (KHTML, like Gecko) Version/16.6 Mobile/15E148 Safari/604.1"

info: ::1 - - [23/Jan/2024:08:28:54 +0000] "GET /api/v1/books HTTP/1.1" 304 - "http://localhost:3001/" "Mozilla/5.0 (iPhone; CPU iPhone OS 16_6 like Mac OS X) AppleWebKit/605.1.15 (KHTML, like Gecko) Version/16.6 Mobile/15E148 Safari/604.1"

info: ::1 - - [23/Jan/2024:08:30:59 +0000] "GET /api/v1/books HTTP/1.1" 304 - "http://localhost:3001/" "Mozilla/5.0 (iPhone; CPU iPhone OS 16_6 like Mac OS X) AppleWebKit/605.1.15 (KHTML, like Gecko) Version/16.6 Mobile/15E148 Safari/604.1"

info: ::1 - - [23/Jan/2024:08:30:59 +0000] "GET /api/v1/books HTTP/1.1" 304 - "http://localhost:3001/" "Mozilla/5.0 (iPhone; CPU iPhone OS 16_6 like Mac OS X) AppleWebKit/605.1.15 (KHTML, like Gecko) Version/16.6 Mobile/15E148 Safari/604.1"

info: ::1 - - [23/Jan/2024:08:31:02 +0000] "GET /api/v1/books/6214803b05253301a4fda584 HTTP/1.1" 404 47 "http://localhost:3001/" "Mozilla/5.0 (iPhone; CPU iPhone OS 16_6 like Mac OS X) AppleWebKit/605.1.15 (KHTML, like Gecko) Version/16.6 Mobile/15E148 Safari/604.1"

info: ::1 - - [23/Jan/2024:08:31:02 +0000] "GET /api/v1/books/6214803b05253301a4fda584 HTTP/1.1" 404 47 "http://localhost:3001/" "Mozilla/5.0 (iPhone; CPU iPhone OS 16_6 like Mac OS X) AppleWebKit/605.1.15 (KHTML, like Gecko) Version/16.6 Mobile/15E148 Safari/604.1"

info: ::1 - - [23/Jan/2024:08:32:31 +0000] "GET /api/v1/books/6214803b05253301a4fda584 HTTP/1.1" 404 47 "http://localhost:3001/" "Mozilla/5.0 (iPhone; CPU iPhone OS 16_6 like Mac OS X) AppleWebKit/605.1.15 (KHTML, like Gecko) Version/16.6 Mobile/15E148 Safari/604.1"

info: ::1 - - [23/Jan/2024:08:32:34 +0000] "GET /api/v1/books/6214803b05253301a4fda584 HTTP/1.1" 404 47 "http://localhost:3001/" "Mozilla/5.0 (iPhone; CPU iPhone OS 16_6 like Mac OS X) AppleWebKit/605.1.15 (KHTML, like Gecko) Version/16.6 Mobile/15E148 Safari/604.1"

info: ::1 - - [23/Jan/2024:08:32:38 +0000] "GET /api/v1/books/6214803b05253301a4fda584 HTTP/1.1" 404 47 "http://localhost:3001/" "Mozilla/5.0 (iPhone; CPU iPhone OS 16_6 like Mac OS X) AppleWebKit/605.1.15 (KHTML, like Gecko) Version/16.6 Mobile/15E148 Safari/604.1"

info: ::1 - - [23/Jan/2024:08:33:17 +0000] "GET /api/v1/books/6214803b05253301a4fda584 HTTP/1.1" 400 56 "http://localhost:3001/" "Mozilla/5.0 (iPhone; CPU iPhone OS 16_6 like Mac OS X) AppleWebKit/605.1.15 (KHTML, like Gecko) Version/16.6 Mobile/15E148 Safari/604.1"

info: ::1 - - [23/Jan/2024:08:33:17 +0000] "GET /api/v1/books/6214803b05253301a4fda584 HTTP/1.1" 400 56 "http://localhost:3001/" "Mozilla/5.0 (iPhone; CPU iPhone OS 16_6 like Mac OS X) AppleWebKit/605.1.15 (KHTML, like Gecko) Version/16.6 Mobile/15E148 Safari/604.1"

info: ::1 - - [23/Jan/2024:08:33:20 +0000] "GET /api/v1/books HTTP/1.1" 304 - "http://localhost:3001/" "Mozilla/5.0 (iPhone; CPU iPhone OS 16_6 like Mac OS X) AppleWebKit/605.1.15 (KHTML, like Gecko) Version/16.6 Mobile/15E148 Safari/604.1"

info: ::1 - - [23/Jan/2024:08:33:20 +0000] "GET /api/v1/books HTTP/1.1" 304 - "http://localhost:3001/" "Mozilla/5.0 (iPhone; CPU iPhone OS 16_6 like Mac OS X) AppleWebKit/605.1.15 (KHTML, like Gecko) Version/16.6 Mobile/15E148 Safari/604.1"

info: ::1 - - [23/Jan/2024:08:33:21 +0000] "GET /api/v1/books/6214803b05253301a4fda584 HTTP/1.1" 400 56 "http://localhost:3001/" "Mozilla/5.0 (iPhone; CPU iPhone OS 16_6 like Mac OS X) AppleWebKit/605.1.15 (KHTML, like Gecko) Version/16.6 Mobile/15E148 Safari/604.1"

info: ::1 - - [23/Jan/2024:08:33:21 +0000] "GET /api/v1/books/6214803b05253301a4fda584 HTTP/1.1" 400 56 "http://localhost:3001/" "Mozilla/5.0 (iPhone; CPU iPhone OS 16_6 like Mac OS X) AppleWebKit/605.1.15 (KHTML, like Gecko) Version/16.6 Mobile/15E148 Safari/604.1"

info: ::1 - - [23/Jan/2024:08:33:50 +0000] "GET /api/v1/books/6214803b05253301a4fda584 HTTP/1.1" 400 56 "http://localhost:3001/" "Mozilla/5.0 (iPhone; CPU iPhone OS 16_6 like Mac OS X) AppleWebKit/605.1.15 (KHTML, like Gecko) Version/16.6 Mobile/15E148 Safari/604.1"

info: ::1 - - [23/Jan/2024:08:34:18 +0000] "GET /api/v1/books HTTP/1.1" 304 - "http://localhost:3001/" "Mozilla/5.0 (iPhone; CPU iPhone OS 16_6 like Mac OS X) AppleWebKit/605.1.15 (KHTML, like Gecko) Version/16.6 Mobile/15E148 Safari/604.1"

info: ::1 - - [23/Jan/2024:08:34:18 +0000] "GET /api/v1/books HTTP/1.1" 304 - "http://localhost:3001/" "Mozilla/5.0 (iPhone; CPU iPhone OS 16_6 like Mac OS X) AppleWebKit/605.1.15 (KHTML, like Gecko) Version/16.6 Mobile/15E148 Safari/604.1"

info: ::1 - - [23/Jan/2024:08:34:19 +0000] "GET /api/v1/books/6214803b05253301a4fda584 HTTP/1.1" 400 56 "http://localhost:3001/" "Mozilla/5.0 (iPhone; CPU iPhone OS 16_6 like Mac OS X) AppleWebKit/605.1.15 (KHTML, like Gecko) Version/16.6 Mobile/15E148 Safari/604.1"

info: ::1 - - [23/Jan/2024:08:34:19 +0000] "GET /api/v1/books/6214803b05253301a4fda584 HTTP/1.1" 400 56 "http://localhost:3001/" "Mozilla/5.0 (iPhone; CPU iPhone OS 16_6 like Mac OS X) AppleWebKit/605.1.15 (KHTML, like Gecko) Version/16.6 Mobile/15E148 Safari/604.1"

info: ::1 - - [23/Jan/2024:08:34:30 +0000] "GET /api/v1/books/6214803b05253301a4fda584 HTTP/1.1" 200 1335 "http://localhost:3001/" "Mozilla/5.0 (iPhone; CPU iPhone OS 16_6 like Mac OS X) AppleWebKit/605.1.15 (KHTML, like Gecko) Version/16.6 Mobile/15E148 Safari/604.1"

info: ::1 - - [23/Jan/2024:08:34:30 +0000] "GET /api/v1/books/6214803b05253301a4fda584 HTTP/1.1" 304 - "http://localhost:3001/" "Mozilla/5.0 (iPhone; CPU iPhone OS 16_6 like Mac OS X) AppleWebKit/605.1.15 (KHTML, like Gecko) Version/16.6 Mobile/15E148 Safari/604.1"

info: ::1 - - [23/Jan/2024:08:34:37 +0000] "POST /api/v1/cart/6214803b05253301a4fda584 HTTP/1.1" 201 257 "http://localhost:3001/" "Mozilla/5.0 (Windows NT 10.0; Win64; x64) AppleWebKit/537.36 (KHTML, like Gecko) Chrome/120.0.0.0 Safari/537.36"

info: ::1 - - [23/Jan/2024:08:34:39 +0000] "GET /api/v1/cart HTTP/1.1" 200 259 "http://localhost:3001/" "Mozilla/5.0 (Windows NT 10.0; Win64; x64) AppleWebKit/537.36 (KHTML, like Gecko) Chrome/120.0.0.0 Safari/537.36"

info: ::1 - - [23/Jan/2024:08:34:39 +0000] "GET /api/v1/cart HTTP/1.1" 304 - "http://localhost:3001/" "Mozilla/5.0 (Windows NT 10.0; Win64; x64) AppleWebKit/537.36 (KHTML, like Gecko) Chrome/120.0.0.0 Safari/537.36"

info: ::1 - - [23/Jan/2024:08:34:39 +0000] "GET /api/v1/books/6215178d05253301a4fda5c4 HTTP/1.1" 200 387 "http://localhost:3001/" "Mozilla/5.0 (Windows NT 10.0; Win64; x64) AppleWebKit/537.36 (KHTML, like Gecko) Chrome/120.0.0.0 Safari/537.36"

info: ::1 - - [23/Jan/2024:08:34:39 +0000] "GET /api/v1/books/6214803b05253301a4fda584 HTTP/1.1" 200 1335 "http://localhost:3001/" "Mozilla/5.0 (Windows NT 10.0; Win64; x64) AppleWebKit/537.36 (KHTML, like Gecko) Chrome/120.0.0.0 Safari/537.36"

info: ::1 - - [23/Jan/2024:08:34:39 +0000] "GET /api/v1/books/6215178d05253301a4fda5c4 HTTP/1.1" 304 - "http://localhost:3001/" "Mozilla/5.0 (Windows NT 10.0; Win64; x64) AppleWebKit/537.36 (KHTML, like Gecko) Chrome/120.0.0.0 Safari/537.36"

info: ::1 - - [23/Jan/2024:08:34:39 +0000] "GET /api/v1/books/6214803b05253301a4fda584 HTTP/1.1" 304 - "http://localhost:3001/" "Mozilla/5.0 (Windows NT 10.0; Win64; x64) AppleWebKit/537.36 (KHTML, like Gecko) Chrome/120.0.0.0 Safari/537.36"

info: ::1 - - [23/Jan/2024:08:34:41 +0000] "POST /api/v1/cart/6215178d05253301a4fda5c4 HTTP/1.1" 201 258 "http://localhost:3001/" "Mozilla/5.0 (Windows NT 10.0; Win64; x64) AppleWebKit/537.36 (KHTML, like Gecko) Chrome/120.0.0.0 Safari/537.36"

info: ::1 - - [23/Jan/2024:08:34:42 +0000] "POST /api/v1/cart/6215178d05253301a4fda5c4 HTTP/1.1" 201 258 "http://localhost:3001/" "Mozilla/5.0 (Windows NT 10.0; Win64; x64) AppleWebKit/537.36 (KHTML, like Gecko) Chrome/120.0.0.0 Safari/537.36"

info: ::1 - - [23/Jan/2024:08:34:43 +0000] "POST /api/v1/cart/6215178d05253301a4fda5c4 HTTP/1.1" 201 258 "http://localhost:3001/" "Mozilla/5.0 (Windows NT 10.0; Win64; x64) AppleWebKit/537.36 (KHTML, like Gecko) Chrome/120.0.0.0 Safari/537.36"

info: ::1 - - [23/Jan/2024:08:34:43 +0000] "POST /api/v1/cart/6215178d05253301a4fda5c4 HTTP/1.1" 201 258 "http://localhost:3001/" "Mozilla/5.0 (Windows NT 10.0; Win64; x64) AppleWebKit/537.36 (KHTML, like Gecko) Chrome/120.0.0.0 Safari/537.36"

info: ::1 - - [23/Jan/2024:08:34:44 +0000] "POST /api/v1/cart/6215178d05253301a4fda5c4 HTTP/1.1" 201 258 "http://localhost:3001/" "Mozilla/5.0 (Windows NT 10.0; Win64; x64) AppleWebKit/537.36 (KHTML, like Gecko) Chrome/120.0.0.0 Safari/537.36"

info: ::1 - - [23/Jan/2024:08:34:47 +0000] "POST /api/v1/cart/6214803b05253301a4fda584 HTTP/1.1" 201 258 "http://localhost:3001/" "Mozilla/5.0 (Windows NT 10.0; Win64; x64) AppleWebKit/537.36 (KHTML, like Gecko) Chrome/120.0.0.0 Safari/537.36"

info: ::1 - - [23/Jan/2024:08:34:48 +0000] "POST /api/v1/cart/6214803b05253301a4fda584 HTTP/1.1" 201 259 "http://localhost:3001/" "Mozilla/5.0 (Windows NT 10.0; Win64; x64) AppleWebKit/537.36 (KHTML, like Gecko) Chrome/120.0.0.0 Safari/537.36"

info: ::1 - - [23/Jan/2024:08:34:48 +0000] "POST /api/v1/cart/6214803b05253301a4fda584 HTTP/1.1" 201 259 "http://localhost:3001/" "Mozilla/5.0 (Windows NT 10.0; Win64; x64) AppleWebKit/537.36 (KHTML, like Gecko) Chrome/120.0.0.0 Safari/537.36"

info: ::1 - - [23/Jan/2024:08:35:12 +0000] "GET /api/v1/books/6214803b05253301a4fda584 HTTP/1.1" 200 1335 "http://localhost:3001/" "Mozilla/5.0 (Windows NT 10.0; Win64; x64) AppleWebKit/537.36 (KHTML, like Gecko) Chrome/120.0.0.0 Safari/537.36"

info: ::1 - - [23/Jan/2024:08:35:12 +0000] "GET /api/v1/books/6214803b05253301a4fda584 HTTP/1.1" 304 - "http://localhost:3001/" "Mozilla/5.0 (Windows NT 10.0; Win64; x64) AppleWebKit/537.36 (KHTML, like Gecko) Chrome/120.0.0.0 Safari/537.36"

info: ::1 - - [23/Jan/2024:08:35:13 +0000] "GET /api/v1/books HTTP/1.1" 200 9287 "http://localhost:3001/" "Mozilla/5.0 (Windows NT 10.0; Win64; x64) AppleWebKit/537.36 (KHTML, like Gecko) Chrome/120.0.0.0 Safari/537.36"

info: ::1 - - [23/Jan/2024:08:35:13 +0000] "GET /api/v1/books HTTP/1.1" 304 - "http://localhost:3001/" "Mozilla/5.0 (Windows NT 10.0; Win64; x64) AppleWebKit/537.36 (KHTML, like Gecko) Chrome/120.0.0.0 Safari/537.36"

info: ::1 - - [23/Jan/2024:08:35:16 +0000] "GET /api/v1/books/621589b605253301a4fda5d8 HTTP/1.1" 200 1135 "http://localhost:3001/" "Mozilla/5.0 (Windows NT 10.0; Win64; x64) AppleWebKit/537.36 (KHTML, like Gecko) Chrome/120.0.0.0 Safari/537.36"

info: ::1 - - [23/Jan/2024:08:35:16 +0000] "GET /api/v1/books/621589b605253301a4fda5d8 HTTP/1.1" 304 - "http://localhost:3001/" "Mozilla/5.0 (Windows NT 10.0; Win64; x64) AppleWebKit/537.36 (KHTML, like Gecko) Chrome/120.0.0.0 Safari/537.36"

info: ::1 - - [23/Jan/2024:08:35:17 +0000] "POST /api/v1/cart/621589b605253301a4fda5d8 HTTP/1.1" 201 355 "http://localhost:3001/" "Mozilla/5.0 (Windows NT 10.0; Win64; x64) AppleWebKit/537.36 (KHTML, like Gecko) Chrome/120.0.0.0 Safari/537.36"

info: ::1 - - [23/Jan/2024:08:35:19 +0000] "GET /api/v1/cart HTTP/1.1" 200 357 "http://localhost:3001/" "Mozilla/5.0 (Windows NT 10.0; Win64; x64) AppleWebKit/537.36 (KHTML, like Gecko) Chrome/120.0.0.0 Safari/537.36"

info: ::1 - - [23/Jan/2024:08:35:19 +0000] "GET /api/v1/cart HTTP/1.1" 304 - "http://localhost:3001/" "Mozilla/5.0 (Windows NT 10.0; Win64; x64) AppleWebKit/537.36 (KHTML, like Gecko) Chrome/120.0.0.0 Safari/537.36"

info: ::1 - - [23/Jan/2024:08:35:19 +0000] "GET /api/v1/books/621589b605253301a4fda5d8 HTTP/1.1" 200 1134 "http://localhost:3001/" "Mozilla/5.0 (Windows NT 10.0; Win64; x64) AppleWebKit/537.36 (KHTML, like Gecko) Chrome/120.0.0.0 Safari/537.36"

info: ::1 - - [23/Jan/2024:08:35:19 +0000] "GET /api/v1/books/6215178d05253301a4fda5c4 HTTP/1.1" 200 387 "http://localhost:3001/" "Mozilla/5.0 (Windows NT 10.0; Win64; x64) AppleWebKit/537.36 (KHTML, like Gecko) Chrome/120.0.0.0 Safari/537.36"

info: ::1 - - [23/Jan/2024:08:35:19 +0000] "GET /api/v1/books/6214803b05253301a4fda584 HTTP/1.1" 304 - "http://localhost:3001/" "Mozilla/5.0 (Windows NT 10.0; Win64; x64) AppleWebKit/537.36 (KHTML, like Gecko) Chrome/120.0.0.0 Safari/537.36"

info: ::1 - - [23/Jan/2024:08:35:19 +0000] "GET /api/v1/books/621589b605253301a4fda5d8 HTTP/1.1" 304 - "http://localhost:3001/" "Mozilla/5.0 (Windows NT 10.0; Win64; x64) AppleWebKit/537.36 (KHTML, like Gecko) Chrome/120.0.0.0 Safari/537.36"

info: ::1 - - [23/Jan/2024:08:35:19 +0000] "GET /api/v1/books/6215178d05253301a4fda5c4 HTTP/1.1" 304 - "http://localhost:3001/" "Mozilla/5.0 (Windows NT 10.0; Win64; x64) AppleWebKit/537.36 (KHTML, like Gecko) Chrome/120.0.0.0 Safari/537.36"

info: ::1 - - [23/Jan/2024:08:35:19 +0000] "GET /api/v1/books/6214803b05253301a4fda584 HTTP/1.1" 304 - "http://localhost:3001/" "Mozilla/5.0 (Windows NT 10.0; Win64; x64) AppleWebKit/537.36 (KHTML, like Gecko) Chrome/120.0.0.0 Safari/537.36"

info: ::1 - - [23/Jan/2024:08:35:34 +0000] "POST /api/v1/cart/621589b605253301a4fda5d8 HTTP/1.1" 201 355 "http://localhost:3001/" "Mozilla/5.0 (Windows NT 10.0; Win64; x64) AppleWebKit/537.36 (KHTML, like Gecko) Chrome/120.0.0.0 Safari/537.36"

info: ::1 - - [23/Jan/2024:08:35:54 +0000] "GET /api/v1/cart HTTP/1.1" 200 68 "http://localhost:3001/" "Mozilla/5.0 (Windows NT 10.0; Win64; x64) AppleWebKit/537.36 (KHTML, like Gecko) Chrome/120.0.0.0 Safari/537.36"

info: ::1 - - [23/Jan/2024:08:35:54 +0000] "GET /api/v1/cart HTTP/1.1" 304 - "http://localhost:3001/" "Mozilla/5.0 (Windows NT 10.0; Win64; x64) AppleWebKit/537.36 (KHTML, like Gecko) Chrome/120.0.0.0 Safari/537.36"

info: ::1 - - [23/Jan/2024:08:36:02 +0000] "GET /api/v1/books/621589b605253301a4fda5d8 HTTP/1.1" 200 1134 "http://localhost:3001/" "Mozilla/5.0 (Windows NT 10.0; Win64; x64) AppleWebKit/537.36 (KHTML, like Gecko) Chrome/120.0.0.0 Safari/537.36"

info: ::1 - - [23/Jan/2024:08:36:02 +0000] "GET /api/v1/books/621589b605253301a4fda5d8 HTTP/1.1" 304 - "http://localhost:3001/" "Mozilla/5.0 (Windows NT 10.0; Win64; x64) AppleWebKit/537.36 (KHTML, like Gecko) Chrome/120.0.0.0 Safari/537.36"

info: ::1 - - [23/Jan/2024:08:36:04 +0000] "POST /api/v1/cart/621589b605253301a4fda5d8 HTTP/1.1" 201 161 "http://localhost:3001/" "Mozilla/5.0 (Windows NT 10.0; Win64; x64) AppleWebKit/537.36 (KHTML, like Gecko) Chrome/120.0.0.0 Safari/537.36"

info: ::1 - - [23/Jan/2024:08:36:17 +0000] "GET /api/v1/books HTTP/1.1" 200 9286 "http://localhost:3001/" "Mozilla/5.0 (Windows NT 10.0; Win64; x64) AppleWebKit/537.36 (KHTML, like Gecko) Chrome/120.0.0.0 Safari/537.36"

info: ::1 - - [23/Jan/2024:08:36:17 +0000] "GET /api/v1/books HTTP/1.1" 304 - "http://localhost:3001/" "Mozilla/5.0 (Windows NT 10.0; Win64; x64) AppleWebKit/537.36 (KHTML, like Gecko) Chrome/120.0.0.0 Safari/537.36"

info: ::1 - - [23/Jan/2024:08:36:18 +0000] "GET /api/v1/books/6214803b05253301a4fda584 HTTP/1.1" 304 - "http://localhost:3001/" "Mozilla/5.0 (Windows NT 10.0; Win64; x64) AppleWebKit/537.36 (KHTML, like Gecko) Chrome/120.0.0.0 Safari/537.36"

info: ::1 - - [23/Jan/2024:08:36:18 +0000] "GET /api/v1/books/6214803b05253301a4fda584 HTTP/1.1" 304 - "http://localhost:3001/" "Mozilla/5.0 (Windows NT 10.0; Win64; x64) AppleWebKit/537.36 (KHTML, like Gecko) Chrome/120.0.0.0 Safari/537.36"

info: ::1 - - [23/Jan/2024:08:36:19 +0000] "POST /api/v1/cart/6214803b05253301a4fda584 HTTP/1.1" 201 257 "http://localhost:3001/" "Mozilla/5.0 (Windows NT 10.0; Win64; x64) AppleWebKit/537.36 (KHTML, like Gecko) Chrome/120.0.0.0 Safari/537.36"

info: ::1 - - [23/Jan/2024:08:36:38 +0000] "GET /api/v1/cart HTTP/1.1" 200 259 "http://localhost:3001/" "Mozilla/5.0 (Windows NT 10.0; Win64; x64) AppleWebKit/537.36 (KHTML, like Gecko) Chrome/120.0.0.0 Safari/537.36"

info: ::1 - - [23/Jan/2024:08:36:38 +0000] "GET /api/v1/cart HTTP/1.1" 304 - "http://localhost:3001/" "Mozilla/5.0 (Windows NT 10.0; Win64; x64) AppleWebKit/537.36 (KHTML, like Gecko) Chrome/120.0.0.0 Safari/537.36"

info: ::1 - - [23/Jan/2024:08:36:38 +0000] "GET /api/v1/books/621589b605253301a4fda5d8 HTTP/1.1" 200 1134 "http://localhost:3001/" "Mozilla/5.0 (Windows NT 10.0; Win64; x64) AppleWebKit/537.36 (KHTML, like Gecko) Chrome/120.0.0.0 Safari/537.36"

info: ::1 - - [23/Jan/2024:08:36:38 +0000] "GET /api/v1/books/6214803b05253301a4fda584 HTTP/1.1" 200 1335 "http://localhost:3001/" "Mozilla/5.0 (Windows NT 10.0; Win64; x64) AppleWebKit/537.36 (KHTML, like Gecko) Chrome/120.0.0.0 Safari/537.36"

info: ::1 - - [23/Jan/2024:08:36:38 +0000] "GET /api/v1/books/621589b605253301a4fda5d8 HTTP/1.1" 304 - "http://localhost:3001/" "Mozilla/5.0 (Windows NT 10.0; Win64; x64) AppleWebKit/537.36 (KHTML, like Gecko) Chrome/120.0.0.0 Safari/537.36"

info: ::1 - - [23/Jan/2024:08:36:38 +0000] "GET /api/v1/books/6214803b05253301a4fda584 HTTP/1.1" 304 - "http://localhost:3001/" "Mozilla/5.0 (Windows NT 10.0; Win64; x64) AppleWebKit/537.36 (KHTML, like Gecko) Chrome/120.0.0.0 Safari/537.36"

info: ::1 - - [23/Jan/2024:08:36:55 +0000] "POST /api/v1/cart/621589b605253301a4fda5d8 HTTP/1.1" 201 257 "http://localhost:3001/" "Mozilla/5.0 (Windows NT 10.0; Win64; x64) AppleWebKit/537.36 (KHTML, like Gecko) Chrome/120.0.0.0 Safari/537.36"

info: ::1 - - [23/Jan/2024:08:37:05 +0000] "GET /api/v1/books/6214803b05253301a4fda584 HTTP/1.1" 304 - "http://localhost:3001/" "Mozilla/5.0 (Windows NT 10.0; Win64; x64) AppleWebKit/537.36 (KHTML, like Gecko) Chrome/120.0.0.0 Safari/537.36"

info: ::1 - - [23/Jan/2024:08:37:05 +0000] "GET /api/v1/books/6214803b05253301a4fda584 HTTP/1.1" 304 - "http://localhost:3001/" "Mozilla/5.0 (Windows NT 10.0; Win64; x64) AppleWebKit/537.36 (KHTML, like Gecko) Chrome/120.0.0.0 Safari/537.36"

info: ::1 - - [23/Jan/2024:08:37:09 +0000] "POST /api/v1/wishlist/6214803b05253301a4fda584 HTTP/1.1" 400 60 "http://localhost:3001/" "Mozilla/5.0 (Windows NT 10.0; Win64; x64) AppleWebKit/537.36 (KHTML, like Gecko) Chrome/120.0.0.0 Safari/537.36"

info: ::1 - - [23/Jan/2024:08:37:16 +0000] "POST /api/v1/wishlist/6214803b05253301a4fda584 HTTP/1.1" 400 60 "http://localhost:3001/" "Mozilla/5.0 (iPhone; CPU iPhone OS 16_6 like Mac OS X) AppleWebKit/605.1.15 (KHTML, like Gecko) Version/16.6 Mobile/15E148 Safari/604.1"

info: ::1 - - [23/Jan/2024:08:37:25 +0000] "GET /api/v1/wishlist HTTP/1.1" 200 213 "http://localhost:3001/" "Mozilla/5.0 (iPhone; CPU iPhone OS 16_6 like Mac OS X) AppleWebKit/605.1.15 (KHTML, like Gecko) Version/16.6 Mobile/15E148 Safari/604.1"

info: ::1 - - [23/Jan/2024:08:37:25 +0000] "GET /api/v1/wishlist HTTP/1.1" 304 - "http://localhost:3001/" "Mozilla/5.0 (iPhone; CPU iPhone OS 16_6 like Mac OS X) AppleWebKit/605.1.15 (KHTML, like Gecko) Version/16.6 Mobile/15E148 Safari/604.1"

info: ::1 - - [23/Jan/2024:08:37:31 +0000] "GET /api/v1/wishlist HTTP/1.1" 304 - "http://localhost:3001/" "Mozilla/5.0 (Windows NT 10.0; Win64; x64) AppleWebKit/537.36 (KHTML, like Gecko) Chrome/120.0.0.0 Safari/537.36"

info: ::1 - - [23/Jan/2024:08:37:31 +0000] "GET /api/v1/wishlist HTTP/1.1" 304 - "http://localhost:3001/" "Mozilla/5.0 (Windows NT 10.0; Win64; x64) AppleWebKit/537.36 (KHTML, like Gecko) Chrome/120.0.0.0 Safari/537.36"

info: ::1 - - [23/Jan/2024:08:38:52 +0000] "GET /api/v1/wishlist HTTP/1.1" 304 - "http://localhost:3001/" "Mozilla/5.0 (Windows NT 10.0; Win64; x64) AppleWebKit/537.36 (KHTML, like Gecko) Chrome/120.0.0.0 Safari/537.36"

info: ::1 - - [23/Jan/2024:08:38:56 +0000] "GET /api/v1/wishlist HTTP/1.1" 304 - "http://localhost:3001/" "Mozilla/5.0 (Windows NT 10.0; Win64; x64) AppleWebKit/537.36 (KHTML, like Gecko) Chrome/120.0.0.0 Safari/537.36"

info: ::1 - - [23/Jan/2024:08:38:58 +0000] "GET /api/v1/wishlist HTTP/1.1" 304 - "http://localhost:3001/" "Mozilla/5.0 (Windows NT 10.0; Win64; x64) AppleWebKit/537.36 (KHTML, like Gecko) Chrome/120.0.0.0 Safari/537.36"

info: ::1 - - [23/Jan/2024:08:38:59 +0000] "GET /api/v1/wishlist HTTP/1.1" 304 - "http://localhost:3001/" "Mozilla/5.0 (Windows NT 10.0; Win64; x64) AppleWebKit/537.36 (KHTML, like Gecko) Chrome/120.0.0.0 Safari/537.36"

info: ::1 - - [23/Jan/2024:08:39:04 +0000] "GET /api/v1/books/6214803b05253301a4fda584 HTTP/1.1" 304 - "http://localhost:3001/" "Mozilla/5.0 (Windows NT 10.0; Win64; x64) AppleWebKit/537.36 (KHTML, like Gecko) Chrome/120.0.0.0 Safari/537.36"

info: ::1 - - [23/Jan/2024:08:39:04 +0000] "GET /api/v1/books/6214803b05253301a4fda584 HTTP/1.1" 304 - "http://localhost:3001/" "Mozilla/5.0 (Windows NT 10.0; Win64; x64) AppleWebKit/537.36 (KHTML, like Gecko) Chrome/120.0.0.0 Safari/537.36"

info: ::1 - - [23/Jan/2024:08:39:07 +0000] "GET /api/v1/wishlist HTTP/1.1" 304 - "http://localhost:3001/" "Mozilla/5.0 (Windows NT 10.0; Win64; x64) AppleWebKit/537.36 (KHTML, like Gecko) Chrome/120.0.0.0 Safari/537.36"

info: ::1 - - [23/Jan/2024:08:39:07 +0000] "GET /api/v1/wishlist HTTP/1.1" 304 - "http://localhost:3001/" "Mozilla/5.0 (Windows NT 10.0; Win64; x64) AppleWebKit/537.36 (KHTML, like Gecko) Chrome/120.0.0.0 Safari/537.36"

info: ::1 - - [23/Jan/2024:08:39:37 +0000] "GET /api/v1/wishlist HTTP/1.1" 304 - "http://localhost:3001/" "Mozilla/5.0 (iPhone; CPU iPhone OS 16_6 like Mac OS X) AppleWebKit/605.1.15 (KHTML, like Gecko) Version/16.6 Mobile/15E148 Safari/604.1"

info: ::1 - - [23/Jan/2024:08:40:00 +0000] "GET /api/v1/wishlist HTTP/1.1" 304 - "http://localhost:3001/" "Mozilla/5.0 (iPhone; CPU iPhone OS 16_6 like Mac OS X) AppleWebKit/605.1.15 (KHTML, like Gecko) Version/16.6 Mobile/15E148 Safari/604.1"

info: ::1 - - [23/Jan/2024:08:40:00 +0000] "GET /api/v1/wishlist HTTP/1.1" 304 - "http://localhost:3001/" "Mozilla/5.0 (iPhone; CPU iPhone OS 16_6 like Mac OS X) AppleWebKit/605.1.15 (KHTML, like Gecko) Version/16.6 Mobile/15E148 Safari/604.1"

info: ::1 - - [23/Jan/2024:08:41:10 +0000] "GET /api/v1/wishlist HTTP/1.1" 304 - "http://localhost:3001/" "Mozilla/5.0 (iPhone; CPU iPhone OS 16_6 like Mac OS X) AppleWebKit/605.1.15 (KHTML, like Gecko) Version/16.6 Mobile/15E148 Safari/604.1"

info: ::1 - - [23/Jan/2024:08:41:10 +0000] "GET /api/v1/wishlist HTTP/1.1" 304 - "http://localhost:3001/" "Mozilla/5.0 (iPhone; CPU iPhone OS 16_6 like Mac OS X) AppleWebKit/605.1.15 (KHTML, like Gecko) Version/16.6 Mobile/15E148 Safari/604.1"

info: ::1 - - [23/Jan/2024:08:42:18 +0000] "GET /api/v1/wishlist HTTP/1.1" 304 - "http://localhost:3001/" "Mozilla/5.0 (iPhone; CPU iPhone OS 16_6 like Mac OS X) AppleWebKit/605.1.15 (KHTML, like Gecko) Version/16.6 Mobile/15E148 Safari/604.1"

info: ::1 - - [23/Jan/2024:08:42:18 +0000] "GET /api/v1/wishlist HTTP/1.1" 304 - "http://localhost:3001/" "Mozilla/5.0 (iPhone; CPU iPhone OS 16_6 like Mac OS X) AppleWebKit/605.1.15 (KHTML, like Gecko) Version/16.6 Mobile/15E148 Safari/604.1"

info: ::1 - - [23/Jan/2024:08:42:18 +0000] "GET /api/v1/books/6214803b05253301a4fda584 HTTP/1.1" 304 - "http://localhost:3001/" "Mozilla/5.0 (iPhone; CPU iPhone OS 16_6 like Mac OS X) AppleWebKit/605.1.15 (KHTML, like Gecko) Version/16.6 Mobile/15E148 Safari/604.1"

info: ::1 - - [23/Jan/2024:08:42:18 +0000] "GET /api/v1/books/6215178d05253301a4fda5c4 HTTP/1.1" 304 - "http://localhost:3001/" "Mozilla/5.0 (iPhone; CPU iPhone OS 16_6 like Mac OS X) AppleWebKit/605.1.15 (KHTML, like Gecko) Version/16.6 Mobile/15E148 Safari/604.1"

info: ::1 - - [23/Jan/2024:08:42:18 +0000] "GET /api/v1/books/6214803b05253301a4fda584 HTTP/1.1" 304 - "http://localhost:3001/" "Mozilla/5.0 (iPhone; CPU iPhone OS 16_6 like Mac OS X) AppleWebKit/605.1.15 (KHTML, like Gecko) Version/16.6 Mobile/15E148 Safari/604.1"

info: ::1 - - [23/Jan/2024:08:42:18 +0000] "GET /api/v1/books/6215178d05253301a4fda5c4 HTTP/1.1" 304 - "http://localhost:3001/" "Mozilla/5.0 (iPhone; CPU iPhone OS 16_6 like Mac OS X) AppleWebKit/605.1.15 (KHTML, like Gecko) Version/16.6 Mobile/15E148 Safari/604.1"

info: ::1 - - [23/Jan/2024:08:42:43 +0000] "DELETE /api/v1/wishlist/6215178d05253301a4fda5c4 HTTP/1.1" 200 144 "http://localhost:3001/" "Mozilla/5.0 (Windows NT 10.0; Win64; x64) AppleWebKit/537.36 (KHTML, like Gecko) Chrome/120.0.0.0 Safari/537.36"

info: ::1 - - [23/Jan/2024:08:42:43 +0000] "GET /api/v1/books/6215178d05253301a4fda5c4 HTTP/1.1" 304 - "http://localhost:3001/" "Mozilla/5.0 (Windows NT 10.0; Win64; x64) AppleWebKit/537.36 (KHTML, like Gecko) Chrome/120.0.0.0 Safari/537.36"

info: ::1 - - [23/Jan/2024:08:42:43 +0000] "GET /api/v1/books/6215178d05253301a4fda5c4 HTTP/1.1" 304 - "http://localhost:3001/" "Mozilla/5.0 (Windows NT 10.0; Win64; x64) AppleWebKit/537.36 (KHTML, like Gecko) Chrome/120.0.0.0 Safari/537.36"

info: ::1 - - [23/Jan/2024:08:44:05 +0000] "GET /api/v1/wishlist HTTP/1.1" 200 142 "http://localhost:3001/" "Mozilla/5.0 (Windows NT 10.0; Win64; x64) AppleWebKit/537.36 (KHTML, like Gecko) Chrome/120.0.0.0 Safari/537.36"

info: ::1 - - [23/Jan/2024:08:44:05 +0000] "GET /api/v1/wishlist HTTP/1.1" 304 - "http://localhost:3001/" "Mozilla/5.0 (Windows NT 10.0; Win64; x64) AppleWebKit/537.36 (KHTML, like Gecko) Chrome/120.0.0.0 Safari/537.36"

info: ::1 - - [23/Jan/2024:08:44:05 +0000] "GET /api/v1/books/6214803b05253301a4fda584 HTTP/1.1" 304 - "http://localhost:3001/" "Mozilla/5.0 (Windows NT 10.0; Win64; x64) AppleWebKit/537.36 (KHTML, like Gecko) Chrome/120.0.0.0 Safari/537.36"

info: ::1 - - [23/Jan/2024:08:44:05 +0000] "GET /api/v1/books/6214803b05253301a4fda584 HTTP/1.1" 304 - "http://localhost:3001/" "Mozilla/5.0 (Windows NT 10.0; Win64; x64) AppleWebKit/537.36 (KHTML, like Gecko) Chrome/120.0.0.0 Safari/537.36"

info: ::1 - - [23/Jan/2024:08:44:07 +0000] "GET /api/v1/books/6214803b05253301a4fda584 HTTP/1.1" 304 - "http://localhost:3001/" "Mozilla/5.0 (Windows NT 10.0; Win64; x64) AppleWebKit/537.36 (KHTML, like Gecko) Chrome/120.0.0.0 Safari/537.36"

info: ::1 - - [23/Jan/2024:08:44:07 +0000] "GET /api/v1/books/6214803b05253301a4fda584 HTTP/1.1" 304 - "http://localhost:3001/" "Mozilla/5.0 (Windows NT 10.0; Win64; x64) AppleWebKit/537.36 (KHTML, like Gecko) Chrome/120.0.0.0 Safari/537.36"

info: ::1 - - [23/Jan/2024:08:44:08 +0000] "GET /api/v1/wishlist HTTP/1.1" 304 - "http://localhost:3001/" "Mozilla/5.0 (Windows NT 10.0; Win64; x64) AppleWebKit/537.36 (KHTML, like Gecko) Chrome/120.0.0.0 Safari/537.36"

info: ::1 - - [23/Jan/2024:08:44:08 +0000] "GET /api/v1/wishlist HTTP/1.1" 304 - "http://localhost:3001/" "Mozilla/5.0 (Windows NT 10.0; Win64; x64) AppleWebKit/537.36 (KHTML, like Gecko) Chrome/120.0.0.0 Safari/537.36"

info: ::1 - - [23/Jan/2024:08:44:09 +0000] "GET /api/v1/books/6214803b05253301a4fda584 HTTP/1.1" 304 - "http://localhost:3001/" "Mozilla/5.0 (Windows NT 10.0; Win64; x64) AppleWebKit/537.36 (KHTML, like Gecko) Chrome/120.0.0.0 Safari/537.36"

info: ::1 - - [23/Jan/2024:08:44:09 +0000] "GET /api/v1/books/6214803b05253301a4fda584 HTTP/1.1" 304 - "http://localhost:3001/" "Mozilla/5.0 (Windows NT 10.0; Win64; x64) AppleWebKit/537.36 (KHTML, like Gecko) Chrome/120.0.0.0 Safari/537.36"

info: ::1 - - [23/Jan/2024:08:44:10 +0000] "GET /api/v1/books/6214803b05253301a4fda584 HTTP/1.1" 304 - "http://localhost:3001/" "Mozilla/5.0 (Windows NT 10.0; Win64; x64) AppleWebKit/537.36 (KHTML, like Gecko) Chrome/120.0.0.0 Safari/537.36"

info: ::1 - - [23/Jan/2024:08:44:10 +0000] "GET /api/v1/books/6214803b05253301a4fda584 HTTP/1.1" 304 - "http://localhost:3001/" "Mozilla/5.0 (Windows NT 10.0; Win64; x64) AppleWebKit/537.36 (KHTML, like Gecko) Chrome/120.0.0.0 Safari/537.36"

info: ::1 - - [23/Jan/2024:08:44:11 +0000] "GET /api/v1/books HTTP/1.1" 200 9286 "http://localhost:3001/" "Mozilla/5.0 (Windows NT 10.0; Win64; x64) AppleWebKit/537.36 (KHTML, like Gecko) Chrome/120.0.0.0 Safari/537.36"

info: ::1 - - [23/Jan/2024:08:44:11 +0000] "GET /api/v1/books HTTP/1.1" 304 - "http://localhost:3001/" "Mozilla/5.0 (Windows NT 10.0; Win64; x64) AppleWebKit/537.36 (KHTML, like Gecko) Chrome/120.0.0.0 Safari/537.36"

info: ::1 - - [23/Jan/2024:08:44:13 +0000] "GET /api/v1/books/6215899f05253301a4fda5d7 HTTP/1.1" 200 1089 "http://localhost:3001/" "Mozilla/5.0 (Windows NT 10.0; Win64; x64) AppleWebKit/537.36 (KHTML, like Gecko) Chrome/120.0.0.0 Safari/537.36"

info: ::1 - - [23/Jan/2024:08:44:13 +0000] "GET /api/v1/books/6215899f05253301a4fda5d7 HTTP/1.1" 304 - "http://localhost:3001/" "Mozilla/5.0 (Windows NT 10.0; Win64; x64) AppleWebKit/537.36 (KHTML, like Gecko) Chrome/120.0.0.0 Safari/537.36"

info: ::1 - - [23/Jan/2024:08:44:14 +0000] "POST /api/v1/wishlist/6215899f05253301a4fda5d7 HTTP/1.1" 201 211 "http://localhost:3001/" "Mozilla/5.0 (Windows NT 10.0; Win64; x64) AppleWebKit/537.36 (KHTML, like Gecko) Chrome/120.0.0.0 Safari/537.36"

info: ::1 - - [23/Jan/2024:08:44:17 +0000] "GET /api/v1/wishlist HTTP/1.1" 200 213 "http://localhost:3001/" "Mozilla/5.0 (Windows NT 10.0; Win64; x64) AppleWebKit/537.36 (KHTML, like Gecko) Chrome/120.0.0.0 Safari/537.36"

info: ::1 - - [23/Jan/2024:08:44:17 +0000] "GET /api/v1/wishlist HTTP/1.1" 304 - "http://localhost:3001/" "Mozilla/5.0 (Windows NT 10.0; Win64; x64) AppleWebKit/537.36 (KHTML, like Gecko) Chrome/120.0.0.0 Safari/537.36"

info: ::1 - - [23/Jan/2024:08:44:17 +0000] "GET /api/v1/books/6215899f05253301a4fda5d7 HTTP/1.1" 304 - "http://localhost:3001/" "Mozilla/5.0 (Windows NT 10.0; Win64; x64) AppleWebKit/537.36 (KHTML, like Gecko) Chrome/120.0.0.0 Safari/537.36"

info: ::1 - - [23/Jan/2024:08:44:17 +0000] "GET /api/v1/books/6214803b05253301a4fda584 HTTP/1.1" 304 - "http://localhost:3001/" "Mozilla/5.0 (Windows NT 10.0; Win64; x64) AppleWebKit/537.36 (KHTML, like Gecko) Chrome/120.0.0.0 Safari/537.36"

info: ::1 - - [23/Jan/2024:08:44:17 +0000] "GET /api/v1/books/6215899f05253301a4fda5d7 HTTP/1.1" 304 - "http://localhost:3001/" "Mozilla/5.0 (Windows NT 10.0; Win64; x64) AppleWebKit/537.36 (KHTML, like Gecko) Chrome/120.0.0.0 Safari/537.36"

info: ::1 - - [23/Jan/2024:08:44:17 +0000] "GET /api/v1/books/6214803b05253301a4fda584 HTTP/1.1" 304 - "http://localhost:3001/" "Mozilla/5.0 (Windows NT 10.0; Win64; x64) AppleWebKit/537.36 (KHTML, like Gecko) Chrome/120.0.0.0 Safari/537.36"

info: ::1 - - [23/Jan/2024:08:44:22 +0000] "DELETE /api/v1/wishlist/6215899f05253301a4fda5d7 HTTP/1.1" 200 144 "http://localhost:3001/" "Mozilla/5.0 (Windows NT 10.0; Win64; x64) AppleWebKit/537.36 (KHTML, like Gecko) Chrome/120.0.0.0 Safari/537.36"

info: ::1 - - [23/Jan/2024:08:44:24 +0000] "DELETE /api/v1/wishlist/6214803b05253301a4fda584 HTTP/1.1" 200 74 "http://localhost:3001/" "Mozilla/5.0 (Windows NT 10.0; Win64; x64) AppleWebKit/537.36 (KHTML, like Gecko) Chrome/120.0.0.0 Safari/537.36"

info: ::1 - - [23/Jan/2024:08:44:38 +0000] "GET /api/v1/books/6215899f05253301a4fda5d7 HTTP/1.1" 304 - "http://localhost:3001/" "Mozilla/5.0 (Windows NT 10.0; Win64; x64) AppleWebKit/537.36 (KHTML, like Gecko) Chrome/120.0.0.0 Safari/537.36"

info: ::1 - - [23/Jan/2024:08:44:38 +0000] "GET /api/v1/books/6215899f05253301a4fda5d7 HTTP/1.1" 304 - "http://localhost:3001/" "Mozilla/5.0 (Windows NT 10.0; Win64; x64) AppleWebKit/537.36 (KHTML, like Gecko) Chrome/120.0.0.0 Safari/537.36"

info: ::1 - - [23/Jan/2024:08:44:42 +0000] "GET /api/v1/wishlist HTTP/1.1" 200 72 "http://localhost:3001/" "Mozilla/5.0 (Windows NT 10.0; Win64; x64) AppleWebKit/537.36 (KHTML, like Gecko) Chrome/120.0.0.0 Safari/537.36"

info: ::1 - - [23/Jan/2024:08:44:42 +0000] "GET /api/v1/wishlist HTTP/1.1" 304 - "http://localhost:3001/" "Mozilla/5.0 (Windows NT 10.0; Win64; x64) AppleWebKit/537.36 (KHTML, like Gecko) Chrome/120.0.0.0 Safari/537.36"

info: ::1 - - [23/Jan/2024:08:44:43 +0000] "GET /api/v1/books/6215899f05253301a4fda5d7 HTTP/1.1" 304 - "http://localhost:3001/" "Mozilla/5.0 (Windows NT 10.0; Win64; x64) AppleWebKit/537.36 (KHTML, like Gecko) Chrome/120.0.0.0 Safari/537.36"

info: ::1 - - [23/Jan/2024:08:44:43 +0000] "GET /api/v1/books/6215899f05253301a4fda5d7 HTTP/1.1" 304 - "http://localhost:3001/" "Mozilla/5.0 (Windows NT 10.0; Win64; x64) AppleWebKit/537.36 (KHTML, like Gecko) Chrome/120.0.0.0 Safari/537.36"

info: ::1 - - [23/Jan/2024:08:44:44 +0000] "GET /api/v1/books HTTP/1.1" 304 - "http://localhost:3001/" "Mozilla/5.0 (Windows NT 10.0; Win64; x64) AppleWebKit/537.36 (KHTML, like Gecko) Chrome/120.0.0.0 Safari/537.36"

info: ::1 - - [23/Jan/2024:08:44:44 +0000] "GET /api/v1/books HTTP/1.1" 304 - "http://localhost:3001/" "Mozilla/5.0 (Windows NT 10.0; Win64; x64) AppleWebKit/537.36 (KHTML, like Gecko) Chrome/120.0.0.0 Safari/537.36"

info: ::1 - - [23/Jan/2024:08:45:01 +0000] "GET /api/v1/cart HTTP/1.1" 200 259 "http://localhost:3001/" "Mozilla/5.0 (Windows NT 10.0; Win64; x64) AppleWebKit/537.36 (KHTML, like Gecko) Chrome/120.0.0.0 Safari/537.36"

info: ::1 - - [23/Jan/2024:08:45:01 +0000] "GET /api/v1/cart HTTP/1.1" 304 - "http://localhost:3001/" "Mozilla/5.0 (Windows NT 10.0; Win64; x64) AppleWebKit/537.36 (KHTML, like Gecko) Chrome/120.0.0.0 Safari/537.36"

info: ::1 - - [23/Jan/2024:08:45:01 +0000] "GET /api/v1/books/621589b605253301a4fda5d8 HTTP/1.1" 200 1134 "http://localhost:3001/" "Mozilla/5.0 (Windows NT 10.0; Win64; x64) AppleWebKit/537.36 (KHTML, like Gecko) Chrome/120.0.0.0 Safari/537.36"

info: ::1 - - [23/Jan/2024:08:45:01 +0000] "GET /api/v1/books/6214803b05253301a4fda584 HTTP/1.1" 304 - "http://localhost:3001/" "Mozilla/5.0 (Windows NT 10.0; Win64; x64) AppleWebKit/537.36 (KHTML, like Gecko) Chrome/120.0.0.0 Safari/537.36"

info: ::1 - - [23/Jan/2024:08:45:01 +0000] "GET /api/v1/books/621589b605253301a4fda5d8 HTTP/1.1" 304 - "http://localhost:3001/" "Mozilla/5.0 (Windows NT 10.0; Win64; x64) AppleWebKit/537.36 (KHTML, like Gecko) Chrome/120.0.0.0 Safari/537.36"

info: ::1 - - [23/Jan/2024:08:45:01 +0000] "GET /api/v1/books/6214803b05253301a4fda584 HTTP/1.1" 304 - "http://localhost:3001/" "Mozilla/5.0 (Windows NT 10.0; Win64; x64) AppleWebKit/537.36 (KHTML, like Gecko) Chrome/120.0.0.0 Safari/537.36"

info: ::1 - - [23/Jan/2024:08:45:06 +0000] "GET /api/v1/books HTTP/1.1" 304 - "http://localhost:3001/" "Mozilla/5.0 (Windows NT 10.0; Win64; x64) AppleWebKit/537.36 (KHTML, like Gecko) Chrome/120.0.0.0 Safari/537.36"

info: ::1 - - [23/Jan/2024:08:45:06 +0000] "GET /api/v1/books HTTP/1.1" 304 - "http://localhost:3001/" "Mozilla/5.0 (Windows NT 10.0; Win64; x64) AppleWebKit/537.36 (KHTML, like Gecko) Chrome/120.0.0.0 Safari/537.36"

info: ::1 - - [23/Jan/2024:09:06:04 +0000] "POST /api/v1/users/login HTTP/1.1" 201 212 "http://localhost:3001/" "Mozilla/5.0 (Windows NT 10.0; Win64; x64) AppleWebKit/537.36 (KHTML, like Gecko) Chrome/120.0.0.0 Safari/537.36"

info: ::1 - - [23/Jan/2024:09:06:05 +0000] "GET /api/v1/books HTTP/1.1" 304 - "http://localhost:3001/" "Mozilla/5.0 (Windows NT 10.0; Win64; x64) AppleWebKit/537.36 (KHTML, like Gecko) Chrome/120.0.0.0 Safari/537.36"

info: ::1 - - [23/Jan/2024:09:06:05 +0000] "GET /api/v1/books HTTP/1.1" 304 - "http://localhost:3001/" "Mozilla/5.0 (Windows NT 10.0; Win64; x64) AppleWebKit/537.36 (KHTML, like Gecko) Chrome/120.0.0.0 Safari/537.36"

info: ::1 - - [23/Jan/2024:09:06:08 +0000] "GET /api/v1/books HTTP/1.1" 304 - "http://localhost:3001/" "Mozilla/5.0 (Windows NT 10.0; Win64; x64) AppleWebKit/537.36 (KHTML, like Gecko) Chrome/120.0.0.0 Safari/537.36"

info: ::1 - - [23/Jan/2024:09:06:08 +0000] "GET /api/v1/books HTTP/1.1" 304 - "http://localhost:3001/" "Mozilla/5.0 (Windows NT 10.0; Win64; x64) AppleWebKit/537.36 (KHTML, like Gecko) Chrome/120.0.0.0 Safari/537.36"

info: ::1 - - [23/Jan/2024:09:07:38 +0000] "GET /api/v1/books/6215899f05253301a4fda5d7 HTTP/1.1" 304 - "http://localhost:3001/" "Mozilla/5.0 (Windows NT 10.0; Win64; x64) AppleWebKit/537.36 (KHTML, like Gecko) Chrome/120.0.0.0 Safari/537.36"

info: ::1 - - [23/Jan/2024:09:07:38 +0000] "GET /api/v1/books/6215899f05253301a4fda5d7 HTTP/1.1" 304 - "http://localhost:3001/" "Mozilla/5.0 (Windows NT 10.0; Win64; x64) AppleWebKit/537.36 (KHTML, like Gecko) Chrome/120.0.0.0 Safari/537.36"

info: ::1 - - [23/Jan/2024:09:07:41 +0000] "POST /api/v1/wishlist/6215899f05253301a4fda5d7 HTTP/1.1" 201 140 "http://localhost:3001/" "Mozilla/5.0 (Windows NT 10.0; Win64; x64) AppleWebKit/537.36 (KHTML, like Gecko) Chrome/120.0.0.0 Safari/537.36"

info: ::1 - - [23/Jan/2024:09:07:44 +0000] "GET /api/v1/wishlist HTTP/1.1" 200 142 "http://localhost:3001/" "Mozilla/5.0 (Windows NT 10.0; Win64; x64) AppleWebKit/537.36 (KHTML, like Gecko) Chrome/120.0.0.0 Safari/537.36"

info: ::1 - - [23/Jan/2024:09:07:44 +0000] "GET /api/v1/wishlist HTTP/1.1" 304 - "http://localhost:3001/" "Mozilla/5.0 (Windows NT 10.0; Win64; x64) AppleWebKit/537.36 (KHTML, like Gecko) Chrome/120.0.0.0 Safari/537.36"

info: ::1 - - [23/Jan/2024:09:07:44 +0000] "GET /api/v1/books/6215899f05253301a4fda5d7 HTTP/1.1" 304 - "http://localhost:3001/" "Mozilla/5.0 (Windows NT 10.0; Win64; x64) AppleWebKit/537.36 (KHTML, like Gecko) Chrome/120.0.0.0 Safari/537.36"

info: ::1 - - [23/Jan/2024:09:07:44 +0000] "GET /api/v1/books/6215899f05253301a4fda5d7 HTTP/1.1" 304 - "http://localhost:3001/" "Mozilla/5.0 (Windows NT 10.0; Win64; x64) AppleWebKit/537.36 (KHTML, like Gecko) Chrome/120.0.0.0 Safari/537.36"

info: ::1 - - [23/Jan/2024:09:07:59 +0000] "GET /api/v1/books/6215899f05253301a4fda5d7 HTTP/1.1" 304 - "http://localhost:3001/" "Mozilla/5.0 (Windows NT 10.0; Win64; x64) AppleWebKit/537.36 (KHTML, like Gecko) Chrome/120.0.0.0 Safari/537.36"

info: ::1 - - [23/Jan/2024:09:07:59 +0000] "GET /api/v1/books/6215899f05253301a4fda5d7 HTTP/1.1" 304 - "http://localhost:3001/" "Mozilla/5.0 (Windows NT 10.0; Win64; x64) AppleWebKit/537.36 (KHTML, like Gecko) Chrome/120.0.0.0 Safari/537.36"

info: ::1 - - [23/Jan/2024:09:08:01 +0000] "GET /api/v1/books HTTP/1.1" 304 - "http://localhost:3001/" "Mozilla/5.0 (Windows NT 10.0; Win64; x64) AppleWebKit/537.36 (KHTML, like Gecko) Chrome/120.0.0.0 Safari/537.36"

info: ::1 - - [23/Jan/2024:09:08:01 +0000] "GET /api/v1/books HTTP/1.1" 304 - "http://localhost:3001/" "Mozilla/5.0 (Windows NT 10.0; Win64; x64) AppleWebKit/537.36 (KHTML, like Gecko) Chrome/120.0.0.0 Safari/537.36"

info: ::1 - - [23/Jan/2024:09:08:03 +0000] "GET /api/v1/books/6214803b05253301a4fda584 HTTP/1.1" 304 - "http://localhost:3001/" "Mozilla/5.0 (Windows NT 10.0; Win64; x64) AppleWebKit/537.36 (KHTML, like Gecko) Chrome/120.0.0.0 Safari/537.36"

info: ::1 - - [23/Jan/2024:09:08:03 +0000] "GET /api/v1/books/6214803b05253301a4fda584 HTTP/1.1" 304 - "http://localhost:3001/" "Mozilla/5.0 (Windows NT 10.0; Win64; x64) AppleWebKit/537.36 (KHTML, like Gecko) Chrome/120.0.0.0 Safari/537.36"

info: ::1 - - [23/Jan/2024:09:08:05 +0000] "POST /api/v1/wishlist/6214803b05253301a4fda584 HTTP/1.1" 201 211 "http://localhost:3001/" "Mozilla/5.0 (Windows NT 10.0; Win64; x64) AppleWebKit/537.36 (KHTML, like Gecko) Chrome/120.0.0.0 Safari/537.36"

info: ::1 - - [23/Jan/2024:09:08:08 +0000] "GET /api/v1/wishlist HTTP/1.1" 200 213 "http://localhost:3001/" "Mozilla/5.0 (Windows NT 10.0; Win64; x64) AppleWebKit/537.36 (KHTML, like Gecko) Chrome/120.0.0.0 Safari/537.36"

info: ::1 - - [23/Jan/2024:09:08:08 +0000] "GET /api/v1/wishlist HTTP/1.1" 304 - "http://localhost:3001/" "Mozilla/5.0 (Windows NT 10.0; Win64; x64) AppleWebKit/537.36 (KHTML, like Gecko) Chrome/120.0.0.0 Safari/537.36"

info: ::1 - - [23/Jan/2024:09:08:08 +0000] "GET /api/v1/books/6214803b05253301a4fda584 HTTP/1.1" 304 - "http://localhost:3001/" "Mozilla/5.0 (Windows NT 10.0; Win64; x64) AppleWebKit/537.36 (KHTML, like Gecko) Chrome/120.0.0.0 Safari/537.36"

info: ::1 - - [23/Jan/2024:09:08:08 +0000] "GET /api/v1/books/6215899f05253301a4fda5d7 HTTP/1.1" 304 - "http://localhost:3001/" "Mozilla/5.0 (Windows NT 10.0; Win64; x64) AppleWebKit/537.36 (KHTML, like Gecko) Chrome/120.0.0.0 Safari/537.36"

info: ::1 - - [23/Jan/2024:09:08:08 +0000] "GET /api/v1/books/6214803b05253301a4fda584 HTTP/1.1" 304 - "http://localhost:3001/" "Mozilla/5.0 (Windows NT 10.0; Win64; x64) AppleWebKit/537.36 (KHTML, like Gecko) Chrome/120.0.0.0 Safari/537.36"

info: ::1 - - [23/Jan/2024:09:08:08 +0000] "GET /api/v1/books/6215899f05253301a4fda5d7 HTTP/1.1" 304 - "http://localhost:3001/" "Mozilla/5.0 (Windows NT 10.0; Win64; x64) AppleWebKit/537.36 (KHTML, like Gecko) Chrome/120.0.0.0 Safari/537.36"

info: ::1 - - [23/Jan/2024:09:08:23 +0000] "GET /api/v1/books/6214803b05253301a4fda584 HTTP/1.1" 304 - "http://localhost:3001/" "Mozilla/5.0 (Windows NT 10.0; Win64; x64) AppleWebKit/537.36 (KHTML, like Gecko) Chrome/120.0.0.0 Safari/537.36"

info: ::1 - - [23/Jan/2024:09:08:23 +0000] "GET /api/v1/books/6214803b05253301a4fda584 HTTP/1.1" 304 - "http://localhost:3001/" "Mozilla/5.0 (Windows NT 10.0; Win64; x64) AppleWebKit/537.36 (KHTML, like Gecko) Chrome/120.0.0.0 Safari/537.36"

info: ::1 - - [23/Jan/2024:09:08:25 +0000] "GET /api/v1/books HTTP/1.1" 304 - "http://localhost:3001/" "Mozilla/5.0 (Windows NT 10.0; Win64; x64) AppleWebKit/537.36 (KHTML, like Gecko) Chrome/120.0.0.0 Safari/537.36"

info: ::1 - - [23/Jan/2024:09:08:25 +0000] "GET /api/v1/books HTTP/1.1" 304 - "http://localhost:3001/" "Mozilla/5.0 (Windows NT 10.0; Win64; x64) AppleWebKit/537.36 (KHTML, like Gecko) Chrome/120.0.0.0 Safari/537.36"

info: ::1 - - [23/Jan/2024:09:08:27 +0000] "GET /api/v1/cart HTTP/1.1" 304 - "http://localhost:3001/" "Mozilla/5.0 (Windows NT 10.0; Win64; x64) AppleWebKit/537.36 (KHTML, like Gecko) Chrome/120.0.0.0 Safari/537.36"

info: ::1 - - [23/Jan/2024:09:08:27 +0000] "GET /api/v1/cart HTTP/1.1" 304 - "http://localhost:3001/" "Mozilla/5.0 (Windows NT 10.0; Win64; x64) AppleWebKit/537.36 (KHTML, like Gecko) Chrome/120.0.0.0 Safari/537.36"

info: ::1 - - [23/Jan/2024:09:08:27 +0000] "GET /api/v1/books/6214803b05253301a4fda584 HTTP/1.1" 304 - "http://localhost:3001/" "Mozilla/5.0 (Windows NT 10.0; Win64; x64) AppleWebKit/537.36 (KHTML, like Gecko) Chrome/120.0.0.0 Safari/537.36"

info: ::1 - - [23/Jan/2024:09:08:27 +0000] "GET /api/v1/books/621589b605253301a4fda5d8 HTTP/1.1" 304 - "http://localhost:3001/" "Mozilla/5.0 (Windows NT 10.0; Win64; x64) AppleWebKit/537.36 (KHTML, like Gecko) Chrome/120.0.0.0 Safari/537.36"

info: ::1 - - [23/Jan/2024:09:08:28 +0000] "GET /api/v1/books/6214803b05253301a4fda584 HTTP/1.1" 304 - "http://localhost:3001/" "Mozilla/5.0 (Windows NT 10.0; Win64; x64) AppleWebKit/537.36 (KHTML, like Gecko) Chrome/120.0.0.0 Safari/537.36"

info: ::1 - - [23/Jan/2024:09:08:28 +0000] "GET /api/v1/books/621589b605253301a4fda5d8 HTTP/1.1" 304 - "http://localhost:3001/" "Mozilla/5.0 (Windows NT 10.0; Win64; x64) AppleWebKit/537.36 (KHTML, like Gecko) Chrome/120.0.0.0 Safari/537.36"

info: ::1 - - [23/Jan/2024:09:09:08 +0000] "GET /api/v1/books/621589b605253301a4fda5d8 HTTP/1.1" 304 - "http://localhost:3001/" "Mozilla/5.0 (Windows NT 10.0; Win64; x64) AppleWebKit/537.36 (KHTML, like Gecko) Chrome/120.0.0.0 Safari/537.36"

info: ::1 - - [23/Jan/2024:09:09:08 +0000] "GET /api/v1/books/621589b605253301a4fda5d8 HTTP/1.1" 304 - "http://localhost:3001/" "Mozilla/5.0 (Windows NT 10.0; Win64; x64) AppleWebKit/537.36 (KHTML, like Gecko) Chrome/120.0.0.0 Safari/537.36"

info: ::1 - - [23/Jan/2024:09:09:11 +0000] "GET /api/v1/cart HTTP/1.1" 304 - "http://localhost:3001/" "Mozilla/5.0 (Windows NT 10.0; Win64; x64) AppleWebKit/537.36 (KHTML, like Gecko) Chrome/120.0.0.0 Safari/537.36"

info: ::1 - - [23/Jan/2024:09:09:11 +0000] "GET /api/v1/cart HTTP/1.1" 304 - "http://localhost:3001/" "Mozilla/5.0 (Windows NT 10.0; Win64; x64) AppleWebKit/537.36 (KHTML, like Gecko) Chrome/120.0.0.0 Safari/537.36"

info: ::1 - - [23/Jan/2024:09:09:11 +0000] "GET /api/v1/books/621589b605253301a4fda5d8 HTTP/1.1" 304 - "http://localhost:3001/" "Mozilla/5.0 (Windows NT 10.0; Win64; x64) AppleWebKit/537.36 (KHTML, like Gecko) Chrome/120.0.0.0 Safari/537.36"

info: ::1 - - [23/Jan/2024:09:09:11 +0000] "GET /api/v1/books/6214803b05253301a4fda584 HTTP/1.1" 304 - "http://localhost:3001/" "Mozilla/5.0 (Windows NT 10.0; Win64; x64) AppleWebKit/537.36 (KHTML, like Gecko) Chrome/120.0.0.0 Safari/537.36"

info: ::1 - - [23/Jan/2024:09:09:11 +0000] "GET /api/v1/books/621589b605253301a4fda5d8 HTTP/1.1" 304 - "http://localhost:3001/" "Mozilla/5.0 (Windows NT 10.0; Win64; x64) AppleWebKit/537.36 (KHTML, like Gecko) Chrome/120.0.0.0 Safari/537.36"

info: ::1 - - [23/Jan/2024:09:09:11 +0000] "GET /api/v1/books/6214803b05253301a4fda584 HTTP/1.1" 304 - "http://localhost:3001/" "Mozilla/5.0 (Windows NT 10.0; Win64; x64) AppleWebKit/537.36 (KHTML, like Gecko) Chrome/120.0.0.0 Safari/537.36"

info: ::1 - - [23/Jan/2024:09:10:49 +0000] "POST /api/v1/cart/6214803b05253301a4fda584 HTTP/1.1" 201 257 "http://localhost:3001/" "Mozilla/5.0 (Windows NT 10.0; Win64; x64) AppleWebKit/537.36 (KHTML, like Gecko) Chrome/120.0.0.0 Safari/537.36"

info: ::1 - - [23/Jan/2024:09:10:53 +0000] "GET /api/v1/books HTTP/1.1" 200 9286 "http://localhost:3001/" "Mozilla/5.0 (Windows NT 10.0; Win64; x64) AppleWebKit/537.36 (KHTML, like Gecko) Chrome/120.0.0.0 Safari/537.36"

info: ::1 - - [23/Jan/2024:09:10:53 +0000] "GET /api/v1/books HTTP/1.1" 304 - "http://localhost:3001/" "Mozilla/5.0 (Windows NT 10.0; Win64; x64) AppleWebKit/537.36 (KHTML, like Gecko) Chrome/120.0.0.0 Safari/537.36"

info: ::1 - - [23/Jan/2024:09:10:58 +0000] "GET /api/v1/wishlist HTTP/1.1" 304 - "http://localhost:3001/" "Mozilla/5.0 (Windows NT 10.0; Win64; x64) AppleWebKit/537.36 (KHTML, like Gecko) Chrome/120.0.0.0 Safari/537.36"

info: ::1 - - [23/Jan/2024:09:10:58 +0000] "GET /api/v1/wishlist HTTP/1.1" 304 - "http://localhost:3001/" "Mozilla/5.0 (Windows NT 10.0; Win64; x64) AppleWebKit/537.36 (KHTML, like Gecko) Chrome/120.0.0.0 Safari/537.36"

info: ::1 - - [23/Jan/2024:09:10:58 +0000] "GET /api/v1/books/6215899f05253301a4fda5d7 HTTP/1.1" 304 - "http://localhost:3001/" "Mozilla/5.0 (Windows NT 10.0; Win64; x64) AppleWebKit/537.36 (KHTML, like Gecko) Chrome/120.0.0.0 Safari/537.36"

info: ::1 - - [23/Jan/2024:09:10:58 +0000] "GET /api/v1/books/6214803b05253301a4fda584 HTTP/1.1" 200 1335 "http://localhost:3001/" "Mozilla/5.0 (Windows NT 10.0; Win64; x64) AppleWebKit/537.36 (KHTML, like Gecko) Chrome/120.0.0.0 Safari/537.36"

info: ::1 - - [23/Jan/2024:09:10:58 +0000] "GET /api/v1/books/6215899f05253301a4fda5d7 HTTP/1.1" 304 - "http://localhost:3001/" "Mozilla/5.0 (Windows NT 10.0; Win64; x64) AppleWebKit/537.36 (KHTML, like Gecko) Chrome/120.0.0.0 Safari/537.36"

info: ::1 - - [23/Jan/2024:09:10:58 +0000] "GET /api/v1/books/6214803b05253301a4fda584 HTTP/1.1" 304 - "http://localhost:3001/" "Mozilla/5.0 (Windows NT 10.0; Win64; x64) AppleWebKit/537.36 (KHTML, like Gecko) Chrome/120.0.0.0 Safari/537.36"

info: ::1 - - [23/Jan/2024:10:15:49 +0000] "POST /api/v1/users/login HTTP/1.1" 201 212 "http://localhost:3001/" "Mozilla/5.0 (Windows NT 10.0; Win64; x64) AppleWebKit/537.36 (KHTML, like Gecko) Chrome/120.0.0.0 Safari/537.36"

info: ::1 - - [23/Jan/2024:10:15:49 +0000] "GET /api/v1/books HTTP/1.1" 304 - "http://localhost:3001/" "Mozilla/5.0 (Windows NT 10.0; Win64; x64) AppleWebKit/537.36 (KHTML, like Gecko) Chrome/120.0.0.0 Safari/537.36"

info: ::1 - - [23/Jan/2024:10:15:49 +0000] "GET /api/v1/books HTTP/1.1" 304 - "http://localhost:3001/" "Mozilla/5.0 (Windows NT 10.0; Win64; x64) AppleWebKit/537.36 (KHTML, like Gecko) Chrome/120.0.0.0 Safari/537.36"

info: ::1 - - [23/Jan/2024:10:16:09 +0000] "GET /api/v1/books HTTP/1.1" 304 - "http://localhost:3001/" "Mozilla/5.0 (Windows NT 10.0; Win64; x64) AppleWebKit/537.36 (KHTML, like Gecko) Chrome/120.0.0.0 Safari/537.36"

info: ::1 - - [23/Jan/2024:10:16:09 +0000] "GET /api/v1/books HTTP/1.1" 304 - "http://localhost:3001/" "Mozilla/5.0 (Windows NT 10.0; Win64; x64) AppleWebKit/537.36 (KHTML, like Gecko) Chrome/120.0.0.0 Safari/537.36"

info: ::1 - - [23/Jan/2024:10:16:17 +0000] "GET /api/v1/cart HTTP/1.1" 200 259 "http://localhost:3001/" "Mozilla/5.0 (Windows NT 10.0; Win64; x64) AppleWebKit/537.36 (KHTML, like Gecko) Chrome/120.0.0.0 Safari/537.36"

info: ::1 - - [23/Jan/2024:10:16:17 +0000] "GET /api/v1/cart HTTP/1.1" 304 - "http://localhost:3001/" "Mozilla/5.0 (Windows NT 10.0; Win64; x64) AppleWebKit/537.36 (KHTML, like Gecko) Chrome/120.0.0.0 Safari/537.36"

info: ::1 - - [23/Jan/2024:10:16:17 +0000] "GET /api/v1/books/621589b605253301a4fda5d8 HTTP/1.1" 304 - "http://localhost:3001/" "Mozilla/5.0 (Windows NT 10.0; Win64; x64) AppleWebKit/537.36 (KHTML, like Gecko) Chrome/120.0.0.0 Safari/537.36"

info: ::1 - - [23/Jan/2024:10:16:17 +0000] "GET /api/v1/books/6214803b05253301a4fda584 HTTP/1.1" 304 - "http://localhost:3001/" "Mozilla/5.0 (Windows NT 10.0; Win64; x64) AppleWebKit/537.36 (KHTML, like Gecko) Chrome/120.0.0.0 Safari/537.36"

info: ::1 - - [23/Jan/2024:10:16:17 +0000] "GET /api/v1/books/621589b605253301a4fda5d8 HTTP/1.1" 304 - "http://localhost:3001/" "Mozilla/5.0 (Windows NT 10.0; Win64; x64) AppleWebKit/537.36 (KHTML, like Gecko) Chrome/120.0.0.0 Safari/537.36"

info: ::1 - - [23/Jan/2024:10:16:17 +0000] "GET /api/v1/books/6214803b05253301a4fda584 HTTP/1.1" 304 - "http://localhost:3001/" "Mozilla/5.0 (Windows NT 10.0; Win64; x64) AppleWebKit/537.36 (KHTML, like Gecko) Chrome/120.0.0.0 Safari/537.36"

info: ::1 - - [23/Jan/2024:10:16:22 +0000] "GET /api/v1/wishlist HTTP/1.1" 304 - "http://localhost:3001/" "Mozilla/5.0 (Windows NT 10.0; Win64; x64) AppleWebKit/537.36 (KHTML, like Gecko) Chrome/120.0.0.0 Safari/537.36"

info: ::1 - - [23/Jan/2024:10:16:22 +0000] "GET /api/v1/wishlist HTTP/1.1" 304 - "http://localhost:3001/" "Mozilla/5.0 (Windows NT 10.0; Win64; x64) AppleWebKit/537.36 (KHTML, like Gecko) Chrome/120.0.0.0 Safari/537.36"

info: ::1 - - [23/Jan/2024:10:16:22 +0000] "GET /api/v1/books/6215899f05253301a4fda5d7 HTTP/1.1" 304 - "http://localhost:3001/" "Mozilla/5.0 (Windows NT 10.0; Win64; x64) AppleWebKit/537.36 (KHTML, like Gecko) Chrome/120.0.0.0 Safari/537.36"

info: ::1 - - [23/Jan/2024:10:16:22 +0000] "GET /api/v1/books/6214803b05253301a4fda584 HTTP/1.1" 304 - "http://localhost:3001/" "Mozilla/5.0 (Windows NT 10.0; Win64; x64) AppleWebKit/537.36 (KHTML, like Gecko) Chrome/120.0.0.0 Safari/537.36"

info: ::1 - - [23/Jan/2024:10:16:22 +0000] "GET /api/v1/books/6215899f05253301a4fda5d7 HTTP/1.1" 304 - "http://localhost:3001/" "Mozilla/5.0 (Windows NT 10.0; Win64; x64) AppleWebKit/537.36 (KHTML, like Gecko) Chrome/120.0.0.0 Safari/537.36"

info: ::1 - - [23/Jan/2024:10:16:22 +0000] "GET /api/v1/books/6214803b05253301a4fda584 HTTP/1.1" 304 - "http://localhost:3001/" "Mozilla/5.0 (Windows NT 10.0; Win64; x64) AppleWebKit/537.36 (KHTML, like Gecko) Chrome/120.0.0.0 Safari/537.36"

info: ::1 - - [23/Jan/2024:10:16:26 +0000] "GET /api/v1/cart HTTP/1.1" 304 - "http://localhost:3001/" "Mozilla/5.0 (Windows NT 10.0; Win64; x64) AppleWebKit/537.36 (KHTML, like Gecko) Chrome/120.0.0.0 Safari/537.36"

info: ::1 - - [23/Jan/2024:10:16:26 +0000] "GET /api/v1/cart HTTP/1.1" 304 - "http://localhost:3001/" "Mozilla/5.0 (Windows NT 10.0; Win64; x64) AppleWebKit/537.36 (KHTML, like Gecko) Chrome/120.0.0.0 Safari/537.36"

info: ::1 - - [23/Jan/2024:10:16:26 +0000] "GET /api/v1/books/6214803b05253301a4fda584 HTTP/1.1" 304 - "http://localhost:3001/" "Mozilla/5.0 (Windows NT 10.0; Win64; x64) AppleWebKit/537.36 (KHTML, like Gecko) Chrome/120.0.0.0 Safari/537.36"

info: ::1 - - [23/Jan/2024:10:16:26 +0000] "GET /api/v1/books/621589b605253301a4fda5d8 HTTP/1.1" 304 - "http://localhost:3001/" "Mozilla/5.0 (Windows NT 10.0; Win64; x64) AppleWebKit/537.36 (KHTML, like Gecko) Chrome/120.0.0.0 Safari/537.36"

info: ::1 - - [23/Jan/2024:10:16:26 +0000] "GET /api/v1/books/6214803b05253301a4fda584 HTTP/1.1" 304 - "http://localhost:3001/" "Mozilla/5.0 (Windows NT 10.0; Win64; x64) AppleWebKit/537.36 (KHTML, like Gecko) Chrome/120.0.0.0 Safari/537.36"

info: ::1 - - [23/Jan/2024:10:16:26 +0000] "GET /api/v1/books/621589b605253301a4fda5d8 HTTP/1.1" 304 - "http://localhost:3001/" "Mozilla/5.0 (Windows NT 10.0; Win64; x64) AppleWebKit/537.36 (KHTML, like Gecko) Chrome/120.0.0.0 Safari/537.36"

info: ::1 - - [23/Jan/2024:10:16:27 +0000] "GET /api/v1/books HTTP/1.1" 304 - "http://localhost:3001/" "Mozilla/5.0 (Windows NT 10.0; Win64; x64) AppleWebKit/537.36 (KHTML, like Gecko) Chrome/120.0.0.0 Safari/537.36"

info: ::1 - - [23/Jan/2024:10:16:27 +0000] "GET /api/v1/books HTTP/1.1" 304 - "http://localhost:3001/" "Mozilla/5.0 (Windows NT 10.0; Win64; x64) AppleWebKit/537.36 (KHTML, like Gecko) Chrome/120.0.0.0 Safari/537.36"

info: ::1 - - [23/Jan/2024:10:17:15 +0000] "GET /api/v1/books HTTP/1.1" 304 - "http://localhost:3001/" "Mozilla/5.0 (Windows NT 10.0; Win64; x64) AppleWebKit/537.36 (KHTML, like Gecko) Chrome/120.0.0.0 Safari/537.36"

info: ::1 - - [23/Jan/2024:10:17:15 +0000] "GET /api/v1/books HTTP/1.1" 304 - "http://localhost:3001/" "Mozilla/5.0 (Windows NT 10.0; Win64; x64) AppleWebKit/537.36 (KHTML, like Gecko) Chrome/120.0.0.0 Safari/537.36"

info: ::1 - - [23/Jan/2024:10:18:05 +0000] "GET /api/v1/books HTTP/1.1" 304 - "http://localhost:3001/" "Mozilla/5.0 (Windows NT 10.0; Win64; x64) AppleWebKit/537.36 (KHTML, like Gecko) Chrome/120.0.0.0 Safari/537.36"

info: ::1 - - [23/Jan/2024:10:18:05 +0000] "GET /api/v1/books HTTP/1.1" 304 - "http://localhost:3001/" "Mozilla/5.0 (Windows NT 10.0; Win64; x64) AppleWebKit/537.36 (KHTML, like Gecko) Chrome/120.0.0.0 Safari/537.36"

info: ::1 - - [23/Jan/2024:10:25:51 +0000] "GET /api/v1/cart HTTP/1.1" 304 - "http://localhost:3001/" "Mozilla/5.0 (Windows NT 10.0; Win64; x64) AppleWebKit/537.36 (KHTML, like Gecko) Chrome/120.0.0.0 Safari/537.36"

info: ::1 - - [23/Jan/2024:10:25:51 +0000] "GET /api/v1/cart HTTP/1.1" 304 - "http://localhost:3001/" "Mozilla/5.0 (Windows NT 10.0; Win64; x64) AppleWebKit/537.36 (KHTML, like Gecko) Chrome/120.0.0.0 Safari/537.36"

info: ::1 - - [23/Jan/2024:10:25:51 +0000] "GET /api/v1/books/621589b605253301a4fda5d8 HTTP/1.1" 304 - "http://localhost:3001/" "Mozilla/5.0 (Windows NT 10.0; Win64; x64) AppleWebKit/537.36 (KHTML, like Gecko) Chrome/120.0.0.0 Safari/537.36"

info: ::1 - - [23/Jan/2024:10:25:51 +0000] "GET /api/v1/books/6214803b05253301a4fda584 HTTP/1.1" 304 - "http://localhost:3001/" "Mozilla/5.0 (Windows NT 10.0; Win64; x64) AppleWebKit/537.36 (KHTML, like Gecko) Chrome/120.0.0.0 Safari/537.36"

info: ::1 - - [23/Jan/2024:10:25:51 +0000] "GET /api/v1/books/621589b605253301a4fda5d8 HTTP/1.1" 304 - "http://localhost:3001/" "Mozilla/5.0 (Windows NT 10.0; Win64; x64) AppleWebKit/537.36 (KHTML, like Gecko) Chrome/120.0.0.0 Safari/537.36"

info: ::1 - - [23/Jan/2024:10:25:51 +0000] "GET /api/v1/books/6214803b05253301a4fda584 HTTP/1.1" 304 - "http://localhost:3001/" "Mozilla/5.0 (Windows NT 10.0; Win64; x64) AppleWebKit/537.36 (KHTML, like Gecko) Chrome/120.0.0.0 Safari/537.36"

info: ::1 - - [23/Jan/2024:10:35:54 +0000] "POST /api/v1/users/login HTTP/1.1" 201 212 "http://localhost:3001/" "Mozilla/5.0 (Windows NT 10.0; Win64; x64) AppleWebKit/537.36 (KHTML, like Gecko) Chrome/120.0.0.0 Safari/537.36"

info: ::1 - - [23/Jan/2024:10:35:54 +0000] "GET /api/v1/books HTTP/1.1" 304 - "http://localhost:3001/" "Mozilla/5.0 (Windows NT 10.0; Win64; x64) AppleWebKit/537.36 (KHTML, like Gecko) Chrome/120.0.0.0 Safari/537.36"

info: ::1 - - [23/Jan/2024:10:35:54 +0000] "GET /api/v1/books HTTP/1.1" 304 - "http://localhost:3001/" "Mozilla/5.0 (Windows NT 10.0; Win64; x64) AppleWebKit/537.36 (KHTML, like Gecko) Chrome/120.0.0.0 Safari/537.36"

info: ::1 - - [23/Jan/2024:10:35:57 +0000] "GET /api/v1/books HTTP/1.1" 304 - "http://localhost:3001/" "Mozilla/5.0 (Windows NT 10.0; Win64; x64) AppleWebKit/537.36 (KHTML, like Gecko) Chrome/120.0.0.0 Safari/537.36"

info: ::1 - - [23/Jan/2024:10:35:57 +0000] "GET /api/v1/books HTTP/1.1" 304 - "http://localhost:3001/" "Mozilla/5.0 (Windows NT 10.0; Win64; x64) AppleWebKit/537.36 (KHTML, like Gecko) Chrome/120.0.0.0 Safari/537.36"

info: ::1 - - [23/Jan/2024:10:36:42 +0000] "POST /api/v1/users/login HTTP/1.1" 201 212 "http://localhost:3001/" "Mozilla/5.0 (Windows NT 10.0; Win64; x64) AppleWebKit/537.36 (KHTML, like Gecko) Chrome/120.0.0.0 Safari/537.36"

info: ::1 - - [23/Jan/2024:10:36:42 +0000] "GET /api/v1/books HTTP/1.1" 304 - "http://localhost:3001/" "Mozilla/5.0 (Windows NT 10.0; Win64; x64) AppleWebKit/537.36 (KHTML, like Gecko) Chrome/120.0.0.0 Safari/537.36"

info: ::1 - - [23/Jan/2024:10:36:42 +0000] "GET /api/v1/books HTTP/1.1" 304 - "http://localhost:3001/" "Mozilla/5.0 (Windows NT 10.0; Win64; x64) AppleWebKit/537.36 (KHTML, like Gecko) Chrome/120.0.0.0 Safari/537.36"

info: ::1 - - [23/Jan/2024:10:36:44 +0000] "GET /api/v1/books/6214803b05253301a4fda584 HTTP/1.1" 304 - "http://localhost:3001/" "Mozilla/5.0 (Windows NT 10.0; Win64; x64) AppleWebKit/537.36 (KHTML, like Gecko) Chrome/120.0.0.0 Safari/537.36"

info: ::1 - - [23/Jan/2024:10:36:44 +0000] "GET /api/v1/books/6214803b05253301a4fda584 HTTP/1.1" 304 - "http://localhost:3001/" "Mozilla/5.0 (Windows NT 10.0; Win64; x64) AppleWebKit/537.36 (KHTML, like Gecko) Chrome/120.0.0.0 Safari/537.36"

info: ::1 - - [23/Jan/2024:10:36:45 +0000] "POST /api/v1/cart/6214803b05253301a4fda584 HTTP/1.1" 201 258 "http://localhost:3001/" "Mozilla/5.0 (Windows NT 10.0; Win64; x64) AppleWebKit/537.36 (KHTML, like Gecko) Chrome/120.0.0.0 Safari/537.36"

info: ::1 - - [23/Jan/2024:10:36:48 +0000] "GET /api/v1/books/6214803b05253301a4fda584 HTTP/1.1" 200 1335 "http://localhost:3001/" "Mozilla/5.0 (Windows NT 10.0; Win64; x64) AppleWebKit/537.36 (KHTML, like Gecko) Chrome/120.0.0.0 Safari/537.36"

info: ::1 - - [23/Jan/2024:10:36:48 +0000] "GET /api/v1/books/6214803b05253301a4fda584 HTTP/1.1" 304 - "http://localhost:3001/" "Mozilla/5.0 (Windows NT 10.0; Win64; x64) AppleWebKit/537.36 (KHTML, like Gecko) Chrome/120.0.0.0 Safari/537.36"

info: ::1 - - [23/Jan/2024:10:38:45 +0000] "GET /api/v1/cart HTTP/1.1" 200 260 "http://localhost:3001/" "Mozilla/5.0 (Windows NT 10.0; Win64; x64) AppleWebKit/537.36 (KHTML, like Gecko) Chrome/120.0.0.0 Safari/537.36"

info: ::1 - - [23/Jan/2024:10:38:45 +0000] "GET /api/v1/cart HTTP/1.1" 304 - "http://localhost:3001/" "Mozilla/5.0 (Windows NT 10.0; Win64; x64) AppleWebKit/537.36 (KHTML, like Gecko) Chrome/120.0.0.0 Safari/537.36"

info: ::1 - - [23/Jan/2024:10:38:45 +0000] "GET /api/v1/books/621589b605253301a4fda5d8 HTTP/1.1" 304 - "http://localhost:3001/" "Mozilla/5.0 (Windows NT 10.0; Win64; x64) AppleWebKit/537.36 (KHTML, like Gecko) Chrome/120.0.0.0 Safari/537.36"

info: ::1 - - [23/Jan/2024:10:38:45 +0000] "GET /api/v1/books/6214803b05253301a4fda584 HTTP/1.1" 304 - "http://localhost:3001/" "Mozilla/5.0 (Windows NT 10.0; Win64; x64) AppleWebKit/537.36 (KHTML, like Gecko) Chrome/120.0.0.0 Safari/537.36"

info: ::1 - - [23/Jan/2024:10:38:45 +0000] "GET /api/v1/books/621589b605253301a4fda5d8 HTTP/1.1" 304 - "http://localhost:3001/" "Mozilla/5.0 (Windows NT 10.0; Win64; x64) AppleWebKit/537.36 (KHTML, like Gecko) Chrome/120.0.0.0 Safari/537.36"

info: ::1 - - [23/Jan/2024:10:38:45 +0000] "GET /api/v1/books/6214803b05253301a4fda584 HTTP/1.1" 304 - "http://localhost:3001/" "Mozilla/5.0 (Windows NT 10.0; Win64; x64) AppleWebKit/537.36 (KHTML, like Gecko) Chrome/120.0.0.0 Safari/537.36"

info: ::1 - - [23/Jan/2024:10:38:57 +0000] "GET /api/v1/books HTTP/1.1" 200 9286 "http://localhost:3001/" "Mozilla/5.0 (Windows NT 10.0; Win64; x64) AppleWebKit/537.36 (KHTML, like Gecko) Chrome/120.0.0.0 Safari/537.36"

info: ::1 - - [23/Jan/2024:10:38:57 +0000] "GET /api/v1/books HTTP/1.1" 304 - "http://localhost:3001/" "Mozilla/5.0 (Windows NT 10.0; Win64; x64) AppleWebKit/537.36 (KHTML, like Gecko) Chrome/120.0.0.0 Safari/537.36"

info: ::1 - - [23/Jan/2024:10:38:59 +0000] "GET /api/v1/books/6215899f05253301a4fda5d7 HTTP/1.1" 304 - "http://localhost:3001/" "Mozilla/5.0 (Windows NT 10.0; Win64; x64) AppleWebKit/537.36 (KHTML, like Gecko) Chrome/120.0.0.0 Safari/537.36"

info: ::1 - - [23/Jan/2024:10:38:59 +0000] "GET /api/v1/books/6215899f05253301a4fda5d7 HTTP/1.1" 304 - "http://localhost:3001/" "Mozilla/5.0 (Windows NT 10.0; Win64; x64) AppleWebKit/537.36 (KHTML, like Gecko) Chrome/120.0.0.0 Safari/537.36"

info: ::1 - - [23/Jan/2024:10:39:02 +0000] "POST /api/v1/cart/6215899f05253301a4fda5d7 HTTP/1.1" 201 354 "http://localhost:3001/" "Mozilla/5.0 (Windows NT 10.0; Win64; x64) AppleWebKit/537.36 (KHTML, like Gecko) Chrome/120.0.0.0 Safari/537.36"

info: ::1 - - [23/Jan/2024:10:39:04 +0000] "GET /api/v1/cart HTTP/1.1" 200 356 "http://localhost:3001/" "Mozilla/5.0 (Windows NT 10.0; Win64; x64) AppleWebKit/537.36 (KHTML, like Gecko) Chrome/120.0.0.0 Safari/537.36"

info: ::1 - - [23/Jan/2024:10:39:04 +0000] "GET /api/v1/cart HTTP/1.1" 304 - "http://localhost:3001/" "Mozilla/5.0 (Windows NT 10.0; Win64; x64) AppleWebKit/537.36 (KHTML, like Gecko) Chrome/120.0.0.0 Safari/537.36"

info: ::1 - - [23/Jan/2024:10:39:04 +0000] "GET /api/v1/books/6215899f05253301a4fda5d7 HTTP/1.1" 200 1088 "http://localhost:3001/" "Mozilla/5.0 (Windows NT 10.0; Win64; x64) AppleWebKit/537.36 (KHTML, like Gecko) Chrome/120.0.0.0 Safari/537.36"

info: ::1 - - [23/Jan/2024:10:39:04 +0000] "GET /api/v1/books/621589b605253301a4fda5d8 HTTP/1.1" 304 - "http://localhost:3001/" "Mozilla/5.0 (Windows NT 10.0; Win64; x64) AppleWebKit/537.36 (KHTML, like Gecko) Chrome/120.0.0.0 Safari/537.36"

info: ::1 - - [23/Jan/2024:10:39:04 +0000] "GET /api/v1/books/6214803b05253301a4fda584 HTTP/1.1" 304 - "http://localhost:3001/" "Mozilla/5.0 (Windows NT 10.0; Win64; x64) AppleWebKit/537.36 (KHTML, like Gecko) Chrome/120.0.0.0 Safari/537.36"

info: ::1 - - [23/Jan/2024:10:39:04 +0000] "GET /api/v1/books/6215899f05253301a4fda5d7 HTTP/1.1" 304 - "http://localhost:3001/" "Mozilla/5.0 (Windows NT 10.0; Win64; x64) AppleWebKit/537.36 (KHTML, like Gecko) Chrome/120.0.0.0 Safari/537.36"

info: ::1 - - [23/Jan/2024:10:39:04 +0000] "GET /api/v1/books/621589b605253301a4fda5d8 HTTP/1.1" 304 - "http://localhost:3001/" "Mozilla/5.0 (Windows NT 10.0; Win64; x64) AppleWebKit/537.36 (KHTML, like Gecko) Chrome/120.0.0.0 Safari/537.36"

info: ::1 - - [23/Jan/2024:10:39:04 +0000] "GET /api/v1/books/6214803b05253301a4fda584 HTTP/1.1" 304 - "http://localhost:3001/" "Mozilla/5.0 (Windows NT 10.0; Win64; x64) AppleWebKit/537.36 (KHTML, like Gecko) Chrome/120.0.0.0 Safari/537.36"

info: ::1 - - [23/Jan/2024:10:42:10 +0000] "GET /api/v1/cart HTTP/1.1" 304 - "http://localhost:3001/" "Mozilla/5.0 (Windows NT 10.0; Win64; x64) AppleWebKit/537.36 (KHTML, like Gecko) Chrome/120.0.0.0 Safari/537.36"

info: ::1 - - [23/Jan/2024:10:42:10 +0000] "GET /api/v1/books/621589b605253301a4fda5d8 HTTP/1.1" 304 - "http://localhost:3001/" "Mozilla/5.0 (Windows NT 10.0; Win64; x64) AppleWebKit/537.36 (KHTML, like Gecko) Chrome/120.0.0.0 Safari/537.36"

info: ::1 - - [23/Jan/2024:10:42:10 +0000] "GET /api/v1/books/6214803b05253301a4fda584 HTTP/1.1" 304 - "http://localhost:3001/" "Mozilla/5.0 (Windows NT 10.0; Win64; x64) AppleWebKit/537.36 (KHTML, like Gecko) Chrome/120.0.0.0 Safari/537.36"

info: ::1 - - [23/Jan/2024:10:42:10 +0000] "GET /api/v1/books/6215899f05253301a4fda5d7 HTTP/1.1" 304 - "http://localhost:3001/" "Mozilla/5.0 (Windows NT 10.0; Win64; x64) AppleWebKit/537.36 (KHTML, like Gecko) Chrome/120.0.0.0 Safari/537.36"

info: ::1 - - [23/Jan/2024:10:42:35 +0000] "POST /api/v1/cart/6215899f05253301a4fda5d7 HTTP/1.1" 201 354 "http://localhost:3001/" "Mozilla/5.0 (Windows NT 10.0; Win64; x64) AppleWebKit/537.36 (KHTML, like Gecko) Chrome/120.0.0.0 Safari/537.36"

info: ::1 - - [23/Jan/2024:10:42:53 +0000] "POST /api/v1/cart/6215899f05253301a4fda5d7 HTTP/1.1" 201 355 "http://localhost:3001/" "Mozilla/5.0 (Windows NT 10.0; Win64; x64) AppleWebKit/537.36 (KHTML, like Gecko) Chrome/120.0.0.0 Safari/537.36"

info: ::1 - - [23/Jan/2024:10:43:51 +0000] "DELETE /api/v1/cart/621589b605253301a4fda5d8 HTTP/1.1" 200 263 "-" "PostmanRuntime/7.36.1"

info: ::1 - - [23/Jan/2024:10:44:02 +0000] "DELETE /api/v1/cart/6215899f05253301a4fda5d7 HTTP/1.1" 200 166 "-" "PostmanRuntime/7.36.1"

info: ::1 - - [23/Jan/2024:10:44:11 +0000] "DELETE /api/v1/cart/6214803b05253301a4fda584 HTTP/1.1" 200 70 "-" "PostmanRuntime/7.36.1"

info: ::1 - - [23/Jan/2024:10:44:17 +0000] "GET /api/v1/cart HTTP/1.1" 200 68 "http://localhost:3001/" "Mozilla/5.0 (Windows NT 10.0; Win64; x64) AppleWebKit/537.36 (KHTML, like Gecko) Chrome/120.0.0.0 Safari/537.36"

info: ::1 - - [23/Jan/2024:10:44:17 +0000] "GET /api/v1/cart HTTP/1.1" 304 - "http://localhost:3001/" "Mozilla/5.0 (Windows NT 10.0; Win64; x64) AppleWebKit/537.36 (KHTML, like Gecko) Chrome/120.0.0.0 Safari/537.36"

info: ::1 - - [23/Jan/2024:10:44:19 +0000] "GET /api/v1/books/6215899f05253301a4fda5d7 HTTP/1.1" 200 1089 "http://localhost:3001/" "Mozilla/5.0 (Windows NT 10.0; Win64; x64) AppleWebKit/537.36 (KHTML, like Gecko) Chrome/120.0.0.0 Safari/537.36"

info: ::1 - - [23/Jan/2024:10:44:19 +0000] "GET /api/v1/books/6215899f05253301a4fda5d7 HTTP/1.1" 304 - "http://localhost:3001/" "Mozilla/5.0 (Windows NT 10.0; Win64; x64) AppleWebKit/537.36 (KHTML, like Gecko) Chrome/120.0.0.0 Safari/537.36"

info: ::1 - - [23/Jan/2024:10:44:26 +0000] "POST /api/v1/cart/6215899f05253301a4fda5d7 HTTP/1.1" 201 161 "http://localhost:3001/" "Mozilla/5.0 (Windows NT 10.0; Win64; x64) AppleWebKit/537.36 (KHTML, like Gecko) Chrome/120.0.0.0 Safari/537.36"

info: ::1 - - [23/Jan/2024:10:44:28 +0000] "GET /api/v1/cart HTTP/1.1" 200 163 "http://localhost:3001/" "Mozilla/5.0 (Windows NT 10.0; Win64; x64) AppleWebKit/537.36 (KHTML, like Gecko) Chrome/120.0.0.0 Safari/537.36"

info: ::1 - - [23/Jan/2024:10:44:28 +0000] "GET /api/v1/cart HTTP/1.1" 304 - "http://localhost:3001/" "Mozilla/5.0 (Windows NT 10.0; Win64; x64) AppleWebKit/537.36 (KHTML, like Gecko) Chrome/120.0.0.0 Safari/537.36"

info: ::1 - - [23/Jan/2024:10:44:28 +0000] "GET /api/v1/books/6215899f05253301a4fda5d7 HTTP/1.1" 200 1088 "http://localhost:3001/" "Mozilla/5.0 (Windows NT 10.0; Win64; x64) AppleWebKit/537.36 (KHTML, like Gecko) Chrome/120.0.0.0 Safari/537.36"

info: ::1 - - [23/Jan/2024:10:44:28 +0000] "GET /api/v1/books/6215899f05253301a4fda5d7 HTTP/1.1" 304 - "http://localhost:3001/" "Mozilla/5.0 (Windows NT 10.0; Win64; x64) AppleWebKit/537.36 (KHTML, like Gecko) Chrome/120.0.0.0 Safari/537.36"

info: ::1 - - [23/Jan/2024:10:44:31 +0000] "POST /api/v1/cart/6215899f05253301a4fda5d7 HTTP/1.1" 201 161 "http://localhost:3001/" "Mozilla/5.0 (Windows NT 10.0; Win64; x64) AppleWebKit/537.36 (KHTML, like Gecko) Chrome/120.0.0.0 Safari/537.36"

info: ::1 - - [23/Jan/2024:10:44:35 +0000] "POST /api/v1/cart/6215899f05253301a4fda5d7 HTTP/1.1" 201 162 "http://localhost:3001/" "Mozilla/5.0 (Windows NT 10.0; Win64; x64) AppleWebKit/537.36 (KHTML, like Gecko) Chrome/120.0.0.0 Safari/537.36"

info: ::1 - - [23/Jan/2024:10:48:18 +0000] "GET /api/v1/cart HTTP/1.1" 200 164 "http://localhost:3001/" "Mozilla/5.0 (Windows NT 10.0; Win64; x64) AppleWebKit/537.36 (KHTML, like Gecko) Chrome/120.0.0.0 Safari/537.36"

info: ::1 - - [23/Jan/2024:10:48:18 +0000] "GET /api/v1/cart HTTP/1.1" 304 - "http://localhost:3001/" "Mozilla/5.0 (Windows NT 10.0; Win64; x64) AppleWebKit/537.36 (KHTML, like Gecko) Chrome/120.0.0.0 Safari/537.36"

info: ::1 - - [23/Jan/2024:10:48:18 +0000] "GET /api/v1/books/6215899f05253301a4fda5d7 HTTP/1.1" 200 1088 "http://localhost:3001/" "Mozilla/5.0 (Windows NT 10.0; Win64; x64) AppleWebKit/537.36 (KHTML, like Gecko) Chrome/120.0.0.0 Safari/537.36"

info: ::1 - - [23/Jan/2024:10:48:18 +0000] "GET /api/v1/books/6215899f05253301a4fda5d7 HTTP/1.1" 304 - "http://localhost:3001/" "Mozilla/5.0 (Windows NT 10.0; Win64; x64) AppleWebKit/537.36 (KHTML, like Gecko) Chrome/120.0.0.0 Safari/537.36"

info: ::1 - - [23/Jan/2024:10:56:58 +0000] "GET /api/v1/cart HTTP/1.1" 304 - "http://localhost:3001/" "Mozilla/5.0 (Windows NT 10.0; Win64; x64) AppleWebKit/537.36 (KHTML, like Gecko) Chrome/120.0.0.0 Safari/537.36"

info: ::1 - - [23/Jan/2024:10:56:58 +0000] "GET /api/v1/books/6215899f05253301a4fda5d7 HTTP/1.1" 304 - "http://localhost:3001/" "Mozilla/5.0 (Windows NT 10.0; Win64; x64) AppleWebKit/537.36 (KHTML, like Gecko) Chrome/120.0.0.0 Safari/537.36"

info: ::1 - - [23/Jan/2024:10:57:03 +0000] "GET /api/v1/cart HTTP/1.1" 304 - "http://localhost:3001/" "Mozilla/5.0 (Windows NT 10.0; Win64; x64) AppleWebKit/537.36 (KHTML, like Gecko) Chrome/120.0.0.0 Safari/537.36"

info: ::1 - - [23/Jan/2024:10:57:03 +0000] "GET /api/v1/cart HTTP/1.1" 304 - "http://localhost:3001/" "Mozilla/5.0 (Windows NT 10.0; Win64; x64) AppleWebKit/537.36 (KHTML, like Gecko) Chrome/120.0.0.0 Safari/537.36"

info: ::1 - - [23/Jan/2024:10:57:03 +0000] "GET /api/v1/books/6215899f05253301a4fda5d7 HTTP/1.1" 304 - "http://localhost:3001/" "Mozilla/5.0 (Windows NT 10.0; Win64; x64) AppleWebKit/537.36 (KHTML, like Gecko) Chrome/120.0.0.0 Safari/537.36"

info: ::1 - - [23/Jan/2024:10:57:03 +0000] "GET /api/v1/books/6215899f05253301a4fda5d7 HTTP/1.1" 304 - "http://localhost:3001/" "Mozilla/5.0 (Windows NT 10.0; Win64; x64) AppleWebKit/537.36 (KHTML, like Gecko) Chrome/120.0.0.0 Safari/537.36"

info: ::1 - - [23/Jan/2024:10:57:19 +0000] "GET /api/v1/cart HTTP/1.1" 200 68 "http://localhost:3001/" "Mozilla/5.0 (Windows NT 10.0; Win64; x64) AppleWebKit/537.36 (KHTML, like Gecko) Chrome/120.0.0.0 Safari/537.36"

info: ::1 - - [23/Jan/2024:10:57:19 +0000] "GET /api/v1/cart HTTP/1.1" 304 - "http://localhost:3001/" "Mozilla/5.0 (Windows NT 10.0; Win64; x64) AppleWebKit/537.36 (KHTML, like Gecko) Chrome/120.0.0.0 Safari/537.36"

info: ::1 - - [23/Jan/2024:10:57:25 +0000] "GET /api/v1/books HTTP/1.1" 200 9285 "http://localhost:3001/" "Mozilla/5.0 (Windows NT 10.0; Win64; x64) AppleWebKit/537.36 (KHTML, like Gecko) Chrome/120.0.0.0 Safari/537.36"

info: ::1 - - [23/Jan/2024:10:57:25 +0000] "GET /api/v1/books HTTP/1.1" 304 - "http://localhost:3001/" "Mozilla/5.0 (Windows NT 10.0; Win64; x64) AppleWebKit/537.36 (KHTML, like Gecko) Chrome/120.0.0.0 Safari/537.36"

info: ::1 - - [23/Jan/2024:10:57:27 +0000] "GET /api/v1/books/6214803b05253301a4fda584 HTTP/1.1" 200 1335 "http://localhost:3001/" "Mozilla/5.0 (Windows NT 10.0; Win64; x64) AppleWebKit/537.36 (KHTML, like Gecko) Chrome/120.0.0.0 Safari/537.36"

info: ::1 - - [23/Jan/2024:10:57:27 +0000] "GET /api/v1/books/6214803b05253301a4fda584 HTTP/1.1" 304 - "http://localhost:3001/" "Mozilla/5.0 (Windows NT 10.0; Win64; x64) AppleWebKit/537.36 (KHTML, like Gecko) Chrome/120.0.0.0 Safari/537.36"

info: ::1 - - [23/Jan/2024:10:57:28 +0000] "POST /api/v1/cart/6214803b05253301a4fda584 HTTP/1.1" 201 161 "http://localhost:3001/" "Mozilla/5.0 (Windows NT 10.0; Win64; x64) AppleWebKit/537.36 (KHTML, like Gecko) Chrome/120.0.0.0 Safari/537.36"

info: ::1 - - [23/Jan/2024:10:57:30 +0000] "GET /api/v1/cart HTTP/1.1" 200 163 "http://localhost:3001/" "Mozilla/5.0 (Windows NT 10.0; Win64; x64) AppleWebKit/537.36 (KHTML, like Gecko) Chrome/120.0.0.0 Safari/537.36"

info: ::1 - - [23/Jan/2024:10:57:30 +0000] "GET /api/v1/cart HTTP/1.1" 304 - "http://localhost:3001/" "Mozilla/5.0 (Windows NT 10.0; Win64; x64) AppleWebKit/537.36 (KHTML, like Gecko) Chrome/120.0.0.0 Safari/537.36"

info: ::1 - - [23/Jan/2024:10:57:30 +0000] "GET /api/v1/books/6214803b05253301a4fda584 HTTP/1.1" 200 1335 "http://localhost:3001/" "Mozilla/5.0 (Windows NT 10.0; Win64; x64) AppleWebKit/537.36 (KHTML, like Gecko) Chrome/120.0.0.0 Safari/537.36"

info: ::1 - - [23/Jan/2024:10:57:30 +0000] "GET /api/v1/books/6214803b05253301a4fda584 HTTP/1.1" 304 - "http://localhost:3001/" "Mozilla/5.0 (Windows NT 10.0; Win64; x64) AppleWebKit/537.36 (KHTML, like Gecko) Chrome/120.0.0.0 Safari/537.36"

info: ::1 - - [23/Jan/2024:10:58:14 +0000] "POST /api/v1/cart/6214803b05253301a4fda584 HTTP/1.1" 201 161 "http://localhost:3001/" "Mozilla/5.0 (Windows NT 10.0; Win64; x64) AppleWebKit/537.36 (KHTML, like Gecko) Chrome/120.0.0.0 Safari/537.36"

info: ::1 - - [23/Jan/2024:11:01:25 +0000] "GET /api/v1/books/6214803b05253301a4fda584 HTTP/1.1" 200 1335 "http://localhost:3001/" "Mozilla/5.0 (Windows NT 10.0; Win64; x64) AppleWebKit/537.36 (KHTML, like Gecko) Chrome/120.0.0.0 Safari/537.36"

info: ::1 - - [23/Jan/2024:11:01:25 +0000] "GET /api/v1/books/6214803b05253301a4fda584 HTTP/1.1" 304 - "http://localhost:3001/" "Mozilla/5.0 (Windows NT 10.0; Win64; x64) AppleWebKit/537.36 (KHTML, like Gecko) Chrome/120.0.0.0 Safari/537.36"

info: ::1 - - [23/Jan/2024:11:01:26 +0000] "GET /api/v1/books HTTP/1.1" 200 9285 "http://localhost:3001/" "Mozilla/5.0 (Windows NT 10.0; Win64; x64) AppleWebKit/537.36 (KHTML, like Gecko) Chrome/120.0.0.0 Safari/537.36"

info: ::1 - - [23/Jan/2024:11:01:26 +0000] "GET /api/v1/books HTTP/1.1" 304 - "http://localhost:3001/" "Mozilla/5.0 (Windows NT 10.0; Win64; x64) AppleWebKit/537.36 (KHTML, like Gecko) Chrome/120.0.0.0 Safari/537.36"

info: ::1 - - [23/Jan/2024:11:03:19 +0000] "GET /api/v1/books/6214803b05253301a4fda584 HTTP/1.1" 304 - "http://localhost:3001/" "Mozilla/5.0 (Windows NT 10.0; Win64; x64) AppleWebKit/537.36 (KHTML, like Gecko) Chrome/120.0.0.0 Safari/537.36"

info: ::1 - - [23/Jan/2024:11:03:19 +0000] "GET /api/v1/books/6214803b05253301a4fda584 HTTP/1.1" 304 - "http://localhost:3001/" "Mozilla/5.0 (Windows NT 10.0; Win64; x64) AppleWebKit/537.36 (KHTML, like Gecko) Chrome/120.0.0.0 Safari/537.36"

info: ::1 - - [23/Jan/2024:11:04:51 +0000] "POST /api/v1/cart/6214803b05253301a4fda584 HTTP/1.1" 201 162 "http://localhost:3001/" "Mozilla/5.0 (Windows NT 10.0; Win64; x64) AppleWebKit/537.36 (KHTML, like Gecko) Chrome/120.0.0.0 Safari/537.36"

info: ::1 - - [23/Jan/2024:11:04:54 +0000] "GET /api/v1/cart HTTP/1.1" 200 164 "http://localhost:3001/" "Mozilla/5.0 (Windows NT 10.0; Win64; x64) AppleWebKit/537.36 (KHTML, like Gecko) Chrome/120.0.0.0 Safari/537.36"

info: ::1 - - [23/Jan/2024:11:04:54 +0000] "GET /api/v1/cart HTTP/1.1" 304 - "http://localhost:3001/" "Mozilla/5.0 (Windows NT 10.0; Win64; x64) AppleWebKit/537.36 (KHTML, like Gecko) Chrome/120.0.0.0 Safari/537.36"

info: ::1 - - [23/Jan/2024:11:04:54 +0000] "GET /api/v1/books/6214803b05253301a4fda584 HTTP/1.1" 200 1335 "http://localhost:3001/" "Mozilla/5.0 (Windows NT 10.0; Win64; x64) AppleWebKit/537.36 (KHTML, like Gecko) Chrome/120.0.0.0 Safari/537.36"

info: ::1 - - [23/Jan/2024:11:04:54 +0000] "GET /api/v1/books/6214803b05253301a4fda584 HTTP/1.1" 304 - "http://localhost:3001/" "Mozilla/5.0 (Windows NT 10.0; Win64; x64) AppleWebKit/537.36 (KHTML, like Gecko) Chrome/120.0.0.0 Safari/537.36"

info: ::1 - - [23/Jan/2024:11:07:34 +0000] "GET /api/v1/books/6214803b05253301a4fda584 HTTP/1.1" 304 - "http://localhost:3001/" "Mozilla/5.0 (Windows NT 10.0; Win64; x64) AppleWebKit/537.36 (KHTML, like Gecko) Chrome/120.0.0.0 Safari/537.36"

info: ::1 - - [23/Jan/2024:11:07:34 +0000] "GET /api/v1/books/6214803b05253301a4fda584 HTTP/1.1" 304 - "http://localhost:3001/" "Mozilla/5.0 (Windows NT 10.0; Win64; x64) AppleWebKit/537.36 (KHTML, like Gecko) Chrome/120.0.0.0 Safari/537.36"

info: ::1 - - [23/Jan/2024:11:07:35 +0000] "POST /api/v1/cart/6214803b05253301a4fda584 HTTP/1.1" 201 162 "http://localhost:3001/" "Mozilla/5.0 (Windows NT 10.0; Win64; x64) AppleWebKit/537.36 (KHTML, like Gecko) Chrome/120.0.0.0 Safari/537.36"

info: ::1 - - [23/Jan/2024:11:07:37 +0000] "GET /api/v1/cart HTTP/1.1" 200 164 "http://localhost:3001/" "Mozilla/5.0 (Windows NT 10.0; Win64; x64) AppleWebKit/537.36 (KHTML, like Gecko) Chrome/120.0.0.0 Safari/537.36"

info: ::1 - - [23/Jan/2024:11:07:37 +0000] "GET /api/v1/cart HTTP/1.1" 304 - "http://localhost:3001/" "Mozilla/5.0 (Windows NT 10.0; Win64; x64) AppleWebKit/537.36 (KHTML, like Gecko) Chrome/120.0.0.0 Safari/537.36"

info: ::1 - - [23/Jan/2024:11:07:37 +0000] "GET /api/v1/books/6214803b05253301a4fda584 HTTP/1.1" 200 1335 "http://localhost:3001/" "Mozilla/5.0 (Windows NT 10.0; Win64; x64) AppleWebKit/537.36 (KHTML, like Gecko) Chrome/120.0.0.0 Safari/537.36"

info: ::1 - - [23/Jan/2024:11:07:37 +0000] "GET /api/v1/books/6214803b05253301a4fda584 HTTP/1.1" 304 - "http://localhost:3001/" "Mozilla/5.0 (Windows NT 10.0; Win64; x64) AppleWebKit/537.36 (KHTML, like Gecko) Chrome/120.0.0.0 Safari/537.36"

info: ::1 - - [23/Jan/2024:11:11:13 +0000] "GET /api/v1/cart HTTP/1.1" 304 - "http://localhost:3001/" "Mozilla/5.0 (Windows NT 10.0; Win64; x64) AppleWebKit/537.36 (KHTML, like Gecko) Chrome/120.0.0.0 Safari/537.36"

info: ::1 - - [23/Jan/2024:11:11:13 +0000] "GET /api/v1/cart HTTP/1.1" 304 - "http://localhost:3001/" "Mozilla/5.0 (Windows NT 10.0; Win64; x64) AppleWebKit/537.36 (KHTML, like Gecko) Chrome/120.0.0.0 Safari/537.36"

info: ::1 - - [23/Jan/2024:11:11:13 +0000] "GET /api/v1/books/6214803b05253301a4fda584 HTTP/1.1" 304 - "http://localhost:3001/" "Mozilla/5.0 (Windows NT 10.0; Win64; x64) AppleWebKit/537.36 (KHTML, like Gecko) Chrome/120.0.0.0 Safari/537.36"

info: ::1 - - [23/Jan/2024:11:11:13 +0000] "GET /api/v1/books/6214803b05253301a4fda584 HTTP/1.1" 304 - "http://localhost:3001/" "Mozilla/5.0 (Windows NT 10.0; Win64; x64) AppleWebKit/537.36 (KHTML, like Gecko) Chrome/120.0.0.0 Safari/537.36"

info: ::1 - - [23/Jan/2024:16:17:26 +0000] "POST /api/v1/users/login HTTP/1.1" 201 212 "http://localhost:3001/" "Mozilla/5.0 (Windows NT 10.0; Win64; x64) AppleWebKit/537.36 (KHTML, like Gecko) Chrome/120.0.0.0 Safari/537.36"

info: ::1 - - [23/Jan/2024:16:17:57 +0000] "GET /api/v1/books HTTP/1.1" 200 9285 "http://localhost:3001/" "Mozilla/5.0 (Windows NT 10.0; Win64; x64) AppleWebKit/537.36 (KHTML, like Gecko) Chrome/120.0.0.0 Safari/537.36"

info: ::1 - - [23/Jan/2024:16:17:58 +0000] "GET /api/v1/books HTTP/1.1" 304 - "http://localhost:3001/" "Mozilla/5.0 (Windows NT 10.0; Win64; x64) AppleWebKit/537.36 (KHTML, like Gecko) Chrome/120.0.0.0 Safari/537.36"

info: ::1 - - [23/Jan/2024:16:18:05 +0000] "GET /api/v1/wishlist HTTP/1.1" 304 - "http://localhost:3001/" "Mozilla/5.0 (Windows NT 10.0; Win64; x64) AppleWebKit/537.36 (KHTML, like Gecko) Chrome/120.0.0.0 Safari/537.36"

info: ::1 - - [23/Jan/2024:16:18:05 +0000] "GET /api/v1/wishlist HTTP/1.1" 304 - "http://localhost:3001/" "Mozilla/5.0 (Windows NT 10.0; Win64; x64) AppleWebKit/537.36 (KHTML, like Gecko) Chrome/120.0.0.0 Safari/537.36"

info: ::1 - - [23/Jan/2024:16:18:05 +0000] "GET /api/v1/books/6215899f05253301a4fda5d7 HTTP/1.1" 304 - "http://localhost:3001/" "Mozilla/5.0 (Windows NT 10.0; Win64; x64) AppleWebKit/537.36 (KHTML, like Gecko) Chrome/120.0.0.0 Safari/537.36"

info: ::1 - - [23/Jan/2024:16:18:05 +0000] "GET /api/v1/books/6214803b05253301a4fda584 HTTP/1.1" 304 - "http://localhost:3001/" "Mozilla/5.0 (Windows NT 10.0; Win64; x64) AppleWebKit/537.36 (KHTML, like Gecko) Chrome/120.0.0.0 Safari/537.36"

info: ::1 - - [23/Jan/2024:16:18:05 +0000] "GET /api/v1/books/6215899f05253301a4fda5d7 HTTP/1.1" 304 - "http://localhost:3001/" "Mozilla/5.0 (Windows NT 10.0; Win64; x64) AppleWebKit/537.36 (KHTML, like Gecko) Chrome/120.0.0.0 Safari/537.36"

info: ::1 - - [23/Jan/2024:16:18:05 +0000] "GET /api/v1/books/6214803b05253301a4fda584 HTTP/1.1" 304 - "http://localhost:3001/" "Mozilla/5.0 (Windows NT 10.0; Win64; x64) AppleWebKit/537.36 (KHTML, like Gecko) Chrome/120.0.0.0 Safari/537.36"

info: ::1 - - [23/Jan/2024:16:29:00 +0000] "POST /api/v1/address HTTP/1.1" 201 320 "-" "PostmanRuntime/7.36.1"

